01-11-2006 09:50 -------------------------------------------       
01-11-2006 09:50 Delete AB39207      
01-11-2006 09:50 Account AB39207 is niet disabled!   
01-11-2006 09:50 -------------------------------------------       
01-11-2006 09:50 Delete AB59832      
01-11-2006 09:50 Account AB59832 is niet disabled!   
01-11-2006 09:50 -------------------------------------------       
01-11-2006 09:50 Delete AB72589      
01-11-2006 09:50 Account AB72589 is niet disabled!   
01-11-2006 09:50 -------------------------------------------       
01-11-2006 09:50 Delete AB79322      
01-11-2006 09:50 Account AB79322 is niet disabled!   
01-11-2006 09:50 -------------------------------------------       
01-11-2006 09:50 Delete AB83036      
01-11-2006 09:50 Account AB83036 is niet disabled!   
01-11-2006 09:50 -------------------------------------------       
01-11-2006 09:50 Delete AC33946      
01-11-2006 09:50 Account AC33946 is niet disabled!   
01-11-2006 09:50 -------------------------------------------       
01-11-2006 09:50 Delete AC58852      
01-11-2006 09:50 Account AC58852 is niet disabled!   
01-11-2006 09:50 -------------------------------------------       
01-11-2006 09:50 Delete AC79698      
01-11-2006 09:50 Account AC79698 is niet disabled!   
01-11-2006 09:50 -------------------------------------------       
01-11-2006 09:50 Delete AC82643      
01-11-2006 09:50 Account AC82643 is niet disabled!   
01-11-2006 09:50 -------------------------------------------       
01-11-2006 09:50 Delete ACE5051      
01-11-2006 09:50 Account ACE5051 is niet disabled!   
01-11-2006 09:50 -------------------------------------------       
01-11-2006 09:50 Delete AD72246      
01-11-2006 09:50 Account AD72246 is niet disabled!   
01-11-2006 09:50 -------------------------------------------       
01-11-2006 09:50 Delete AD82845      
01-11-2006 09:50 Account AD82845 is niet disabled!   
01-11-2006 09:50 -------------------------------------------       
01-11-2006 09:50 Delete adm1      
01-11-2006 09:50 Account adm1 is niet disabled!   
01-11-2006 09:50 -------------------------------------------       
01-11-2006 09:50 Delete AE37830      
01-11-2006 09:50 Account AE37830 is niet disabled!   
01-11-2006 09:50 -------------------------------------------       
01-11-2006 09:50 Delete AEE5043      
01-11-2006 09:50 Account AEE5043 is niet disabled!   
01-11-2006 09:50 -------------------------------------------       
01-11-2006 09:50 Delete AF38068      
01-11-2006 09:50 Account AF38068 is niet disabled!   
01-11-2006 09:50 -------------------------------------------       
01-11-2006 09:50 Delete AF57310      
01-11-2006 09:50 Account AF57310 is niet disabled!   
01-11-2006 09:50 -------------------------------------------       
01-11-2006 09:50 Delete AG38512      
01-11-2006 09:50 Account AG38512 is niet disabled!   
01-11-2006 09:50 -------------------------------------------       
01-11-2006 09:50 Delete AG39474      
01-11-2006 09:57 -------------------------------------------       
01-11-2006 09:57 Delete AB39207      
01-11-2006 09:57 Account AB39207 is niet disabled!   
01-11-2006 09:57 -------------------------------------------       
01-11-2006 09:57 Delete AB59832      
01-11-2006 09:57 Account AB59832 is niet disabled!   
01-11-2006 09:57 -------------------------------------------       
01-11-2006 09:57 Delete AB72589      
01-11-2006 09:57 Account AB72589 is niet disabled!   
01-11-2006 09:57 -------------------------------------------       
01-11-2006 09:57 Delete AB79322      
01-11-2006 09:57 Account AB79322 is niet disabled!   
01-11-2006 09:57 -------------------------------------------       
01-11-2006 09:57 Delete AB83036      
01-11-2006 09:57 Account AB83036 is niet disabled!   
01-11-2006 09:57 -------------------------------------------       
01-11-2006 09:57 Delete AC33946      
01-11-2006 09:57 Account AC33946 is niet disabled!   
01-11-2006 09:57 -------------------------------------------       
01-11-2006 09:57 Delete AC58852      
01-11-2006 09:57 Account AC58852 is niet disabled!   
01-11-2006 09:57 -------------------------------------------       
01-11-2006 09:57 Delete AC79698      
01-11-2006 09:57 Account AC79698 is niet disabled!   
01-11-2006 09:57 -------------------------------------------       
01-11-2006 09:57 Delete AC82643      
01-11-2006 09:57 Account AC82643 is niet disabled!   
01-11-2006 09:57 -------------------------------------------       
01-11-2006 09:57 Delete ACE5051      
01-11-2006 09:57 Account ACE5051 is niet disabled!   
01-11-2006 09:57 -------------------------------------------       
01-11-2006 09:57 Delete AD72246      
01-11-2006 09:57 Account AD72246 is niet disabled!   
01-11-2006 09:57 -------------------------------------------       
01-11-2006 09:57 Delete AD82845      
01-11-2006 10:11 -------------------------------------------       
01-11-2006 10:11 Delete AHE1172      
01-11-2006 10:11 Delete homedir \\S034\Data$\AHE1172     
01-11-2006 10:11 -------------------------------------------       
01-11-2006 10:11 Delete cn      
01-11-2006 10:11 Delete homedir \\S034\Data$\cn     
01-11-2006 10:11 -------------------------------------------       
01-11-2006 10:11 Delete DV83000      
01-11-2006 10:11 Delete homedir \\S034\Data$\DV83000     
01-11-2006 10:11 -------------------------------------------       
01-11-2006 10:11 Delete FK82729      
01-11-2006 10:11 Delete homedir \\S034\Data$\FK82729     
01-11-2006 10:11 -------------------------------------------       
01-11-2006 10:11 Delete LM57633      
01-11-2006 10:11 Delete homedir \\S034\Data$\LM57633     
01-11-2006 10:11 -------------------------------------------       
01-11-2006 10:11 Delete LS77726      
01-11-2006 10:11 Delete homedir \\S034\Data$\LS77726     
01-11-2006 10:11 -------------------------------------------       
01-11-2006 10:11 Delete NA82638      
01-11-2006 10:11 Delete homedir \\S034\Data$\NA82638     
01-11-2006 10:11 -------------------------------------------       
01-11-2006 10:11 Delete RH82006      
01-11-2006 10:11 Delete homedir \\S034\Data$\RH82006     
01-11-2006 10:11 -------------------------------------------       
01-11-2006 10:11 Delete TR75204      
01-11-2006 10:11 Delete homedir \\S034\Data$\TR75204     
01-11-2006 10:11 -------------------------------------------       
01-11-2006 10:11 Delete AHE1172      
01-11-2006 10:11 Delete homedir \\S034\Data$\AHE1172     
01-11-2006 10:11 -------------------------------------------       
01-11-2006 10:11 Delete cn      
01-11-2006 10:11 Delete homedir \\S034\Data$\cn     
01-11-2006 10:11 -------------------------------------------       
01-11-2006 10:11 Delete DV83000      
01-11-2006 10:11 Delete homedir \\S034\Data$\DV83000     
01-11-2006 10:11 -------------------------------------------       
01-11-2006 10:11 Delete FK82729      
01-11-2006 10:11 Delete homedir \\S034\Data$\FK82729     
01-11-2006 10:11 -------------------------------------------       
01-11-2006 10:11 Delete LM57633      
01-11-2006 10:11 Delete homedir \\S034\Data$\LM57633     
01-11-2006 10:11 -------------------------------------------       
01-11-2006 10:11 Delete LS77726      
01-11-2006 10:11 Delete homedir \\S034\Data$\LS77726     
01-11-2006 10:11 -------------------------------------------       
01-11-2006 10:11 Delete NA82638      
01-11-2006 10:11 Delete homedir \\S034\Data$\NA82638     
01-11-2006 10:11 -------------------------------------------       
01-11-2006 10:11 Delete RH82006      
01-11-2006 10:11 Delete homedir \\S034\Data$\RH82006     
01-11-2006 10:11 -------------------------------------------       
01-11-2006 10:11 Delete TR75204      
01-11-2006 10:11 Delete homedir \\S034\Data$\TR75204     
01-11-2006 10:12 -------------------------------------------       
01-11-2006 10:12 Delete AHE1172      
01-11-2006 10:12 Delete homedir \\S034\Data$\AHE1172     
Resetting attributes on files and folders in \\S034\Data$\AHE1172 
File not found - \\S034\Data$\AHE1172\*.*
Delete share \\S034\AHE1172$

The command completed successfully.
Delete folder \\S034\Data$\AHE1172
\\S034\Data$\AHE1172, Are you sure (Y/N)? y 
01-11-2006 10:12 -------------------------------------------       
01-11-2006 10:12 Delete cn      
01-11-2006 10:12 Delete homedir \\S034\Data$\cn     
Resetting attributes on files and folders in \\S034\Data$\cn 
File not found - \\S034\Data$\cn\*.*
Delete share \\S034\cn$

The command completed successfully.
Delete folder \\S034\Data$\cn
\\S034\Data$\cn, Are you sure (Y/N)? y 
01-11-2006 10:12 -------------------------------------------       
01-11-2006 10:12 Delete DV83000      
01-11-2006 10:12 Delete homedir \\S034\Data$\DV83000     
Resetting attributes on files and folders in \\S034\Data$\DV83000 
Delete share \\S034\DV83000$

The command completed successfully.
Delete folder \\S034\Data$\DV83000
\\S034\Data$\DV83000, Are you sure (Y/N)? y 
01-11-2006 10:12 -------------------------------------------       
01-11-2006 10:12 Delete FK82729      
01-11-2006 10:12 Delete homedir \\S034\Data$\FK82729     
Resetting attributes on files and folders in \\S034\Data$\FK82729 
Delete share \\S034\FK82729$

The command completed successfully.
Delete folder \\S034\Data$\FK82729
\\S034\Data$\FK82729, Are you sure (Y/N)? y 
01-11-2006 10:12 -------------------------------------------       
01-11-2006 10:12 Delete LM57633      
01-11-2006 10:12 Delete homedir \\S034\Data$\LM57633     
Resetting attributes on files and folders in \\S034\Data$\LM57633 
Delete share \\S034\LM57633$

The command completed successfully.
Delete folder \\S034\Data$\LM57633
\\S034\Data$\LM57633, Are you sure (Y/N)? y 
01-11-2006 10:12 -------------------------------------------       
01-11-2006 10:12 Delete LS77726      
01-11-2006 10:12 Delete homedir \\S034\Data$\LS77726     
Resetting attributes on files and folders in \\S034\Data$\LS77726 
Delete share \\S034\LS77726$

The command completed successfully.
Delete folder \\S034\Data$\LS77726
\\S034\Data$\LS77726, Are you sure (Y/N)? y 
01-11-2006 10:13 -------------------------------------------       
01-11-2006 10:13 Delete NA82638      
01-11-2006 10:13 Delete homedir \\S034\Data$\NA82638     
Resetting attributes on files and folders in \\S034\Data$\NA82638 
Delete share \\S034\NA82638$

The command completed successfully.
Delete folder \\S034\Data$\NA82638
\\S034\Data$\NA82638, Are you sure (Y/N)? y 
01-11-2006 10:13 -------------------------------------------       
01-11-2006 10:13 Delete RH82006      
01-11-2006 10:13 Delete homedir \\S034\Data$\RH82006     
Resetting attributes on files and folders in \\S034\Data$\RH82006 
Delete share \\S034\RH82006$

The command completed successfully.
Delete folder \\S034\Data$\RH82006
\\S034\Data$\RH82006, Are you sure (Y/N)? y 
01-11-2006 10:13 -------------------------------------------       
01-11-2006 10:13 Delete TR75204      
01-11-2006 10:13 Delete homedir \\S034\Data$\TR75204     
Resetting attributes on files and folders in \\S034\Data$\TR75204 
Delete share \\S034\TR75204$

The command completed successfully.
Delete folder \\S034\Data$\TR75204
\\S034\Data$\TR75204, Are you sure (Y/N)? y 
