20080526-115557 : a01adm ; %UserProfileCitrix%\a01adm
20080526-115557 : a10adm ; %UserProfileCitrix%\a10adm
20080526-115558 : AB39207 ; %UserProfileCitrix%\AB39207
20080526-115558 : AB72589 ; %UserProfileCitrix%\AB72589
20080526-115559 : AB79322 ; %UserProfileCitrix%\AB79322
20080526-115559 : AB83036 ; %UserProfileCitrix%\AB83036
20080526-115559 : ABE1863 ; %UserProfileCitrix%\ABE1863
20080526-115600 : AC82643 ; %UserProfileCitrix%\AC82643
20080526-115600 : ACE5051 ; %UserProfileCitrix%\ACE5051
20080526-115601 : AD72246 ; %UserProfileCitrix%\AD72246
20080526-115601 : AD82845 ; %UserProfileCitrix%\AD82845
20080526-115601 : add2domain ; %UserProfileCitrix%\add2domain
20080526-115602 : adm1 ; %UserProfileCitrix%\adm1
20080526-115602 : adm2 ; %UserProfileCitrix%\adm2
20080526-115602 : Admin ; %UserProfileCitrix%\Admin
20080526-115603 : Administrator ; %UserProfileCitrix%\Administrator
20080526-115603 : AdmWRKS ; %UserProfileCitrix%\AdmWRKS
20080526-115603 : AEE5043 ; %UserProfileCitrix%\AEE5043
20080526-115604 : AF38068 ; %UserProfileCitrix%\AF38068
20080526-115604 : AF57310 ; %UserProfileCitrix%\AF57310
20080526-115604 : AG38512 ; %UserProfileCitrix%\AG38512
20080526-115605 : AG39474 ; %UserProfileCitrix%\AG39474
20080526-115605 : AG58139 ; %UserProfileCitrix%\AG58139
20080526-115606 : AG76751 ; %UserProfileCitrix%\AG76751
20080526-115606 : AG78035 ; %UserProfileCitrix%\AG78035
20080526-115606 : AGE0572 ; %UserProfileCitrix%\AGE0572
20080526-115607 : AGE5087 ; %UserProfileCitrix%\AGE5087
20080526-115607 : AH75838 ; %UserProfileCitrix%\AH75838
20080526-115607 : AH76388 ; %UserProfileCitrix%\AH76388
20080526-115608 : AH80683 ; %UserProfileCitrix%\AH80683
20080526-115608 : AH90319 ; %UserProfileCitrix%\AH90319
20080526-115608 : AHE1567 ; %UserProfileCitrix%\AHE1567
20080526-115609 : aj1adm ; %UserProfileCitrix%\aj1adm
20080526-115609 : AJ75432 ; %UserProfileCitrix%\AJ75432
20080526-115610 : AJ77325 ; %UserProfileCitrix%\AJ77325
20080526-115610 : AK38042 ; %UserProfileCitrix%\AK38042
20080526-115610 : AK39360 ; %UserProfileCitrix%\AK39360
20080526-115611 : AK72616 ; %UserProfileCitrix%\AK72616
20080526-115611 : AK78487 ; %UserProfileCitrix%\AK78487
20080526-115611 : AK79540 ; %UserProfileCitrix%\AK79540
20080526-115612 : AKE0666 ; %UserProfileCitrix%\AKE0666
20080526-115612 : AKE1809 ; %UserProfileCitrix%\AKE1809
20080526-115612 : ERROR: AKE1894 ; \\S060\CTXPROF$\AKE1894
20080526-115613 : AKE5048 ; %UserProfileCitrix%\AKE5048
20080526-115613 : AL33873 ; %UserProfileCitrix%\AL33873
20080526-115613 : AL57521 ; %UserProfileCitrix%\AL57521
20080526-115614 : AL82211 ; %UserProfileCitrix%\AL82211
20080526-115614 : AM29418 ; %UserProfileCitrix%\AM29418
20080526-115615 : AM75003 ; %UserProfileCitrix%\AM75003
20080526-115615 : AM75881 ; %UserProfileCitrix%\AM75881
20080526-115615 : AM76858 ; %UserProfileCitrix%\AM76858
20080526-115616 : AM77046 ; %UserProfileCitrix%\AM77046
20080526-115616 : AM78665 ; %UserProfileCitrix%\AM78665
20080526-115616 : AN75605 ; %UserProfileCitrix%\AN75605
20080526-115617 : AO38293 ; %UserProfileCitrix%\AO38293
20080526-115617 : AP58476 ; %UserProfileCitrix%\AP58476
20080526-115617 : AP78703 ; %UserProfileCitrix%\AP78703
20080526-115618 : APOLLOH1 ; %UserProfileCitrix%\APOLLOH1
20080526-115618 : APOLLOH2 ; %UserProfileCitrix%\APOLLOH2
20080526-115619 : APOLLOH3 ; %UserProfileCitrix%\APOLLOH3
20080526-115619 : apollosched ; %UserProfileCitrix%\apollosched
20080526-115619 : Apollowasservice ; %UserProfileCitrix%\Apollowasservice
20080526-115620 : APS_A_Service ; %UserProfileCitrix%\APS_A_Service
20080526-115620 : APS_I_Service ; %UserProfileCitrix%\APS_I_Service
20080526-115620 : APS_P_Service ; %UserProfileCitrix%\APS_P_Service
20080526-115621 : AR18190 ; %UserProfileCitrix%\AR18190
20080526-115621 : AR38106 ; %UserProfileCitrix%\AR38106
20080526-115622 : AR77244 ; %UserProfileCitrix%\AR77244
20080526-115622 : AR77371 ; %UserProfileCitrix%\AR77371
20080526-115622 : AS26378 ; %UserProfileCitrix%\AS26378
20080526-115623 : AS77324 ; %UserProfileCitrix%\AS77324
20080526-115623 : AS77966 ; %UserProfileCitrix%\AS77966
20080526-115623 : AS79186 ; %UserProfileCitrix%\AS79186
20080526-115624 : AS79415 ; %UserProfileCitrix%\AS79415
20080526-115624 : AS82550 ; %UserProfileCitrix%\AS82550
20080526-115625 : ASE1721 ; %UserProfileCitrix%\ASE1721
20080526-115625 : ASE5080 ; %UserProfileCitrix%\ASE5080
20080526-115625 : AT78270 ; %UserProfileCitrix%\AT78270
20080526-115626 : ATOS01 ; %UserProfileCitrix%\ATOS01
20080526-115626 : AV35719 ; %UserProfileCitrix%\AV35719
20080526-115626 : AV89094 ; %UserProfileCitrix%\AV89094
20080526-115627 : aw1adm ; %UserProfileCitrix%\aw1adm
20080526-115627 : AW57422 ; %UserProfileCitrix%\AW57422
20080526-115627 : AWE5086 ; %UserProfileCitrix%\AWE5086
20080526-115628 : BB72486 ; %UserProfileCitrix%\BB72486
20080526-115628 : BBE1860 ; %UserProfileCitrix%\BBE1860
20080526-115629 : BBE1883 ; %UserProfileCitrix%\BBE1883
20080526-115629 : BC81276 ; %UserProfileCitrix%\BC81276
20080526-115629 : BCE1808 ; %UserProfileCitrix%\BCE1808
20080526-115630 : ERROR: BE39021 ; \\S060\CTXPROF$\BE39021
20080526-115630 : ERROR: BE89021 ; \\S060\CTXPROF$\BE89021
20080526-115630 : BFE1171 ; %UserProfileCitrix%\BFE1171
20080526-115631 : BG35664 ; %UserProfileCitrix%\BG35664
20080526-115631 : ERROR: BGC361 ; \\S060\CTXPROF$\BGC361
20080526-115631 : ERROR: BGR3A1 ; \\S060\CTXPROF$\BGR3A1
20080526-115632 : ERROR: BGR3X1 ; \\S060\CTXPROF$\BGR3X1
20080526-115632 : ERROR: BGR3X2 ; \\S060\CTXPROF$\BGR3X2
20080526-115633 : BH56590 ; %UserProfileCitrix%\BH56590
20080526-115633 : BH77663 ; %UserProfileCitrix%\BH77663
20080526-115633 : BH78630 ; %UserProfileCitrix%\BH78630
20080526-115634 : BHE5092 ; %UserProfileCitrix%\BHE5092
20080526-115634 : BJ82624 ; %UserProfileCitrix%\BJ82624
20080526-115634 : BK77913 ; %UserProfileCitrix%\BK77913
20080526-115635 : BL79231 ; %UserProfileCitrix%\BL79231
20080526-115635 : BM81013 ; %UserProfileCitrix%\BM81013
20080526-115636 : Boardroom ; %UserProfileCitrix%\Boardroom
20080526-115636 : BODYMON ; %UserProfileCitrix%\BODYMON
20080526-115636 : BP34445 ; %UserProfileCitrix%\BP34445
20080526-115637 : BP39686 ; %UserProfileCitrix%\BP39686
20080526-115637 : BP77697 ; %UserProfileCitrix%\BP77697
20080526-115637 : BPE1832 ; %UserProfileCitrix%\BPE1832
20080526-115638 : BRE1815 ; %UserProfileCitrix%\BRE1815
20080526-115638 : BS76515 ; %UserProfileCitrix%\BS76515
20080526-115638 : BV72963 ; %UserProfileCitrix%\BV72963
20080526-115639 : BW75207 ; %UserProfileCitrix%\BW75207
20080526-115639 : BWE1377 ; %UserProfileCitrix%\BWE1377
20080526-115640 : CA78604 ; %UserProfileCitrix%\CA78604
20080526-115640 : CB37528 ; %UserProfileCitrix%\CB37528
20080526-115640 : CB39133 ; %UserProfileCitrix%\CB39133
20080526-115641 : CB57542 ; %UserProfileCitrix%\CB57542
20080526-115641 : CB59569 ; %UserProfileCitrix%\CB59569
20080526-115641 : CB77160 ; %UserProfileCitrix%\CB77160
20080526-115642 : CBE1800 ; %UserProfileCitrix%\CBE1800
20080526-115642 : CC76806 ; %UserProfileCitrix%\CC76806
20080526-115642 : CC76912 ; %UserProfileCitrix%\CC76912
20080526-115643 : CD34430 ; %UserProfileCitrix%\CD34430
20080526-115643 : CD57573 ; %UserProfileCitrix%\CD57573
20080526-115644 : CD58508 ; %UserProfileCitrix%\CD58508
20080526-115644 : CE72859 ; %UserProfileCitrix%\CE72859
20080526-115644 : CG77955 ; %UserProfileCitrix%\CG77955
20080526-115645 : CH79242 ; %UserProfileCitrix%\CH79242
20080526-115645 : CH79843 ; %UserProfileCitrix%\CH79843
20080526-115646 : CHE1688 ; %UserProfileCitrix%\CHE1688
20080526-115646 : Citrix_scheduler ; %UserProfileCitrix%\Citrix_scheduler
20080526-115646 : citrixkpn ; %UserProfileCitrix%\citrixkpn
20080526-115647 : CK76569 ; %UserProfileCitrix%\CK76569
20080526-115647 : CL76468 ; %UserProfileCitrix%\CL76468
20080526-115647 : CL78648 ; %UserProfileCitrix%\CL78648
20080526-115648 : CLE1810 ; %UserProfileCitrix%\CLE1810
20080526-115648 : clusterMTS ; %UserProfileCitrix%\clusterMTS
20080526-115649 : clusterservice ; %UserProfileCitrix%\clusterservice
20080526-115649 : clx_p2002_P ; %UserProfileCitrix%\clx_p2002_P
20080526-115649 : CM36074 ; %UserProfileCitrix%\CM36074
20080526-115650 : CM54999 ; %UserProfileCitrix%\CM54999
20080526-115650 : CME0748 ; %UserProfileCitrix%\CME0748
20080526-115651 : CN57578 ; %UserProfileCitrix%\CN57578
20080526-115651 : Connect-cont-service ; %UserProfileCitrix%\Connect-cont-service
20080526-115651 : CP38537 ; %UserProfileCitrix%\CP38537
20080526-115652 : CP57899 ; %UserProfileCitrix%\CP57899
20080526-115652 : CPE1764 ; %UserProfileCitrix%\CPE1764
20080526-115652 : CRE5006 ; %UserProfileCitrix%\CRE5006
20080526-115653 : CS34515 ; %UserProfileCitrix%\CS34515
20080526-115653 : CS56826 ; %UserProfileCitrix%\CS56826
20080526-115653 : CS77504 ; %UserProfileCitrix%\CS77504
20080526-115654 : CS80908 ; %UserProfileCitrix%\CS80908
20080526-115654 : CSE5072 ; %UserProfileCitrix%\CSE5072
20080526-115654 : CT39274 ; %UserProfileCitrix%\CT39274
20080526-115655 : ctm-user ; %UserProfileCitrix%\ctm-user
20080526-115655 : CURB001 ; %UserProfileCitrix%\CURB001
20080526-115655 : CURB002 ; %UserProfileCitrix%\CURB002
20080526-115656 : CURB003 ; %UserProfileCitrix%\CURB003
20080526-115656 : CURB004 ; %UserProfileCitrix%\CURB004
20080526-115657 : CURB005 ; %UserProfileCitrix%\CURB005
20080526-115657 : CURB006 ; %UserProfileCitrix%\CURB006
20080526-115657 : CURB007 ; %UserProfileCitrix%\CURB007
20080526-115658 : CURB008 ; %UserProfileCitrix%\CURB008
20080526-115658 : CURB009 ; %UserProfileCitrix%\CURB009
20080526-115658 : CURB010 ; %UserProfileCitrix%\CURB010
20080526-115659 : CURB011 ; %UserProfileCitrix%\CURB011
20080526-115659 : CURB012 ; %UserProfileCitrix%\CURB012
20080526-115659 : CURB013 ; %UserProfileCitrix%\CURB013
20080526-115700 : CURB014 ; %UserProfileCitrix%\CURB014
20080526-115700 : CURB015 ; %UserProfileCitrix%\CURB015
20080526-115701 : CVE1796 ; %UserProfileCitrix%\CVE1796
20080526-115701 : CW28029 ; %UserProfileCitrix%\CW28029
20080526-115701 : d01adm ; %UserProfileCitrix%\d01adm
20080526-115702 : d10adm ; %UserProfileCitrix%\d10adm
20080526-115702 : Datos ; %UserProfileCitrix%\Datos
20080526-115702 : DC75978 ; %UserProfileCitrix%\DC75978
20080526-115703 : DD39254 ; %UserProfileCitrix%\DD39254
20080526-115703 : DDE1864 ; %UserProfileCitrix%\DDE1864
20080526-115703 : DDE1880 ; %UserProfileCitrix%\DDE1880
20080526-115704 : DF79613 ; %UserProfileCitrix%\DF79613
20080526-115704 : DHCPuser ; %UserProfileCitrix%\DHCPuser
20080526-115704 : DHE0576 ; %UserProfileCitrix%\DHE0576
20080526-115705 : DHE5053 ; %UserProfileCitrix%\DHE5053
20080526-115705 : DJE1690 ; %UserProfileCitrix%\DJE1690
20080526-115706 : DK78324 ; %UserProfileCitrix%\DK78324
20080526-115706 : DKE1870 ; %UserProfileCitrix%\DKE1870
20080526-115706 : DM38927 ; %UserProfileCitrix%\DM38927
20080526-115707 : DME1848 ; %UserProfileCitrix%\DME1848
20080526-115707 : DP82232 ; %UserProfileCitrix%\DP82232
20080526-115708 : DS39927 ; %UserProfileCitrix%\DS39927
20080526-115708 : DT81148 ; %UserProfileCitrix%\DT81148
20080526-115708 : DTMService ; %UserProfileCitrix%\DTMService
20080526-115709 : DV83573 ; %UserProfileCitrix%\DV83573
20080526-115709 : DVE1855 ; %UserProfileCitrix%\DVE1855
20080526-115709 : EA58661 ; %UserProfileCitrix%\EA58661
20080526-115710 : EB35099 ; %UserProfileCitrix%\EB35099
20080526-115710 : EB78197 ; %UserProfileCitrix%\EB78197
20080526-115710 : EB78626 ; %UserProfileCitrix%\EB78626
20080526-115711 : EB78840 ; %UserProfileCitrix%\EB78840
20080526-115711 : EBE0635 ; %UserProfileCitrix%\EBE0635
20080526-115711 : EBE1773 ; %UserProfileCitrix%\EBE1773
20080526-115712 : EC75558 ; %UserProfileCitrix%\EC75558
20080526-115712 : EC80659 ; %UserProfileCitrix%\EC80659
20080526-115713 : EC82818 ; %UserProfileCitrix%\EC82818
20080526-115713 : ED79135 ; %UserProfileCitrix%\ED79135
20080526-115713 : ED82987 ; %UserProfileCitrix%\ED82987
20080526-115714 : EDE1875 ; %UserProfileCitrix%\EDE1875
20080526-115714 : EDI-Cluster ; %UserProfileCitrix%\EDI-Cluster
20080526-115714 : EDIprod ; %UserProfileCitrix%\EDIprod
20080526-115715 : EF90305 ; %UserProfileCitrix%\EF90305
20080526-115715 : EG29437 ; %UserProfileCitrix%\EG29437
20080526-115715 : EGE5044 ; %UserProfileCitrix%\EGE5044
20080526-115716 : EH77539 ; %UserProfileCitrix%\EH77539
20080526-115716 : EH78932 ; %UserProfileCitrix%\EH78932
20080526-115717 : EHE1799 ; %UserProfileCitrix%\EHE1799
20080526-115717 : EJ77332 ; %UserProfileCitrix%\EJ77332
20080526-115717 : EKE1386 ; %UserProfileCitrix%\EKE1386
20080526-115718 : EM58634 ; %UserProfileCitrix%\EM58634
20080526-115718 : EM77503 ; %UserProfileCitrix%\EM77503
20080526-115718 : EP30546 ; %UserProfileCitrix%\EP30546
20080526-115719 : EP76513 ; %UserProfileCitrix%\EP76513
20080526-115719 : EP77461 ; %UserProfileCitrix%\EP77461
20080526-115719 : ES34165 ; %UserProfileCitrix%\ES34165
20080526-115720 : ES37929 ; %UserProfileCitrix%\ES37929
20080526-115720 : ES57695 ; %UserProfileCitrix%\ES57695
20080526-115720 : ES78821 ; %UserProfileCitrix%\ES78821
20080526-115721 : ES79392 ; %UserProfileCitrix%\ES79392
20080526-115721 : EVE1700 ; %UserProfileCitrix%\EVE1700
20080526-115722 : EW77628 ; %UserProfileCitrix%\EW77628
20080526-115722 : EYE0001 ; %UserProfileCitrix%\EYE0001
20080526-115722 : EYE0002 ; %UserProfileCitrix%\EYE0002
20080526-115723 : FA75664 ; %UserProfileCitrix%\FA75664
20080526-115723 : FB36673 ; %UserProfileCitrix%\FB36673
20080526-115723 : FB58758 ; %UserProfileCitrix%\FB58758
20080526-115724 : FB59222 ; %UserProfileCitrix%\FB59222
20080526-115724 : FB82028 ; %UserProfileCitrix%\FB82028
20080526-115725 : FBE1776 ; %UserProfileCitrix%\FBE1776
20080526-115725 : FC57224 ; %UserProfileCitrix%\FC57224
20080526-115725 : FC78716 ; %UserProfileCitrix%\FC78716
20080526-115726 : FD39404 ; %UserProfileCitrix%\FD39404
20080526-115726 : FD75048 ; %UserProfileCitrix%\FD75048
20080526-115726 : FD77686 ; %UserProfileCitrix%\FD77686
20080526-115727 : FD79822 ; %UserProfileCitrix%\FD79822
20080526-115727 : FDE1678 ; %UserProfileCitrix%\FDE1678
20080526-115727 : FF78621 ; %UserProfileCitrix%\FF78621
20080526-115728 : FG39004 ; %UserProfileCitrix%\FG39004
20080526-115728 : FG78756 ; %UserProfileCitrix%\FG78756
20080526-115728 : FG80842 ; %UserProfileCitrix%\FG80842
20080526-115729 : FGE5063 ; %UserProfileCitrix%\FGE5063
20080526-115729 : ERROR: FGM051 ; \\S060\CTXPROF$\FGM051
20080526-115729 : ERROR: FGM651 ; \\S060\CTXPROF$\FGM651
20080526-115730 : ERROR: FGR3A1 ; \\S060\CTXPROF$\FGR3A1
20080526-115730 : ERROR: FGR3A2 ; \\S060\CTXPROF$\FGR3A2
20080526-115730 : ERROR: FGR3X1 ; \\S060\CTXPROF$\FGR3X1
20080526-115731 : ERROR: FGR3X2 ; \\S060\CTXPROF$\FGR3X2
20080526-115731 : ERROR: FGR3X3 ; \\S060\CTXPROF$\FGR3X3
20080526-115732 : FH38336 ; %UserProfileCitrix%\FH38336
20080526-115732 : FH39244 ; %UserProfileCitrix%\FH39244
20080526-115732 : FH56993 ; %UserProfileCitrix%\FH56993
20080526-115733 : FH77138 ; %UserProfileCitrix%\FH77138
20080526-115733 : FHE0570 ; %UserProfileCitrix%\FHE0570
20080526-115733 : FK76362 ; %UserProfileCitrix%\FK76362
20080526-115734 : FL77543 ; %UserProfileCitrix%\FL77543
20080526-115734 : FM37154 ; %UserProfileCitrix%\FM37154
20080526-115734 : FM77373 ; %UserProfileCitrix%\FM77373
20080526-115735 : FN79907 ; %UserProfileCitrix%\FN79907
20080526-115735 : FP76663 ; %UserProfileCitrix%\FP76663
20080526-115736 : FR78894 ; %UserProfileCitrix%\FR78894
20080526-115736 : FR90320 ; %UserProfileCitrix%\FR90320
20080526-115736 : FS38752 ; %UserProfileCitrix%\FS38752
20080526-115737 : FS58022 ; %UserProfileCitrix%\FS58022
20080526-115737 : FS76764 ; %UserProfileCitrix%\FS76764
20080526-115738 : FS76796 ; %UserProfileCitrix%\FS76796
20080526-115738 : FS77390 ; %UserProfileCitrix%\FS77390
20080526-115738 : FSE0557 ; %UserProfileCitrix%\FSE0557
20080526-115739 : ERROR: FSE1890 ; \\S060\CTXPROF$\FSE1890
20080526-115739 : FT72979 ; %UserProfileCitrix%\FT72979
20080526-115739 : FT78308 ; %UserProfileCitrix%\FT78308
20080526-115740 : FTE1767 ; %UserProfileCitrix%\FTE1767
20080526-115740 : FTP-Distributer ; %UserProfileCitrix%\FTP-Distributer
20080526-115740 : FU75180 ; %UserProfileCitrix%\FU75180
20080526-115741 : FW37976 ; %UserProfileCitrix%\FW37976
20080526-115741 : FW77323 ; %UserProfileCitrix%\FW77323
20080526-115741 : FW78893 ; %UserProfileCitrix%\FW78893
20080526-115742 : FW82736 ; %UserProfileCitrix%\FW82736
20080526-115742 : GA58496 ; %UserProfileCitrix%\GA58496
20080526-115743 : GB77730 ; %UserProfileCitrix%\GB77730
20080526-115743 : GB82005 ; %UserProfileCitrix%\GB82005
20080526-115743 : GB89059 ; %UserProfileCitrix%\GB89059
20080526-115744 : GBE0430 ; %UserProfileCitrix%\GBE0430
20080526-115744 : GBE5005 ; %UserProfileCitrix%\GBE5005
20080526-115744 : GDE1772 ; %UserProfileCitrix%\GDE1772
20080526-115745 : GE75984 ; %UserProfileCitrix%\GE75984
20080526-115745 : GFE1873 ; %UserProfileCitrix%\GFE1873
20080526-115745 : GG78395 ; %UserProfileCitrix%\GG78395
20080526-115746 : GG90006 ; %UserProfileCitrix%\GG90006
20080526-115746 : GH72499 ; %UserProfileCitrix%\GH72499
20080526-115747 : GH75750 ; %UserProfileCitrix%\GH75750
20080526-115747 : GH81586 ; %UserProfileCitrix%\GH81586
20080526-115747 : GJ58488 ; %UserProfileCitrix%\GJ58488
20080526-115748 : GJ83586 ; %UserProfileCitrix%\GJ83586
20080526-115748 : GK25370 ; %UserProfileCitrix%\GK25370
20080526-115748 : GK38647 ; %UserProfileCitrix%\GK38647
20080526-115749 : GK57600 ; %UserProfileCitrix%\GK57600
20080526-115749 : GK72611 ; %UserProfileCitrix%\GK72611
20080526-115749 : GK75683 ; %UserProfileCitrix%\GK75683
20080526-115750 : GKE5093 ; %UserProfileCitrix%\GKE5093
20080526-115750 : GLE1740 ; %UserProfileCitrix%\GLE1740
20080526-115750 : GM38037 ; %UserProfileCitrix%\GM38037
20080526-115751 : GM77357 ; %UserProfileCitrix%\GM77357
20080526-115751 : GME0637 ; %UserProfileCitrix%\GME0637
20080526-115752 : GME1816 ; %UserProfileCitrix%\GME1816
20080526-115752 : GME1817 ; %UserProfileCitrix%\GME1817
20080526-115752 : GN81992 ; %UserProfileCitrix%\GN81992
20080526-115753 : GP32949 ; %UserProfileCitrix%\GP32949
20080526-115753 : GP59087 ; %UserProfileCitrix%\GP59087
20080526-115753 : GP75828 ; %UserProfileCitrix%\GP75828
20080526-115754 : GP77202 ; %UserProfileCitrix%\GP77202
20080526-115754 : GPE1422 ; %UserProfileCitrix%\GPE1422
20080526-115754 : GPR01 ; %UserProfileCitrix%\GPR01
20080526-115755 : GPR_Wsus_sql ; %UserProfileCitrix%\GPR_Wsus_sql
20080526-115755 : GRE1684 ; %UserProfileCitrix%\GRE1684
20080526-115755 : GRE1828 ; %UserProfileCitrix%\GRE1828
20080526-115756 : ERROR: GRE1887 ; \\S060\CTXPROF$\GRE1887
20080526-115756 : GS76752 ; %UserProfileCitrix%\GS76752
20080526-115757 : GS77163 ; %UserProfileCitrix%\GS77163
20080526-115757 : GS79070 ; %UserProfileCitrix%\GS79070
20080526-115757 : GT35380 ; %UserProfileCitrix%\GT35380
20080526-115758 : Guest ; %UserProfileCitrix%\Guest
20080526-115758 : GV54696 ; %UserProfileCitrix%\GV54696
20080526-115758 : GVE1450 ; %UserProfileCitrix%\GVE1450
20080526-115759 : GVE1824 ; %UserProfileCitrix%\GVE1824
20080526-115759 : GW59153 ; %UserProfileCitrix%\GW59153
20080526-115759 : GZ39014 ; %UserProfileCitrix%\GZ39014
20080526-115800 : HA38314 ; %UserProfileCitrix%\HA38314
20080526-115800 : HA73510 ; %UserProfileCitrix%\HA73510
20080526-115800 : HA79781 ; %UserProfileCitrix%\HA79781
20080526-115801 : HA89051 ; %UserProfileCitrix%\HA89051
20080526-115801 : HA89055 ; %UserProfileCitrix%\HA89055
20080526-115802 : HAE1785 ; %UserProfileCitrix%\HAE1785
20080526-115802 : HAE1801 ; %UserProfileCitrix%\HAE1801
20080526-115802 : HB38316 ; %UserProfileCitrix%\HB38316
20080526-115803 : HB58419 ; %UserProfileCitrix%\HB58419
20080526-115803 : HB72018 ; %UserProfileCitrix%\HB72018
20080526-115803 : HB77203 ; %UserProfileCitrix%\HB77203
20080526-115804 : HB77513 ; %UserProfileCitrix%\HB77513
20080526-115804 : HBE1602 ; %UserProfileCitrix%\HBE1602
20080526-115804 : HC77567 ; %UserProfileCitrix%\HC77567
20080526-115805 : HD39936 ; %UserProfileCitrix%\HD39936
20080526-115805 : HD59189 ; %UserProfileCitrix%\HD59189
20080526-115805 : HD76628 ; %UserProfileCitrix%\HD76628
20080526-115806 : HD77028 ; %UserProfileCitrix%\HD77028
20080526-115806 : HDE1859 ; %UserProfileCitrix%\HDE1859
20080526-115807 : HE72867 ; %UserProfileCitrix%\HE72867
20080526-115807 : HE73089 ; %UserProfileCitrix%\HE73089
20080526-115807 : HF77094 ; %UserProfileCitrix%\HF77094
20080526-115808 : HF77375 ; %UserProfileCitrix%\HF77375
20080526-115808 : HG34112 ; %UserProfileCitrix%\HG34112
20080526-115809 : HG38211 ; %UserProfileCitrix%\HG38211
20080526-115809 : HG78006 ; %UserProfileCitrix%\HG78006
20080526-115809 : HH35665 ; %UserProfileCitrix%\HH35665
20080526-115810 : HH36061 ; %UserProfileCitrix%\HH36061
20080526-115810 : ERROR: HH37136 ; \\S060\CTXPROF$\HH37136
20080526-115810 : HH37766 ; %UserProfileCitrix%\HH37766
20080526-115811 : HH38926 ; %UserProfileCitrix%\HH38926
20080526-115811 : HH56593 ; %UserProfileCitrix%\HH56593
20080526-115811 : HH59847 ; %UserProfileCitrix%\HH59847
20080526-115812 : HH72467 ; %UserProfileCitrix%\HH72467
20080526-115812 : HH75532 ; %UserProfileCitrix%\HH75532
20080526-115812 : HH78284 ; %UserProfileCitrix%\HH78284
20080526-115813 : HJ38405 ; %UserProfileCitrix%\HJ38405
20080526-115813 : HJ38679 ; %UserProfileCitrix%\HJ38679
20080526-115814 : HK19878 ; %UserProfileCitrix%\HK19878
20080526-115814 : HK38547 ; %UserProfileCitrix%\HK38547
20080526-115814 : HK72029 ; %UserProfileCitrix%\HK72029
20080526-115815 : HK76945 ; %UserProfileCitrix%\HK76945
20080526-115815 : HK77209 ; %UserProfileCitrix%\HK77209
20080526-115815 : HK78159 ; %UserProfileCitrix%\HK78159
20080526-115816 : HK82633 ; %UserProfileCitrix%\HK82633
20080526-115816 : HKE1545 ; %UserProfileCitrix%\HKE1545
20080526-115816 : HKE1811 ; %UserProfileCitrix%\HKE1811
20080526-115817 : HL37838 ; %UserProfileCitrix%\HL37838
20080526-115817 : HL77918 ; %UserProfileCitrix%\HL77918
20080526-115818 : HM37866 ; %UserProfileCitrix%\HM37866
20080526-115818 : HM37951 ; %UserProfileCitrix%\HM37951
20080526-115818 : HM38514 ; %UserProfileCitrix%\HM38514
20080526-115819 : HM38980 ; %UserProfileCitrix%\HM38980
20080526-115819 : HM55236 ; %UserProfileCitrix%\HM55236
20080526-115819 : HM57374 ; %UserProfileCitrix%\HM57374
20080526-115820 : HM59947 ; %UserProfileCitrix%\HM59947
20080526-115820 : HM78849 ; %UserProfileCitrix%\HM78849
20080526-115820 : HO82062 ; %UserProfileCitrix%\HO82062
20080526-115821 : ERROR: HO90328 ; \\S060\CTXPROF$\HO90328
20080526-115821 : HOTMRP1 ; %UserProfileCitrix%\HOTMRP1
20080526-115821 : HOTMRP2 ; %UserProfileCitrix%\HOTMRP2
20080526-115822 : HP33668 ; %UserProfileCitrix%\HP33668
20080526-115822 : HP37141 ; %UserProfileCitrix%\HP37141
20080526-115823 : HP39008 ; %UserProfileCitrix%\HP39008
20080526-115823 : HP77052 ; %UserProfileCitrix%\HP77052
20080526-115823 : HP77333 ; %UserProfileCitrix%\HP77333
20080526-115824 : HP79329 ; %UserProfileCitrix%\HP79329
20080526-115824 : hpsim-service ; %UserProfileCitrix%\hpsim-service
20080526-115824 : hpvcrm ; %UserProfileCitrix%\hpvcrm
20080526-115825 : HPVCRMUpdate ; %UserProfileCitrix%\HPVCRMUpdate
20080526-115825 : HR72615 ; %UserProfileCitrix%\HR72615
20080526-115825 : HR76577 ; %UserProfileCitrix%\HR76577
20080526-115826 : HR77655 ; %UserProfileCitrix%\HR77655
20080526-115826 : HRE1765 ; %UserProfileCitrix%\HRE1765
20080526-115827 : HS35915 ; %UserProfileCitrix%\HS35915
20080526-115827 : HS36984 ; %UserProfileCitrix%\HS36984
20080526-115827 : HS39153 ; %UserProfileCitrix%\HS39153
20080526-115828 : HS75034 ; %UserProfileCitrix%\HS75034
20080526-115828 : HS75226 ; %UserProfileCitrix%\HS75226
20080526-115828 : HS76944 ; %UserProfileCitrix%\HS76944
20080526-115829 : HS77096 ; %UserProfileCitrix%\HS77096
20080526-115829 : HS78222 ; %UserProfileCitrix%\HS78222
20080526-115829 : HS80286 ; %UserProfileCitrix%\HS80286
20080526-115830 : HSE1823 ; %UserProfileCitrix%\HSE1823
20080526-115830 : HT58931 ; %UserProfileCitrix%\HT58931
20080526-115830 : HV35692 ; %UserProfileCitrix%\HV35692
20080526-115831 : HV39998 ; %UserProfileCitrix%\HV39998
20080526-115831 : HV57505 ; %UserProfileCitrix%\HV57505
20080526-115832 : HV78300 ; %UserProfileCitrix%\HV78300
20080526-115832 : HW28010 ; %UserProfileCitrix%\HW28010
20080526-115832 : HW57595 ; %UserProfileCitrix%\HW57595
20080526-115833 : HW73361 ; %UserProfileCitrix%\HW73361
20080526-115833 : HW75165 ; %UserProfileCitrix%\HW75165
20080526-115833 : HW75587 ; %UserProfileCitrix%\HW75587
20080526-115834 : HWE1288 ; %UserProfileCitrix%\HWE1288
20080526-115834 : HWE1488 ; %UserProfileCitrix%\HWE1488
20080526-115834 : HWE5035 ; %UserProfileCitrix%\HWE5035
20080526-115835 : HZ38716 ; %UserProfileCitrix%\HZ38716
20080526-115835 : i10adm ; %UserProfileCitrix%\i10adm
20080526-115835 : i20adm ; %UserProfileCitrix%\i20adm
20080526-115836 : IA82967 ; %UserProfileCitrix%\IA82967
20080526-115836 : IC77395 ; %UserProfileCitrix%\IC77395
20080526-115836 : IHE1820 ; %UserProfileCitrix%\IHE1820
20080526-115837 : IKE1838 ; %UserProfileCitrix%\IKE1838
20080526-115837 : IKE5027 ; %UserProfileCitrix%\IKE5027
20080526-115838 : IM81419 ; %UserProfileCitrix%\IM81419
20080526-115838 : IMA_SAPService ; %UserProfileCitrix%\IMA_SAPService
20080526-115838 : IMA_Service ; %UserProfileCitrix%\IMA_Service
20080526-115839 : IMC_SAPService ; %UserProfileCitrix%\IMC_SAPService
20080526-115839 : IMC_Service ; %UserProfileCitrix%\IMC_Service
20080526-115839 : IMD_Service ; %UserProfileCitrix%\IMD_Service
20080526-115840 : IME5059 ; %UserProfileCitrix%\IME5059
20080526-115840 : IMI10_SAPService ; %UserProfileCitrix%\IMI10_SAPService
20080526-115840 : IMI20_SAPService ; %UserProfileCitrix%\IMI20_SAPService
20080526-115841 : IMI_SAPService ; %UserProfileCitrix%\IMI_SAPService
20080526-115841 : IMI_Service ; %UserProfileCitrix%\IMI_Service
20080526-115841 : IMP_SAPService ; %UserProfileCitrix%\IMP_SAPService
20080526-115842 : IMP_Service ; %UserProfileCitrix%\IMP_Service
20080526-115842 : inactest ; %UserProfileCitrix%\inactest
20080526-115843 : IO82606 ; %UserProfileCitrix%\IO82606
20080526-115843 : IS82841 ; %UserProfileCitrix%\IS82841
20080526-115843 : ISE1403 ; %UserProfileCitrix%\ISE1403
20080526-115844 : IT82513 ; %UserProfileCitrix%\IT82513
20080526-115844 : JA35837 ; %UserProfileCitrix%\JA35837
20080526-115844 : JA75779 ; %UserProfileCitrix%\JA75779
20080526-115845 : ERROR: JA90327 ; \\S060\CTXPROF$\JA90327
20080526-115845 : JB38856 ; %UserProfileCitrix%\JB38856
20080526-115845 : JB56598 ; %UserProfileCitrix%\JB56598
20080526-115846 : JB57334 ; %UserProfileCitrix%\JB57334
20080526-115846 : JB57786 ; %UserProfileCitrix%\JB57786
20080526-115846 : JB59003 ; %UserProfileCitrix%\JB59003
20080526-115847 : JB59159 ; %UserProfileCitrix%\JB59159
20080526-115847 : JB59958 ; %UserProfileCitrix%\JB59958
20080526-115848 : JB75699 ; %UserProfileCitrix%\JB75699
20080526-115848 : JB75927 ; %UserProfileCitrix%\JB75927
20080526-115848 : JB76461 ; %UserProfileCitrix%\JB76461
20080526-115849 : JB76574 ; %UserProfileCitrix%\JB76574
20080526-115849 : JB76920 ; %UserProfileCitrix%\JB76920
20080526-115849 : JB77561 ; %UserProfileCitrix%\JB77561
20080526-115850 : JB78823 ; %UserProfileCitrix%\JB78823
20080526-115850 : JB78958 ; %UserProfileCitrix%\JB78958
20080526-115850 : JB79078 ; %UserProfileCitrix%\JB79078
20080526-115851 : JB79260 ; %UserProfileCitrix%\JB79260
20080526-115851 : JB79502 ; %UserProfileCitrix%\JB79502
20080526-115851 : JB79933 ; %UserProfileCitrix%\JB79933
20080526-115852 : JB81689 ; %UserProfileCitrix%\JB81689
20080526-115852 : ERROR: JB90308 ; \\S060\CTXPROF$\JB90308
20080526-115853 : JBE5074 ; %UserProfileCitrix%\JBE5074
20080526-115853 : JC35210 ; %UserProfileCitrix%\JC35210
20080526-115853 : JC35655 ; %UserProfileCitrix%\JC35655
20080526-115854 : JC39039 ; %UserProfileCitrix%\JC39039
20080526-115854 : JC57599 ; %UserProfileCitrix%\JC57599
20080526-115854 : JC75917 ; %UserProfileCitrix%\JC75917
20080526-115855 : JC76177 ; %UserProfileCitrix%\JC76177
20080526-115855 : JC79229 ; %UserProfileCitrix%\JC79229
20080526-115855 : JC79977 ; %UserProfileCitrix%\JC79977
20080526-115856 : JC82603 ; %UserProfileCitrix%\JC82603
20080526-115856 : JD39178 ; %UserProfileCitrix%\JD39178
20080526-115856 : JD57718 ; %UserProfileCitrix%\JD57718
20080526-115857 : JD58596 ; %UserProfileCitrix%\JD58596
20080526-115857 : JD58781 ; %UserProfileCitrix%\JD58781
20080526-115858 : JD72664 ; %UserProfileCitrix%\JD72664
20080526-115858 : JD76918 ; %UserProfileCitrix%\JD76918
20080526-115858 : JD78247 ; %UserProfileCitrix%\JD78247
20080526-115859 : JDE1845 ; %UserProfileCitrix%\JDE1845
20080526-115859 : JE36412 ; %UserProfileCitrix%\JE36412
20080526-115859 : JE38034 ; %UserProfileCitrix%\JE38034
20080526-115900 : JE38044 ; %UserProfileCitrix%\JE38044
20080526-115900 : JE75908 ; %UserProfileCitrix%\JE75908
20080526-115901 : JE76463 ; %UserProfileCitrix%\JE76463
20080526-115901 : JE76531 ; %UserProfileCitrix%\JE76531
20080526-115901 : JE79976 ; %UserProfileCitrix%\JE79976
20080526-115902 : JEE1638 ; %UserProfileCitrix%\JEE1638
20080526-115902 : JF75611 ; %UserProfileCitrix%\JF75611
20080526-115902 : JF76750 ; %UserProfileCitrix%\JF76750
20080526-115903 : JF76905 ; %UserProfileCitrix%\JF76905
20080526-115903 : JFE1766 ; %UserProfileCitrix%\JFE1766
20080526-115903 : JG38923 ; %UserProfileCitrix%\JG38923
20080526-115904 : JG58472 ; %UserProfileCitrix%\JG58472
20080526-115904 : JG73243 ; %UserProfileCitrix%\JG73243
20080526-115904 : JG75872 ; %UserProfileCitrix%\JG75872
20080526-115905 : JG77800 ; %UserProfileCitrix%\JG77800
20080526-115905 : JG77967 ; %UserProfileCitrix%\JG77967
20080526-115906 : JG78005 ; %UserProfileCitrix%\JG78005
20080526-115906 : JG78290 ; %UserProfileCitrix%\JG78290
20080526-115906 : JG79225 ; %UserProfileCitrix%\JG79225
20080526-115907 : JG79789 ; %UserProfileCitrix%\JG79789
20080526-115907 : JG79811 ; %UserProfileCitrix%\JG79811
20080526-115907 : JGE1582 ; %UserProfileCitrix%\JGE1582
20080526-115908 : JGE1797 ; %UserProfileCitrix%\JGE1797
20080526-115908 : JGE1844 ; %UserProfileCitrix%\JGE1844
20080526-115908 : JGE1867 ; %UserProfileCitrix%\JGE1867
20080526-115909 : JH28595 ; %UserProfileCitrix%\JH28595
20080526-115909 : JH34310 ; %UserProfileCitrix%\JH34310
20080526-115910 : JH37946 ; %UserProfileCitrix%\JH37946
20080526-115910 : JH39763 ; %UserProfileCitrix%\JH39763
20080526-115910 : JH56815 ; %UserProfileCitrix%\JH56815
20080526-115911 : JH57487 ; %UserProfileCitrix%\JH57487
20080526-115911 : JH57518 ; %UserProfileCitrix%\JH57518
20080526-115911 : JH58638 ; %UserProfileCitrix%\JH58638
20080526-115912 : JH59401 ; %UserProfileCitrix%\JH59401
20080526-115912 : JH76230 ; %UserProfileCitrix%\JH76230
20080526-115912 : JH76581 ; %UserProfileCitrix%\JH76581
20080526-115913 : JH76588 ; %UserProfileCitrix%\JH76588
20080526-115913 : JH77165 ; %UserProfileCitrix%\JH77165
20080526-115913 : JH77315 ; %UserProfileCitrix%\JH77315
20080526-115914 : JH77479 ; %UserProfileCitrix%\JH77479
20080526-115914 : JH77823 ; %UserProfileCitrix%\JH77823
20080526-115914 : JH78089 ; %UserProfileCitrix%\JH78089
20080526-115915 : JH79363 ; %UserProfileCitrix%\JH79363
20080526-115915 : JH81290 ; %UserProfileCitrix%\JH81290
20080526-115916 : JHE0429 ; %UserProfileCitrix%\JHE0429
20080526-115916 : JI38879 ; %UserProfileCitrix%\JI38879
20080526-115916 : jira ; %UserProfileCitrix%\jira
20080526-115917 : JJ38749 ; %UserProfileCitrix%\JJ38749
20080526-115917 : JJ76231 ; %UserProfileCitrix%\JJ76231
20080526-115917 : JJ76683 ; %UserProfileCitrix%\JJ76683
20080526-115918 : JJ76878 ; %UserProfileCitrix%\JJ76878
20080526-115918 : JJ76900 ; %UserProfileCitrix%\JJ76900
20080526-115918 : JJ76913 ; %UserProfileCitrix%\JJ76913
20080526-115919 : JJ77164 ; %UserProfileCitrix%\JJ77164
20080526-115919 : JJ77204 ; %UserProfileCitrix%\JJ77204
20080526-115919 : JK39260 ; %UserProfileCitrix%\JK39260
20080526-115920 : JK39545 ; %UserProfileCitrix%\JK39545
20080526-115920 : JK39811 ; %UserProfileCitrix%\JK39811
20080526-115921 : JK58421 ; %UserProfileCitrix%\JK58421
20080526-115921 : JK59943 ; %UserProfileCitrix%\JK59943
20080526-115921 : JK75434 ; %UserProfileCitrix%\JK75434
20080526-115922 : JK77210 ; %UserProfileCitrix%\JK77210
20080526-115922 : JK77569 ; %UserProfileCitrix%\JK77569
20080526-115922 : JK78202 ; %UserProfileCitrix%\JK78202
20080526-115923 : JK79072 ; %UserProfileCitrix%\JK79072
20080526-115923 : JK79235 ; %UserProfileCitrix%\JK79235
20080526-115923 : JK79285 ; %UserProfileCitrix%\JK79285
20080526-115924 : JK80751 ; %UserProfileCitrix%\JK80751
20080526-115924 : ERROR: JK90326 ; \\S060\CTXPROF$\JK90326
20080526-115924 : JKE1771 ; %UserProfileCitrix%\JKE1771
20080526-115925 : JKE5078 ; %UserProfileCitrix%\JKE5078
20080526-115925 : JL38270 ; %UserProfileCitrix%\JL38270
20080526-115925 : JL38492 ; %UserProfileCitrix%\JL38492
20080526-115926 : JL39323 ; %UserProfileCitrix%\JL39323
20080526-115926 : JL76862 ; %UserProfileCitrix%\JL76862
20080526-115927 : JL76916 ; %UserProfileCitrix%\JL76916
20080526-115927 : JL77453 ; %UserProfileCitrix%\JL77453
20080526-115927 : JL79620 ; %UserProfileCitrix%\JL79620
20080526-115928 : JLE5085 ; %UserProfileCitrix%\JLE5085
20080526-115928 : JM37924 ; %UserProfileCitrix%\JM37924
20080526-115928 : JM38048 ; %UserProfileCitrix%\JM38048
20080526-115929 : JM73080 ; %UserProfileCitrix%\JM73080
20080526-115929 : JM75046 ; %UserProfileCitrix%\JM75046
20080526-115929 : JM76098 ; %UserProfileCitrix%\JM76098
20080526-115930 : JM76100 ; %UserProfileCitrix%\JM76100
20080526-115930 : JM76131 ; %UserProfileCitrix%\JM76131
20080526-115930 : JM76460 ; %UserProfileCitrix%\JM76460
20080526-115931 : JM77401 ; %UserProfileCitrix%\JM77401
20080526-115931 : JM77511 ; %UserProfileCitrix%\JM77511
20080526-115932 : JM78124 ; %UserProfileCitrix%\JM78124
20080526-115932 : JM78792 ; %UserProfileCitrix%\JM78792
20080526-115932 : JM78886 ; %UserProfileCitrix%\JM78886
20080526-115933 : JM79929 ; %UserProfileCitrix%\JM79929
20080526-115933 : JME1804 ; %UserProfileCitrix%\JME1804
20080526-115933 : JME1814 ; %UserProfileCitrix%\JME1814
20080526-115934 : JME5041 ; %UserProfileCitrix%\JME5041
20080526-115934 : JN77394 ; %UserProfileCitrix%\JN77394
20080526-115934 : JN79515 ; %UserProfileCitrix%\JN79515
20080526-115935 : JN79705 ; %UserProfileCitrix%\JN79705
20080526-115935 : JOE1834 ; %UserProfileCitrix%\JOE1834
20080526-115935 : JOE5040 ; %UserProfileCitrix%\JOE5040
20080526-115936 : ERROR: JP34445 ; \\S060\CTXPROF$\JP34445
20080526-115936 : JP34765 ; %UserProfileCitrix%\JP34765
20080526-115937 : JP57277 ; %UserProfileCitrix%\JP57277
20080526-115937 : JP59818 ; %UserProfileCitrix%\JP59818
20080526-115937 : JP76101 ; %UserProfileCitrix%\JP76101
20080526-115938 : JP79702 ; %UserProfileCitrix%\JP79702
20080526-115938 : JPE1884 ; %UserProfileCitrix%\JPE1884
20080526-115938 : JPE1885 ; %UserProfileCitrix%\JPE1885
20080526-115939 : JQE1830 ; %UserProfileCitrix%\JQE1830
20080526-115939 : JR39411 ; %UserProfileCitrix%\JR39411
20080526-115939 : JR80465 ; %UserProfileCitrix%\JR80465
20080526-115940 : JR82502 ; %UserProfileCitrix%\JR82502
20080526-115940 : JRE1836 ; %UserProfileCitrix%\JRE1836
20080526-115940 : JRE5052 ; %UserProfileCitrix%\JRE5052
20080526-115941 : JS33460 ; %UserProfileCitrix%\JS33460
20080526-115941 : JS34398 ; %UserProfileCitrix%\JS34398
20080526-115942 : JS37023 ; %UserProfileCitrix%\JS37023
20080526-115942 : JS38241 ; %UserProfileCitrix%\JS38241
20080526-115942 : JS57228 ; %UserProfileCitrix%\JS57228
20080526-115943 : JS58338 ; %UserProfileCitrix%\JS58338
20080526-115943 : JS59444 ; %UserProfileCitrix%\JS59444
20080526-115943 : JS72955 ; %UserProfileCitrix%\JS72955
20080526-115944 : JS73846 ; %UserProfileCitrix%\JS73846
20080526-115944 : JS75709 ; %UserProfileCitrix%\JS75709
20080526-115944 : JS76084 ; %UserProfileCitrix%\JS76084
20080526-115945 : js76144 ; %UserProfileCitrix%\js76144
20080526-115945 : JS76263 ; %UserProfileCitrix%\JS76263
20080526-115945 : JS76571 ; %UserProfileCitrix%\JS76571
20080526-115946 : JS77490 ; %UserProfileCitrix%\JS77490
20080526-115946 : JS78929 ; %UserProfileCitrix%\JS78929
20080526-115947 : JS79809 ; %UserProfileCitrix%\JS79809
20080526-115947 : JS80462 ; %UserProfileCitrix%\JS80462
20080526-115947 : JSE1362 ; %UserProfileCitrix%\JSE1362
20080526-115948 : JSE5039 ; %UserProfileCitrix%\JSE5039
20080526-115948 : JT38070 ; %UserProfileCitrix%\JT38070
20080526-115948 : JT58436 ; %UserProfileCitrix%\JT58436
20080526-115949 : JT76165 ; %UserProfileCitrix%\JT76165
20080526-115949 : ERROR: JTE1891 ; \\S060\CTXPROF$\JTE1891
20080526-115949 : JV33009 ; %UserProfileCitrix%\JV33009
20080526-115950 : JV34621 ; %UserProfileCitrix%\JV34621
20080526-115950 : JV35850 ; %UserProfileCitrix%\JV35850
20080526-115950 : JV38655 ; %UserProfileCitrix%\JV38655
20080526-115951 : JV54580 ; %UserProfileCitrix%\JV54580
20080526-115951 : JV58012 ; %UserProfileCitrix%\JV58012
20080526-115952 : JV75651 ; %UserProfileCitrix%\JV75651
20080526-115952 : JV76709 ; %UserProfileCitrix%\JV76709
20080526-115952 : JV76816 ; %UserProfileCitrix%\JV76816
20080526-115953 : JV76932 ; %UserProfileCitrix%\JV76932
20080526-115953 : JV76959 ; %UserProfileCitrix%\JV76959
20080526-115953 : JV77675 ; %UserProfileCitrix%\JV77675
20080526-115954 : JV77803 ; %UserProfileCitrix%\JV77803
20080526-115954 : JV79136 ; %UserProfileCitrix%\JV79136
20080526-115954 : JV80822 ; %UserProfileCitrix%\JV80822
20080526-115955 : JV89067 ; %UserProfileCitrix%\JV89067
20080526-115955 : JVE1858 ; %UserProfileCitrix%\JVE1858
20080526-115955 : JW37015 ; %UserProfileCitrix%\JW37015
20080526-115956 : JW56708 ; %UserProfileCitrix%\JW56708
20080526-115956 : JW75517 ; %UserProfileCitrix%\JW75517
20080526-115956 : JW75591 ; %UserProfileCitrix%\JW75591
20080526-115957 : JW76279 ; %UserProfileCitrix%\JW76279
20080526-115957 : JW82745 ; %UserProfileCitrix%\JW82745
20080526-115958 : JW90037 ; %UserProfileCitrix%\JW90037
20080526-115958 : JWE5037 ; %UserProfileCitrix%\JWE5037
20080526-115958 : JZ82626 ; %UserProfileCitrix%\JZ82626
20080526-115959 : KBE1851 ; %UserProfileCitrix%\KBE1851
20080526-115959 : KDE1806 ; %UserProfileCitrix%\KDE1806
20080526-115959 : KFE1391 ; %UserProfileCitrix%\KFE1391
20080526-120000 : KG83167 ; %UserProfileCitrix%\KG83167
20080526-120000 : KH37056 ; %UserProfileCitrix%\KH37056
20080526-120001 : KHE1862 ; %UserProfileCitrix%\KHE1862
20080526-120001 : KJ57037 ; %UserProfileCitrix%\KJ57037
20080526-120002 : KK76195 ; %UserProfileCitrix%\KK76195
20080526-120002 : KKE1784 ; %UserProfileCitrix%\KKE1784
20080526-120003 : KKE5065 ; %UserProfileCitrix%\KKE5065
20080526-120003 : ERROR: KLE1886 ; \\S060\CTXPROF$\KLE1886
20080526-120003 : KME1781 ; %UserProfileCitrix%\KME1781
20080526-120004 : KME5088 ; %UserProfileCitrix%\KME5088
20080526-120004 : KN39064 ; %UserProfileCitrix%\KN39064
20080526-120005 : KP77930 ; %UserProfileCitrix%\KP77930
20080526-120005 : KPN01 ; %UserProfileCitrix%\KPN01
20080526-120005 : KPN02 ; %UserProfileCitrix%\KPN02
20080526-120006 : KPN03 ; %UserProfileCitrix%\KPN03
20080526-120006 : KPN04 ; %UserProfileCitrix%\KPN04
20080526-120007 : KPNADM ; %UserProfileCitrix%\KPNADM
20080526-120007 : kpngrp ; %UserProfileCitrix%\kpngrp
20080526-120007 : krbtgt ; %UserProfileCitrix%\krbtgt
20080526-120008 : KSE1676 ; %UserProfileCitrix%\KSE1676
20080526-120008 : KSE1839 ; %UserProfileCitrix%\KSE1839
20080526-120009 : KT38813 ; %UserProfileCitrix%\KT38813
20080526-120009 : KTE0755 ; %UserProfileCitrix%\KTE0755
20080526-120009 : LA58033 ; %UserProfileCitrix%\LA58033
20080526-120010 : LA81777 ; %UserProfileCitrix%\LA81777
20080526-120010 : LB37558 ; %UserProfileCitrix%\LB37558
20080526-120011 : LB39374 ; %UserProfileCitrix%\LB39374
20080526-120011 : LB39552 ; %UserProfileCitrix%\LB39552
20080526-120011 : LB39891 ; %UserProfileCitrix%\LB39891
20080526-120012 : LB76528 ; %UserProfileCitrix%\LB76528
20080526-120012 : LBE1744 ; %UserProfileCitrix%\LBE1744
20080526-120013 : LD38915 ; %UserProfileCitrix%\LD38915
20080526-120013 : LE35627 ; %UserProfileCitrix%\LE35627
20080526-120013 : LE78098 ; %UserProfileCitrix%\LE78098
20080526-120014 : LF57536 ; %UserProfileCitrix%\LF57536
20080526-120014 : LF76915 ; %UserProfileCitrix%\LF76915
20080526-120014 : LFE1829 ; %UserProfileCitrix%\LFE1829
20080526-120015 : LG77147 ; %UserProfileCitrix%\LG77147
20080526-120015 : LG78055 ; %UserProfileCitrix%\LG78055
20080526-120016 : LGE1847 ; %UserProfileCitrix%\LGE1847
20080526-120016 : LH38436 ; %UserProfileCitrix%\LH38436
20080526-120016 : LH38857 ; %UserProfileCitrix%\LH38857
20080526-120017 : LH57777 ; %UserProfileCitrix%\LH57777
20080526-120017 : LH76573 ; %UserProfileCitrix%\LH76573
20080526-120018 : LH77797 ; %UserProfileCitrix%\LH77797
20080526-120018 : LH78934 ; %UserProfileCitrix%\LH78934
20080526-120018 : LH82748 ; %UserProfileCitrix%\LH82748
20080526-120019 : LJ38557 ; %UserProfileCitrix%\LJ38557
20080526-120019 : LJ76940 ; %UserProfileCitrix%\LJ76940
20080526-120020 : LJ77343 ; %UserProfileCitrix%\LJ77343
20080526-120020 : LK57605 ; %UserProfileCitrix%\LK57605
20080526-120020 : LK89071 ; %UserProfileCitrix%\LK89071
20080526-120021 : LL57641 ; %UserProfileCitrix%\LL57641
20080526-120021 : LM59805 ; %UserProfileCitrix%\LM59805
20080526-120022 : LM59836 ; %UserProfileCitrix%\LM59836
20080526-120022 : LM75142 ; %UserProfileCitrix%\LM75142
20080526-120023 : LM77486 ; %UserProfileCitrix%\LM77486
20080526-120023 : LM77903 ; %UserProfileCitrix%\LM77903
20080526-120023 : LM80782 ; %UserProfileCitrix%\LM80782
20080526-120024 : LME1831 ; %UserProfileCitrix%\LME1831
20080526-120024 : LN75988 ; %UserProfileCitrix%\LN75988
20080526-120025 : LP35674 ; %UserProfileCitrix%\LP35674
20080526-120025 : LP59984 ; %UserProfileCitrix%\LP59984
20080526-120025 : LP76213 ; %UserProfileCitrix%\LP76213
20080526-120026 : LP78638 ; %UserProfileCitrix%\LP78638
20080526-120026 : LR77810 ; %UserProfileCitrix%\LR77810
20080526-120026 : LRE1380 ; %UserProfileCitrix%\LRE1380
20080526-120027 : LS57427 ; %UserProfileCitrix%\LS57427
20080526-120027 : LS77624 ; %UserProfileCitrix%\LS77624
20080526-120028 : LS79421 ; %UserProfileCitrix%\LS79421
20080526-120028 : LS82673 ; %UserProfileCitrix%\LS82673
20080526-120028 : LS90014 ; %UserProfileCitrix%\LS90014
20080526-120029 : LSE1841 ; %UserProfileCitrix%\LSE1841
20080526-120029 : LT38049 ; %UserProfileCitrix%\LT38049
20080526-120029 : LV33475 ; %UserProfileCitrix%\LV33475
20080526-120030 : LV59209 ; %UserProfileCitrix%\LV59209
20080526-120030 : LV77336 ; %UserProfileCitrix%\LV77336
20080526-120030 : LV78217 ; %UserProfileCitrix%\LV78217
20080526-120031 : LW33152 ; %UserProfileCitrix%\LW33152
20080526-120031 : MA79955 ; %UserProfileCitrix%\MA79955
20080526-120031 : MA82016 ; %UserProfileCitrix%\MA82016
20080526-120032 : MAE0046 ; %UserProfileCitrix%\MAE0046
20080526-120032 : MB33866 ; %UserProfileCitrix%\MB33866
20080526-120032 : MB38370 ; %UserProfileCitrix%\MB38370
20080526-120033 : MB77024 ; %UserProfileCitrix%\MB77024
20080526-120033 : MB79953 ; %UserProfileCitrix%\MB79953
20080526-120034 : MB81389 ; %UserProfileCitrix%\MB81389
20080526-120034 : MB82737 ; %UserProfileCitrix%\MB82737
20080526-120034 : MBE0742 ; %UserProfileCitrix%\MBE0742
20080526-120035 : MBE1846 ; %UserProfileCitrix%\MBE1846
20080526-120035 : MBE1878 ; %UserProfileCitrix%\MBE1878
20080526-120035 : MC58725 ; %UserProfileCitrix%\MC58725
20080526-120036 : MC59139 ; %UserProfileCitrix%\MC59139
20080526-120036 : MC59821 ; %UserProfileCitrix%\MC59821
20080526-120036 : MD35728 ; %UserProfileCitrix%\MD35728
20080526-120037 : MD37120 ; %UserProfileCitrix%\MD37120
20080526-120037 : MD55122 ; %UserProfileCitrix%\MD55122
20080526-120038 : MD56889 ; %UserProfileCitrix%\MD56889
20080526-120038 : MD57432 ; %UserProfileCitrix%\MD57432
20080526-120038 : MD75737 ; %UserProfileCitrix%\MD75737
20080526-120039 : MD78694 ; %UserProfileCitrix%\MD78694
20080526-120039 : MD80459 ; %UserProfileCitrix%\MD80459
20080526-120039 : MDE1798 ; %UserProfileCitrix%\MDE1798
20080526-120040 : MDE1852 ; %UserProfileCitrix%\MDE1852
20080526-120040 : MDE1857 ; %UserProfileCitrix%\MDE1857
20080526-120041 : MDE1879 ; %UserProfileCitrix%\MDE1879
20080526-120041 : MDE1881 ; %UserProfileCitrix%\MDE1881
20080526-120041 : ME59611 ; %UserProfileCitrix%\ME59611
20080526-120042 : ME82622 ; %UserProfileCitrix%\ME82622
20080526-120042 : MEE1581 ; %UserProfileCitrix%\MEE1581
20080526-120042 : MEE1775 ; %UserProfileCitrix%\MEE1775
20080526-120043 : MEE1866 ; %UserProfileCitrix%\MEE1866
20080526-120043 : MF79096 ; %UserProfileCitrix%\MF79096
20080526-120043 : MFE1827 ; %UserProfileCitrix%\MFE1827
20080526-120044 : MG75477 ; %UserProfileCitrix%\MG75477
20080526-120044 : MG81092 ; %UserProfileCitrix%\MG81092
20080526-120045 : MGE1126 ; %UserProfileCitrix%\MGE1126
20080526-120045 : MGE5062 ; %UserProfileCitrix%\MGE5062
20080526-120045 : MGE5090 ; %UserProfileCitrix%\MGE5090
20080526-120046 : MH35687 ; %UserProfileCitrix%\MH35687
20080526-120046 : MH37074 ; %UserProfileCitrix%\MH37074
20080526-120046 : MH38827 ; %UserProfileCitrix%\MH38827
20080526-120047 : MH58685 ; %UserProfileCitrix%\MH58685
20080526-120047 : MH75026 ; %UserProfileCitrix%\MH75026
20080526-120047 : MH76923 ; %UserProfileCitrix%\MH76923
20080526-120048 : MH80552 ; %UserProfileCitrix%\MH80552
20080526-120048 : MHE5037 ; %UserProfileCitrix%\MHE5037
20080526-120049 : MHE5083 ; %UserProfileCitrix%\MHE5083
20080526-120049 : MIE1786 ; %UserProfileCitrix%\MIE1786
20080526-120049 : MIE1789 ; %UserProfileCitrix%\MIE1789
20080526-120050 : MJ77801 ; %UserProfileCitrix%\MJ77801
20080526-120050 : MJ78277 ; %UserProfileCitrix%\MJ78277
20080526-120050 : MJ79269 ; %UserProfileCitrix%\MJ79269
20080526-120051 : MJ81009 ; %UserProfileCitrix%\MJ81009
20080526-120051 : MK35781 ; %UserProfileCitrix%\MK35781
20080526-120051 : MK39536 ; %UserProfileCitrix%\MK39536
20080526-120052 : MKE1585 ; %UserProfileCitrix%\MKE1585
20080526-120052 : MKE1871 ; %UserProfileCitrix%\MKE1871
20080526-120052 : MKE1874 ; %UserProfileCitrix%\MKE1874
20080526-120053 : ML78185 ; %UserProfileCitrix%\ML78185
20080526-120053 : ML79414 ; %UserProfileCitrix%\ML79414
20080526-120053 : ML80838 ; %UserProfileCitrix%\ML80838
20080526-120054 : ML82625 ; %UserProfileCitrix%\ML82625
20080526-120054 : MLE1745 ; %UserProfileCitrix%\MLE1745
20080526-120055 : MLE5097 ; %UserProfileCitrix%\MLE5097
20080526-120055 : MM35686 ; %UserProfileCitrix%\MM35686
20080526-120055 : MM56638 ; %UserProfileCitrix%\MM56638
20080526-120056 : MM59054 ; %UserProfileCitrix%\MM59054
20080526-120056 : MM75373 ; %UserProfileCitrix%\MM75373
20080526-120056 : MM76458 ; %UserProfileCitrix%\MM76458
20080526-120057 : MM77016 ; %UserProfileCitrix%\MM77016
20080526-120057 : MM77152 ; %UserProfileCitrix%\MM77152
20080526-120057 : MM77173 ; %UserProfileCitrix%\MM77173
20080526-120058 : MM77285 ; %UserProfileCitrix%\MM77285
20080526-120058 : MM78053 ; %UserProfileCitrix%\MM78053
20080526-120058 : MM78797 ; %UserProfileCitrix%\MM78797
20080526-120059 : ERROR: MME1897 ; \\S060\CTXPROF$\MME1897
20080526-120059 : MME5001 ; %UserProfileCitrix%\MME5001
20080526-120059 : MME5082 ; %UserProfileCitrix%\MME5082
20080526-120100 : MN78258 ; %UserProfileCitrix%\MN78258
20080526-120101 : MN78702 ; %UserProfileCitrix%\MN78702
20080526-120101 : MO38388 ; %UserProfileCitrix%\MO38388
20080526-120101 : MO57717 ; %UserProfileCitrix%\MO57717
20080526-120102 : MO90190 ; %UserProfileCitrix%\MO90190
20080526-120102 : MOMaction ; %UserProfileCitrix%\MOMaction
20080526-120102 : MOMDAS ; %UserProfileCitrix%\MOMDAS
20080526-120103 : MP38945 ; %UserProfileCitrix%\MP38945
20080526-120103 : MP57312 ; %UserProfileCitrix%\MP57312
20080526-120104 : MP76464 ; %UserProfileCitrix%\MP76464
20080526-120104 : MP79255 ; %UserProfileCitrix%\MP79255
20080526-120104 : MP80848 ; %UserProfileCitrix%\MP80848
20080526-120105 : MPE5033 ; %UserProfileCitrix%\MPE5033
20080526-120105 : MPE5070 ; %UserProfileCitrix%\MPE5070
20080526-120105 : MPE80848 ; %UserProfileCitrix%\MPE80848
20080526-120106 : MQAdmin ; %UserProfileCitrix%\MQAdmin
20080526-120106 : MR56575 ; %UserProfileCitrix%\MR56575
20080526-120106 : MR58082 ; %UserProfileCitrix%\MR58082
20080526-120107 : MR73246 ; %UserProfileCitrix%\MR73246
20080526-120107 : MR75990 ; %UserProfileCitrix%\MR75990
20080526-120107 : MR77186 ; %UserProfileCitrix%\MR77186
20080526-120108 : MRDE_Scan ; %UserProfileCitrix%\MRDE_Scan
20080526-120108 : MRE0714 ; %UserProfileCitrix%\MRE0714
20080526-120108 : MRE1524 ; %UserProfileCitrix%\MRE1524
20080526-120109 : MRE1666 ; %UserProfileCitrix%\MRE1666
20080526-120109 : MS38102 ; %UserProfileCitrix%\MS38102
20080526-120110 : MS56582 ; %UserProfileCitrix%\MS56582
20080526-120110 : MS57739 ; %UserProfileCitrix%\MS57739
20080526-120110 : MS58885 ; %UserProfileCitrix%\MS58885
20080526-120111 : MS59699 ; %UserProfileCitrix%\MS59699
20080526-120111 : MS76935 ; %UserProfileCitrix%\MS76935
20080526-120111 : MS77374 ; %UserProfileCitrix%\MS77374
20080526-120112 : MS79251 ; %UserProfileCitrix%\MS79251
20080526-120112 : MS79931 ; %UserProfileCitrix%\MS79931
20080526-120113 : MS80846 ; %UserProfileCitrix%\MS80846
20080526-120113 : MS81710 ; %UserProfileCitrix%\MS81710
20080526-120113 : MS82651 ; %UserProfileCitrix%\MS82651
20080526-120114 : MS82753 ; %UserProfileCitrix%\MS82753
20080526-120114 : MS89058 ; %UserProfileCitrix%\MS89058
20080526-120114 : MS90133 ; %UserProfileCitrix%\MS90133
20080526-120115 : MS90191 ; %UserProfileCitrix%\MS90191
20080526-120115 : MSE1494 ; %UserProfileCitrix%\MSE1494
20080526-120115 : MSE1792 ; %UserProfileCitrix%\MSE1792
20080526-120116 : ERROR: MSE1893 ; \\S060\CTXPROF$\MSE1893
20080526-120116 : MSE5096 ; %UserProfileCitrix%\MSE5096
20080526-120116 : MT72746 ; %UserProfileCitrix%\MT72746
20080526-120117 : MT75313 ; %UserProfileCitrix%\MT75313
20080526-120117 : MT76563 ; %UserProfileCitrix%\MT76563
20080526-120117 : MT77053 ; %UserProfileCitrix%\MT77053
20080526-120118 : MT80422 ; %UserProfileCitrix%\MT80422
20080526-120118 : MU76901 ; %UserProfileCitrix%\MU76901
20080526-120119 : MV56592 ; %UserProfileCitrix%\MV56592
20080526-120119 : MV57239 ; %UserProfileCitrix%\MV57239
20080526-120119 : MV58290 ; %UserProfileCitrix%\MV58290
20080526-120120 : MV58719 ; %UserProfileCitrix%\MV58719
20080526-120120 : MV78160 ; %UserProfileCitrix%\MV78160
20080526-120120 : MV81198 ; %UserProfileCitrix%\MV81198
20080526-120121 : MVE1630 ; %UserProfileCitrix%\MVE1630
20080526-120121 : MVE5098 ; %UserProfileCitrix%\MVE5098
20080526-120121 : MW56674 ; %UserProfileCitrix%\MW56674
20080526-120122 : MW73367 ; %UserProfileCitrix%\MW73367
20080526-120122 : MW75604 ; %UserProfileCitrix%\MW75604
20080526-120122 : MW75608 ; %UserProfileCitrix%\MW75608
20080526-120123 : MW80466 ; %UserProfileCitrix%\MW80466
20080526-120123 : NAA_service ; %UserProfileCitrix%\NAA_service
20080526-120124 : NAC_service ; %UserProfileCitrix%\NAC_service
20080526-120124 : NAD_service ; %UserProfileCitrix%\NAD_service
20080526-120124 : NAP_service ; %UserProfileCitrix%\NAP_service
20080526-120125 : NB35125 ; %UserProfileCitrix%\NB35125
20080526-120125 : NB72578 ; %UserProfileCitrix%\NB72578
20080526-120125 : NBE0558 ; %UserProfileCitrix%\NBE0558
20080526-120126 : nc1adm ; %UserProfileCitrix%\nc1adm
20080526-120126 : NDE1677 ; %UserProfileCitrix%\NDE1677
20080526-120126 : NGE1584 ; %UserProfileCitrix%\NGE1584
20080526-120127 : NGE1868 ; %UserProfileCitrix%\NGE1868
20080526-120127 : NH35632 ; %UserProfileCitrix%\NH35632
20080526-120127 : NH39828 ; %UserProfileCitrix%\NH39828
20080526-120128 : NH58334 ; %UserProfileCitrix%\NH58334
20080526-120128 : NH78924 ; %UserProfileCitrix%\NH78924
20080526-120128 : NH79319 ; %UserProfileCitrix%\NH79319
20080526-120129 : NK79879 ; %UserProfileCitrix%\NK79879
20080526-120129 : NL83598 ; %UserProfileCitrix%\NL83598
20080526-120129 : NLE1802 ; %UserProfileCitrix%\NLE1802
20080526-120130 : NM38457 ; %UserProfileCitrix%\NM38457
20080526-120130 : NM77095 ; %UserProfileCitrix%\NM77095
20080526-120130 : NM77250 ; %UserProfileCitrix%\NM77250
20080526-120131 : NN54701 ; %UserProfileCitrix%\NN54701
20080526-120131 : NormanAdmin ; %UserProfileCitrix%\NormanAdmin
20080526-120131 : NormanSchedule ; %UserProfileCitrix%\NormanSchedule
20080526-120132 : NormanUser ; %UserProfileCitrix%\NormanUser
20080526-120132 : NotesEFax ; %UserProfileCitrix%\NotesEFax
20080526-120133 : NP75504 ; %UserProfileCitrix%\NP75504
20080526-120133 : NU57636 ; %UserProfileCitrix%\NU57636
20080526-120133 : NV56589 ; %UserProfileCitrix%\NV56589
20080526-120134 : NYE1780 ; %UserProfileCitrix%\NYE1780
20080526-120134 : ocservice ; %UserProfileCitrix%\ocservice
20080526-120134 : ODEXaccept ; %UserProfileCitrix%\ODEXaccept
20080526-120135 : OEE5008 ; %UserProfileCitrix%\OEE5008
20080526-120135 : OJE5055 ; %UserProfileCitrix%\OJE5055
20080526-120135 : OP00001 ; %UserProfileCitrix%\OP00001
20080526-120136 : OracleMaintenance ; %UserProfileCitrix%\OracleMaintenance
20080526-120136 : OracleMSCSServices ; %UserProfileCitrix%\OracleMSCSServices
20080526-120137 : OracleService ; %UserProfileCitrix%\OracleService
20080526-120137 : OS59946 ; %UserProfileCitrix%\OS59946
20080526-120137 : p01adm ; %UserProfileCitrix%\p01adm
20080526-120138 : p10adm ; %UserProfileCitrix%\p10adm
20080526-120138 : PA37980 ; %UserProfileCitrix%\PA37980
20080526-120138 : PA81113 ; %UserProfileCitrix%\PA81113
20080526-120139 : PB38236 ; %UserProfileCitrix%\PB38236
20080526-120139 : PB54617 ; %UserProfileCitrix%\PB54617
20080526-120139 : PB57545 ; %UserProfileCitrix%\PB57545
20080526-120140 : PB59394 ; %UserProfileCitrix%\PB59394
20080526-120140 : PB75844 ; %UserProfileCitrix%\PB75844
20080526-120140 : PB79921 ; %UserProfileCitrix%\PB79921
20080526-120141 : PBE1726 ; %UserProfileCitrix%\PBE1726
20080526-120141 : PC38794 ; %UserProfileCitrix%\PC38794
20080526-120141 : PC58607 ; %UserProfileCitrix%\PC58607
20080526-120142 : PC80727 ; %UserProfileCitrix%\PC80727
20080526-120142 : PC80843 ; %UserProfileCitrix%\PC80843
20080526-120143 : PCE1680 ; %UserProfileCitrix%\PCE1680
20080526-120143 : PD55123 ; %UserProfileCitrix%\PD55123
20080526-120143 : PD77089 ; %UserProfileCitrix%\PD77089
20080526-120144 : PD81412 ; %UserProfileCitrix%\PD81412
20080526-120144 : PDE1768 ; %UserProfileCitrix%\PDE1768
20080526-120144 : PDE1812 ; %UserProfileCitrix%\PDE1812
20080526-120145 : PDE1865 ; %UserProfileCitrix%\PDE1865
20080526-120145 : PE56617 ; %UserProfileCitrix%\PE56617
20080526-120145 : PE57504 ; %UserProfileCitrix%\PE57504
20080526-120146 : PE58730 ; %UserProfileCitrix%\PE58730
20080526-120146 : PE77516 ; %UserProfileCitrix%\PE77516
20080526-120147 : PEPROVI ; %UserProfileCitrix%\PEPROVI
20080526-120147 : PG33911 ; %UserProfileCitrix%\PG33911
20080526-120147 : PG38150 ; %UserProfileCitrix%\PG38150
20080526-120148 : PG76907 ; %UserProfileCitrix%\PG76907
20080526-120148 : PGE5002 ; %UserProfileCitrix%\PGE5002
20080526-120148 : PH21601 ; %UserProfileCitrix%\PH21601
20080526-120149 : PH36281 ; %UserProfileCitrix%\PH36281
20080526-120149 : PH39338 ; %UserProfileCitrix%\PH39338
20080526-120149 : PH72118 ; %UserProfileCitrix%\PH72118
20080526-120150 : PH72377 ; %UserProfileCitrix%\PH72377
20080526-120150 : PH75512 ; %UserProfileCitrix%\PH75512
20080526-120150 : PH79303 ; %UserProfileCitrix%\PH79303
20080526-120151 : PH80726 ; %UserProfileCitrix%\PH80726
20080526-120151 : PHE5013 ; %UserProfileCitrix%\PHE5013
20080526-120151 : pj1adm ; %UserProfileCitrix%\pj1adm
20080526-120152 : PJ38404 ; %UserProfileCitrix%\PJ38404
20080526-120152 : PJ57647 ; %UserProfileCitrix%\PJ57647
20080526-120152 : pj5adm ; %UserProfileCitrix%\pj5adm
20080526-120153 : pj6adm ; %UserProfileCitrix%\pj6adm
20080526-120153 : PJ75488 ; %UserProfileCitrix%\PJ75488
20080526-120154 : PJE1578 ; %UserProfileCitrix%\PJE1578
20080526-120154 : PJE1869 ; %UserProfileCitrix%\PJE1869
20080526-120154 : PK57372 ; %UserProfileCitrix%\PK57372
20080526-120155 : PK73223 ; %UserProfileCitrix%\PK73223
20080526-120155 : PK82822 ; %UserProfileCitrix%\PK82822
20080526-120155 : PKE1777 ; %UserProfileCitrix%\PKE1777
20080526-120156 : PL39339 ; %UserProfileCitrix%\PL39339
20080526-120156 : PL57587 ; %UserProfileCitrix%\PL57587
20080526-120156 : PL58712 ; %UserProfileCitrix%\PL58712
20080526-120157 : PL76576 ; %UserProfileCitrix%\PL76576
20080526-120157 : PL76850 ; %UserProfileCitrix%\PL76850
20080526-120157 : PL77306 ; %UserProfileCitrix%\PL77306
20080526-120158 : PL79841 ; %UserProfileCitrix%\PL79841
20080526-120158 : PM38057 ; %UserProfileCitrix%\PM38057
20080526-120158 : PM75654 ; %UserProfileCitrix%\PM75654
20080526-120159 : PM76369 ; %UserProfileCitrix%\PM76369
20080526-120159 : PM76487 ; %UserProfileCitrix%\PM76487
20080526-120159 : PM76532 ; %UserProfileCitrix%\PM76532
20080526-120200 : PM77382 ; %UserProfileCitrix%\PM77382
20080526-120200 : PM79076 ; %UserProfileCitrix%\PM79076
20080526-120201 : PM79889 ; %UserProfileCitrix%\PM79889
20080526-120201 : PME5076 ; %UserProfileCitrix%\PME5076
20080526-120201 : PN38435 ; %UserProfileCitrix%\PN38435
20080526-120202 : PN38870 ; %UserProfileCitrix%\PN38870
20080526-120202 : PN81275 ; %UserProfileCitrix%\PN81275
20080526-120202 : PNE5011 ; %UserProfileCitrix%\PNE5011
20080526-120203 : PO34620 ; %UserProfileCitrix%\PO34620
20080526-120203 : PP58853 ; %UserProfileCitrix%\PP58853
20080526-120204 : PP59322 ; %UserProfileCitrix%\PP59322
20080526-120204 : PP78175 ; %UserProfileCitrix%\PP78175
20080526-120204 : PP78944 ; %UserProfileCitrix%\PP78944
20080526-120205 : PP79927 ; %UserProfileCitrix%\PP79927
20080526-120205 : PP82804 ; %UserProfileCitrix%\PP82804
20080526-120205 : PQE1742 ; %UserProfileCitrix%\PQE1742
20080526-120206 : PR37462 ; %UserProfileCitrix%\PR37462
20080526-120206 : PR76189 ; %UserProfileCitrix%\PR76189
20080526-120206 : PR76329 ; %UserProfileCitrix%\PR76329
20080526-120207 : PR77372 ; %UserProfileCitrix%\PR77372
20080526-120207 : PR82931 ; %UserProfileCitrix%\PR82931
20080526-120207 : PRE1794 ; %UserProfileCitrix%\PRE1794
20080526-120208 : PS25050 ; %UserProfileCitrix%\PS25050
20080526-120208 : PS59800 ; %UserProfileCitrix%\PS59800
20080526-120208 : PS59985 ; %UserProfileCitrix%\PS59985
20080526-120209 : PS75623 ; %UserProfileCitrix%\PS75623
20080526-120209 : PS76389 ; %UserProfileCitrix%\PS76389
20080526-120209 : PS78687 ; %UserProfileCitrix%\PS78687
20080526-120210 : PS78808 ; %UserProfileCitrix%\PS78808
20080526-120210 : PS80909 ; %UserProfileCitrix%\PS80909
20080526-120210 : PSE1795 ; %UserProfileCitrix%\PSE1795
20080526-120211 : PSE1821 ; %UserProfileCitrix%\PSE1821
20080526-120211 : PSE5075 ; %UserProfileCitrix%\PSE5075
20080526-120212 : PV38411 ; %UserProfileCitrix%\PV38411
20080526-120212 : PV38849 ; %UserProfileCitrix%\PV38849
20080526-120212 : PV39137 ; %UserProfileCitrix%\PV39137
20080526-120213 : PV39290 ; %UserProfileCitrix%\PV39290
20080526-120213 : PV72747 ; %UserProfileCitrix%\PV72747
20080526-120213 : PV76550 ; %UserProfileCitrix%\PV76550
20080526-120214 : PV76938 ; %UserProfileCitrix%\PV76938
20080526-120214 : PV77025 ; %UserProfileCitrix%\PV77025
20080526-120214 : PV79339 ; %UserProfileCitrix%\PV79339
20080526-120215 : ERROR: PVE1892 ; \\S060\CTXPROF$\PVE1892
20080526-120215 : pw1adm ; %UserProfileCitrix%\pw1adm
20080526-120215 : PW38527 ; %UserProfileCitrix%\PW38527
20080526-120216 : PW57561 ; %UserProfileCitrix%\PW57561
20080526-120216 : PW58783 ; %UserProfileCitrix%\PW58783
20080526-120216 : PW77166 ; %UserProfileCitrix%\PW77166
20080526-120217 : PW90307 ; %UserProfileCitrix%\PW90307
20080526-120217 : PZ37961 ; %UserProfileCitrix%\PZ37961
20080526-120217 : Q006856 ; %UserProfileCitrix%\Q006856
20080526-120218 : Q051781 ; %UserProfileCitrix%\Q051781
20080526-120218 : Q051782 ; %UserProfileCitrix%\Q051782
20080526-120219 : Q053818 ; %UserProfileCitrix%\Q053818
20080526-120219 : Q053838 ; %UserProfileCitrix%\Q053838
20080526-120219 : Q053862 ; %UserProfileCitrix%\Q053862
20080526-120220 : Q053877 ; %UserProfileCitrix%\Q053877
20080526-120220 : Q053919 ; %UserProfileCitrix%\Q053919
20080526-120220 : Q053921 ; %UserProfileCitrix%\Q053921
20080526-120221 : Q053923 ; %UserProfileCitrix%\Q053923
20080526-120221 : Q054256 ; %UserProfileCitrix%\Q054256
20080526-120221 : Q054469 ; %UserProfileCitrix%\Q054469
20080526-120222 : Q054470 ; %UserProfileCitrix%\Q054470
20080526-120222 : Q054493 ; %UserProfileCitrix%\Q054493
20080526-120222 : Q055642 ; %UserProfileCitrix%\Q055642
20080526-120223 : Q055652 ; %UserProfileCitrix%\Q055652
20080526-120223 : Q055684 ; %UserProfileCitrix%\Q055684
20080526-120224 : Q055697 ; %UserProfileCitrix%\Q055697
20080526-120224 : Q055712 ; %UserProfileCitrix%\Q055712
20080526-120224 : Q055757 ; %UserProfileCitrix%\Q055757
20080526-120225 : Q055814 ; %UserProfileCitrix%\Q055814
20080526-120225 : Q055817 ; %UserProfileCitrix%\Q055817
20080526-120225 : Q055913 ; %UserProfileCitrix%\Q055913
20080526-120226 : Q055916 ; %UserProfileCitrix%\Q055916
20080526-120226 : Q055917 ; %UserProfileCitrix%\Q055917
20080526-120226 : Q055919 ; %UserProfileCitrix%\Q055919
20080526-120227 : Q055921 ; %UserProfileCitrix%\Q055921
20080526-120227 : Q055922 ; %UserProfileCitrix%\Q055922
20080526-120227 : Q055929 ; %UserProfileCitrix%\Q055929
20080526-120228 : Q055930 ; %UserProfileCitrix%\Q055930
20080526-120228 : Q055932 ; %UserProfileCitrix%\Q055932
20080526-120228 : Q055935 ; %UserProfileCitrix%\Q055935
20080526-120229 : Q055940 ; %UserProfileCitrix%\Q055940
20080526-120229 : Q055944 ; %UserProfileCitrix%\Q055944
20080526-120229 : Q055945 ; %UserProfileCitrix%\Q055945
20080526-120230 : Q055947 ; %UserProfileCitrix%\Q055947
20080526-120230 : Q055948 ; %UserProfileCitrix%\Q055948
20080526-120231 : Q055953 ; %UserProfileCitrix%\Q055953
20080526-120231 : Q055956 ; %UserProfileCitrix%\Q055956
20080526-120231 : Q055963 ; %UserProfileCitrix%\Q055963
20080526-120232 : Q055964 ; %UserProfileCitrix%\Q055964
20080526-120232 : Q055966 ; %UserProfileCitrix%\Q055966
20080526-120232 : Q055967 ; %UserProfileCitrix%\Q055967
20080526-120233 : Q055968 ; %UserProfileCitrix%\Q055968
20080526-120233 : Q055969 ; %UserProfileCitrix%\Q055969
20080526-120233 : Q055973 ; %UserProfileCitrix%\Q055973
20080526-120234 : Q056025 ; %UserProfileCitrix%\Q056025
20080526-120234 : Q056028 ; %UserProfileCitrix%\Q056028
20080526-120235 : Q056055 ; %UserProfileCitrix%\Q056055
20080526-120235 : Q057013 ; %UserProfileCitrix%\Q057013
20080526-120235 : q057019 ; %UserProfileCitrix%\q057019
20080526-120236 : Q057020 ; %UserProfileCitrix%\Q057020
20080526-120236 : Q057022 ; %UserProfileCitrix%\Q057022
20080526-120236 : Q057024 ; %UserProfileCitrix%\Q057024
20080526-120237 : Q057025 ; %UserProfileCitrix%\Q057025
20080526-120237 : Q057027 ; %UserProfileCitrix%\Q057027
20080526-120237 : Q057029 ; %UserProfileCitrix%\Q057029
20080526-120238 : Q057030 ; %UserProfileCitrix%\Q057030
20080526-120238 : Q057031 ; %UserProfileCitrix%\Q057031
20080526-120238 : Q057033 ; %UserProfileCitrix%\Q057033
20080526-120239 : Q057034 ; %UserProfileCitrix%\Q057034
20080526-120239 : Q057035 ; %UserProfileCitrix%\Q057035
20080526-120239 : ERROR: Q057036 ; \\S060\CTXPROF$\Q057036
20080526-120240 : Q070592 ; %UserProfileCitrix%\Q070592
20080526-120240 : Q088310 ; %UserProfileCitrix%\Q088310
20080526-120240 : RA59406 ; %UserProfileCitrix%\RA59406
20080526-120241 : RAE1803 ; %UserProfileCitrix%\RAE1803
20080526-120241 : RB35677 ; %UserProfileCitrix%\RB35677
20080526-120241 : RB75362 ; %UserProfileCitrix%\RB75362
20080526-120242 : RB76833 ; %UserProfileCitrix%\RB76833
20080526-120242 : RB78341 ; %UserProfileCitrix%\RB78341
20080526-120243 : RB78624 ; %UserProfileCitrix%\RB78624
20080526-120243 : RB79140 ; %UserProfileCitrix%\RB79140
20080526-120243 : RB81698 ; %UserProfileCitrix%\RB81698
20080526-120244 : RB82728 ; %UserProfileCitrix%\RB82728
20080526-120244 : RBE0428 ; %UserProfileCitrix%\RBE0428
20080526-120244 : RBE1743 ; %UserProfileCitrix%\RBE1743
20080526-120245 : ERROR: RBE1889 ; \\S060\CTXPROF$\RBE1889
20080526-120245 : RC36126 ; %UserProfileCitrix%\RC36126
20080526-120245 : RC56654 ; %UserProfileCitrix%\RC56654
20080526-120246 : RC77863 ; %UserProfileCitrix%\RC77863
20080526-120246 : RC79132 ; %UserProfileCitrix%\RC79132
20080526-120246 : RC79503 ; %UserProfileCitrix%\RC79503
20080526-120247 : RC79831 ; %UserProfileCitrix%\RC79831
20080526-120247 : RD75482 ; %UserProfileCitrix%\RD75482
20080526-120247 : RD77261 ; %UserProfileCitrix%\RD77261
20080526-120248 : RD78639 ; %UserProfileCitrix%\RD78639
20080526-120248 : RDPAdmin ; %UserProfileCitrix%\RDPAdmin
20080526-120248 : RE79302 ; %UserProfileCitrix%\RE79302
20080526-120249 : RE90310 ; %UserProfileCitrix%\RE90310
20080526-120249 : REE5095 ; %UserProfileCitrix%\REE5095
20080526-120249 : RF77003 ; %UserProfileCitrix%\RF77003
20080526-120250 : RF77685 ; %UserProfileCitrix%\RF77685
20080526-120250 : RF79832 ; %UserProfileCitrix%\RF79832
20080526-120251 : RF82042 ; %UserProfileCitrix%\RF82042
20080526-120251 : RG59999 ; %UserProfileCitrix%\RG59999
20080526-120251 : RGE5014 ; %UserProfileCitrix%\RGE5014
20080526-120252 : RH36934 ; %UserProfileCitrix%\RH36934
20080526-120252 : RH38287 ; %UserProfileCitrix%\RH38287
20080526-120252 : RH58610 ; %UserProfileCitrix%\RH58610
20080526-120253 : RH59445 ; %UserProfileCitrix%\RH59445
20080526-120253 : RH59994 ; %UserProfileCitrix%\RH59994
20080526-120253 : RH73153 ; %UserProfileCitrix%\RH73153
20080526-120254 : RH76562 ; %UserProfileCitrix%\RH76562
20080526-120254 : RH76961 ; %UserProfileCitrix%\RH76961
20080526-120255 : RH77243 ; %UserProfileCitrix%\RH77243
20080526-120255 : RH77398 ; %UserProfileCitrix%\RH77398
20080526-120255 : RH77439 ; %UserProfileCitrix%\RH77439
20080526-120256 : RH80635 ; %UserProfileCitrix%\RH80635
20080526-120256 : RH81882 ; %UserProfileCitrix%\RH81882
20080526-120256 : RH82613 ; %UserProfileCitrix%\RH82613
20080526-120257 : RH82761 ; %UserProfileCitrix%\RH82761
20080526-120257 : RHE1731 ; %UserProfileCitrix%\RHE1731
20080526-120257 : RHE1854 ; %UserProfileCitrix%\RHE1854
20080526-120258 : RI75775 ; %UserProfileCitrix%\RI75775
20080526-120258 : RJ34434 ; %UserProfileCitrix%\RJ34434
20080526-120258 : RJE0427 ; %UserProfileCitrix%\RJE0427
20080526-120259 : RJE1840 ; %UserProfileCitrix%\RJE1840
20080526-120259 : RJE5077 ; %UserProfileCitrix%\RJE5077
20080526-120259 : RJE5091 ; %UserProfileCitrix%\RJE5091
20080526-120300 : RK38046 ; %UserProfileCitrix%\RK38046
20080526-120300 : RK39388 ; %UserProfileCitrix%\RK39388
20080526-120300 : RK59414 ; %UserProfileCitrix%\RK59414
20080526-120301 : RK79749 ; %UserProfileCitrix%\RK79749
20080526-120301 : RK89073 ; %UserProfileCitrix%\RK89073
20080526-120301 : RKE1706 ; %UserProfileCitrix%\RKE1706
20080526-120302 : RL56827 ; %UserProfileCitrix%\RL56827
20080526-120302 : RL58640 ; %UserProfileCitrix%\RL58640
20080526-120303 : RL59950 ; %UserProfileCitrix%\RL59950
20080526-120303 : RL76718 ; %UserProfileCitrix%\RL76718
20080526-120303 : RL78264 ; %UserProfileCitrix%\RL78264
20080526-120304 : RL78766 ; %UserProfileCitrix%\RL78766
20080526-120304 : RL80541 ; %UserProfileCitrix%\RL80541
20080526-120304 : RLE1790 ; %UserProfileCitrix%\RLE1790
20080526-120305 : RLE1853 ; %UserProfileCitrix%\RLE1853
20080526-120305 : RLE1861 ; %UserProfileCitrix%\RLE1861
20080526-120305 : RM38406 ; %UserProfileCitrix%\RM38406
20080526-120306 : RM72492 ; %UserProfileCitrix%\RM72492
20080526-120306 : RM75974 ; %UserProfileCitrix%\RM75974
20080526-120306 : RME1763 ; %UserProfileCitrix%\RME1763
20080526-120307 : RN57378 ; %UserProfileCitrix%\RN57378
20080526-120307 : RO56884 ; %UserProfileCitrix%\RO56884
20080526-120307 : RO59814 ; %UserProfileCitrix%\RO59814
20080526-120308 : RO75886 ; %UserProfileCitrix%\RO75886
20080526-120308 : RO79244 ; %UserProfileCitrix%\RO79244
20080526-120308 : RO83285 ; %UserProfileCitrix%\RO83285
20080526-120309 : RP57635 ; %UserProfileCitrix%\RP57635
20080526-120309 : RP58604 ; %UserProfileCitrix%\RP58604
20080526-120310 : RR37130 ; %UserProfileCitrix%\RR37130
20080526-120310 : RR59387 ; %UserProfileCitrix%\RR59387
20080526-120310 : RR77940 ; %UserProfileCitrix%\RR77940
20080526-120311 : RR82839 ; %UserProfileCitrix%\RR82839
20080526-120311 : RRE1837 ; %UserProfileCitrix%\RRE1837
20080526-120311 : RS56529 ; %UserProfileCitrix%\RS56529
20080526-120312 : RS59843 ; %UserProfileCitrix%\RS59843
20080526-120312 : RS76644 ; %UserProfileCitrix%\RS76644
20080526-120312 : RS76722 ; %UserProfileCitrix%\RS76722
20080526-120313 : RS76759 ; %UserProfileCitrix%\RS76759
20080526-120313 : RS77901 ; %UserProfileCitrix%\RS77901
20080526-120313 : RS78556 ; %UserProfileCitrix%\RS78556
20080526-120314 : RS82044 ; %UserProfileCitrix%\RS82044
20080526-120314 : ERROR: RS89113 ; \\S060\CTXPROF$\RS89113
20080526-120315 : RSE1131 ; %UserProfileCitrix%\RSE1131
20080526-120315 : RSE1835 ; %UserProfileCitrix%\RSE1835
20080526-120315 : RT75297 ; %UserProfileCitrix%\RT75297
20080526-120316 : RTE1882 ; %UserProfileCitrix%\RTE1882
20080526-120316 : RV56540 ; %UserProfileCitrix%\RV56540
20080526-120316 : RV58772 ; %UserProfileCitrix%\RV58772
20080526-120317 : RVE1704 ; %UserProfileCitrix%\RVE1704
20080526-120317 : RVE1769 ; %UserProfileCitrix%\RVE1769
20080526-120317 : RW38801 ; %UserProfileCitrix%\RW38801
20080526-120318 : RW76130 ; %UserProfileCitrix%\RW76130
20080526-120318 : RW76651 ; %UserProfileCitrix%\RW76651
20080526-120318 : RW81098 ; %UserProfileCitrix%\RW81098
20080526-120319 : s10adm ; %UserProfileCitrix%\s10adm
20080526-120319 : s40adm ; %UserProfileCitrix%\s40adm
20080526-120319 : SA39900 ; %UserProfileCitrix%\SA39900
20080526-120320 : SA75252 ; %UserProfileCitrix%\SA75252
20080526-120320 : SAPServiceA01 ; %UserProfileCitrix%\SAPServiceA01
20080526-120321 : SAPServiceA10 ; %UserProfileCitrix%\SAPServiceA10
20080526-120321 : SAPServiceAJ1 ; %UserProfileCitrix%\SAPServiceAJ1
20080526-120321 : SAPServiceAW1 ; %UserProfileCitrix%\SAPServiceAW1
20080526-120322 : SAPServiceD01 ; %UserProfileCitrix%\SAPServiceD01
20080526-120322 : SAPServiceD10 ; %UserProfileCitrix%\SAPServiceD10
20080526-120322 : SAPServiceI10 ; %UserProfileCitrix%\SAPServiceI10
20080526-120323 : SAPServiceI20 ; %UserProfileCitrix%\SAPServiceI20
20080526-120323 : SAPServiceNC1 ; %UserProfileCitrix%\SAPServiceNC1
20080526-120323 : SAPserviceP01 ; %UserProfileCitrix%\SAPserviceP01
20080526-120324 : SAPServiceP10 ; %UserProfileCitrix%\SAPServiceP10
20080526-120324 : SAPServicePJ1 ; %UserProfileCitrix%\SAPServicePJ1
20080526-120325 : SAPServicePJ5 ; %UserProfileCitrix%\SAPServicePJ5
20080526-120325 : SAPServicePJ6 ; %UserProfileCitrix%\SAPServicePJ6
20080526-120325 : SAPServicePW1 ; %UserProfileCitrix%\SAPServicePW1
20080526-120326 : SAPServiceS10 ; %UserProfileCitrix%\SAPServiceS10
20080526-120326 : SAPServiceS40 ; %UserProfileCitrix%\SAPServiceS40
20080526-120326 : SAPSERVICESJ1 ; %UserProfileCitrix%\SAPSERVICESJ1
20080526-120327 : Sapservicetst ; %UserProfileCitrix%\Sapservicetst
20080526-120327 : Scheduler ; %UserProfileCitrix%\Scheduler
20080526-120327 : SE59808 ; %UserProfileCitrix%\SE59808
20080526-120328 : Seagate ; %UserProfileCitrix%\Seagate
20080526-120328 : SG59407 ; %UserProfileCitrix%\SG59407
20080526-120328 : SH57709 ; %UserProfileCitrix%\SH57709
20080526-120329 : SH82027 ; %UserProfileCitrix%\SH82027
20080526-120329 : SH82805 ; %UserProfileCitrix%\SH82805
20080526-120330 : SHE1877 ; %UserProfileCitrix%\SHE1877
20080526-120330 : SJ1ADM ; %UserProfileCitrix%\SJ1ADM
20080526-120330 : SM76691 ; %UserProfileCitrix%\SM76691
20080526-120331 : SM79130 ; %UserProfileCitrix%\SM79130
20080526-120331 : SM82010 ; %UserProfileCitrix%\SM82010
20080526-120331 : SME1583 ; %UserProfileCitrix%\SME1583
20080526-120332 : SME1872 ; %UserProfileCitrix%\SME1872
20080526-120332 : SN82828 ; %UserProfileCitrix%\SN82828
20080526-120332 : SO36207 ; %UserProfileCitrix%\SO36207
20080526-120333 : SP38843 ; %UserProfileCitrix%\SP38843
20080526-120333 : SP81014 ; %UserProfileCitrix%\SP81014
20080526-120333 : SP81370 ; %UserProfileCitrix%\SP81370
20080526-120334 : SPE1805 ; %UserProfileCitrix%\SPE1805
20080526-120334 : SPE5049 ; %UserProfileCitrix%\SPE5049
20080526-120334 : SQLcitrix ; %UserProfileCitrix%\SQLcitrix
20080526-120335 : SQLexec ; %UserProfileCitrix%\SQLexec
20080526-120335 : SQLExecutiveCmdExec ; %UserProfileCitrix%\SQLExecutiveCmdExec
20080526-120335 : SRVOPER ; %UserProfileCitrix%\SRVOPER
20080526-120336 : SS79956 ; %UserProfileCitrix%\SS79956
20080526-120336 : SS80247 ; %UserProfileCitrix%\SS80247
20080526-120337 : SS82703 ; %UserProfileCitrix%\SS82703
20080526-120337 : SSE1843 ; %UserProfileCitrix%\SSE1843
20080526-120337 : SSRPMSvcAccnt ; %UserProfileCitrix%\SSRPMSvcAccnt
20080526-120338 : ST77586 ; %UserProfileCitrix%\ST77586
20080526-120338 : ST79208 ; %UserProfileCitrix%\ST79208
20080526-120338 : ST90318 ; %UserProfileCitrix%\ST90318
20080526-120339 : STE1489 ; %UserProfileCitrix%\STE1489
20080526-120339 : StorageCentral ; %UserProfileCitrix%\StorageCentral
20080526-120339 : strsusr ; %UserProfileCitrix%\strsusr
20080526-120340 : Support ; %UserProfileCitrix%\Support
20080526-120340 : SUPPORT_388945a0 ; %UserProfileCitrix%\SUPPORT_388945a0
20080526-120341 : SV38327 ; %UserProfileCitrix%\SV38327
20080526-120341 : SV78650 ; %UserProfileCitrix%\SV78650
20080526-120341 : SW79023 ; %UserProfileCitrix%\SW79023
20080526-120342 : SY77879 ; %UserProfileCitrix%\SY77879
20080526-120342 : T4E_UMRA_Service ; %UserProfileCitrix%\T4E_UMRA_Service
20080526-120342 : TA76404 ; %UserProfileCitrix%\TA76404
20080526-120343 : TB38808 ; %UserProfileCitrix%\TB38808
20080526-120343 : TB54718 ; %UserProfileCitrix%\TB54718
20080526-120343 : TB57547 ; %UserProfileCitrix%\TB57547
20080526-120344 : TB77360 ; %UserProfileCitrix%\TB77360
20080526-120344 : TB82057 ; %UserProfileCitrix%\TB82057
20080526-120344 : TC38955 ; %UserProfileCitrix%\TC38955
20080526-120345 : TC39572 ; %UserProfileCitrix%\TC39572
20080526-120345 : TD57697 ; %UserProfileCitrix%\TD57697
20080526-120345 : TD77249 ; %UserProfileCitrix%\TD77249
20080526-120346 : TE78842 ; %UserProfileCitrix%\TE78842
20080526-120346 : TEA0001 ; %UserProfileCitrix%\TEA0001
20080526-120346 : TEE1655 ; %UserProfileCitrix%\TEE1655
20080526-120347 : TEE1850 ; %UserProfileCitrix%\TEE1850
20080526-120347 : Test voor UserProfileCitrix ; \\s060\ctxprof$\UserProfileCitrix
20080526-120348 : TFE1783 ; %UserProfileCitrix%\TFE1783
20080526-120348 : ERROR: TGE1895 ; \\S060\CTXPROF$\TGE1895
20080526-120348 : TH35684 ; %UserProfileCitrix%\TH35684
20080526-120349 : TH39417 ; %UserProfileCitrix%\TH39417
20080526-120349 : TH57585 ; %UserProfileCitrix%\TH57585
20080526-120349 : TH75875 ; %UserProfileCitrix%\TH75875
20080526-120350 : TH77009 ; %UserProfileCitrix%\TH77009
20080526-120350 : TJ75509 ; %UserProfileCitrix%\TJ75509
20080526-120350 : TK38177 ; %UserProfileCitrix%\TK38177
20080526-120351 : TK76701 ; %UserProfileCitrix%\TK76701
20080526-120351 : TK76958 ; %UserProfileCitrix%\TK76958
20080526-120351 : TK78109 ; %UserProfileCitrix%\TK78109
20080526-120352 : TKE1782 ; %UserProfileCitrix%\TKE1782
20080526-120352 : TKE1825 ; %UserProfileCitrix%\TKE1825
20080526-120353 : TL80883 ; %UserProfileCitrix%\TL80883
20080526-120353 : TM35689 ; %UserProfileCitrix%\TM35689
20080526-120353 : TM90195 ; %UserProfileCitrix%\TM90195
20080526-120354 : ERROR: TM90329 ; \\S060\CTXPROF$\TM90329
20080526-120354 : ERROR: TME1896 ; \\S060\CTXPROF$\TME1896
20080526-120354 : TN11111 ; %UserProfileCitrix%\TN11111
20080526-120355 : TN78028 ; %UserProfileCitrix%\TN78028
20080526-120355 : TO37532 ; %UserProfileCitrix%\TO37532
20080526-120355 : TO39042 ; %UserProfileCitrix%\TO39042
20080526-120356 : TP79200 ; %UserProfileCitrix%\TP79200
20080526-120356 : TPE1856 ; %UserProfileCitrix%\TPE1856
20080526-120356 : TR75375 ; %UserProfileCitrix%\TR75375
20080526-120357 : ERROR: TR89111 ; \\S060\CTXPROF$\TR89111
20080526-120357 : TrendVirusUpdate ; %UserProfileCitrix%\TrendVirusUpdate
20080526-120358 : tstadm ; %UserProfileCitrix%\tstadm
20080526-120358 : TT90314 ; %UserProfileCitrix%\TT90314
20080526-120358 : TV31469 ; %UserProfileCitrix%\TV31469
20080526-120359 : TV76671 ; %UserProfileCitrix%\TV76671
20080526-120359 : TYE1822 ; %UserProfileCitrix%\TYE1822
20080526-120359 : UL79649 ; %UserProfileCitrix%\UL79649
20080526-120400 : ERROR: USE1888 ; \\S060\CTXPROF$\USE1888
20080526-120400 : VcomMaintenance ; %UserProfileCitrix%\VcomMaintenance
20080526-120400 : VcomService ; %UserProfileCitrix%\VcomService
20080526-120401 : VCTX ; %UserProfileCitrix%\VCTX
20080526-120401 : VCTX TEST 001 ; %UserProfileCitrix%\%UserName%
20080526-120401 : VCTX TEST 002 ; %UserProfileCitrix%\VCTX_TEST_002
20080526-120402 : VCTX TEST 003 ; %UserProfileCitrix%\VCTX_TEST_003
20080526-120402 : VCTX TEST 004 ; %UserProfileCitrix%\%UserName%
20080526-120402 : VCTX_SRV_IMA ; %UserProfileCitrix%\VCTX_SRV_IMA
20080526-120403 : VCTX_SRV_PROV ; %UserProfileCitrix%\VCTX_SRV_PROV
20080526-120403 : vctx_test_005 ; %UserProfileCitrix%\vctx_test_005
20080526-120403 : vctx_test_006 ; %UserProfileCitrix%\vctx_test_006
20080526-120404 : vctx_test_007 ; %UserProfileCitrix%\vctx_test_007
20080526-120404 : vctx_test_008 ; %UserProfileCitrix%\vctx_test_008
20080526-120405 : vctx_test_009 ; %UserProfileCitrix%\vctx_test_009
20080526-120405 : vctx_test_010 ; %UserProfileCitrix%\vctx_test_010
20080526-120405 : vctx_test_011 ; %UserProfileCitrix%\vctx_test_011
20080526-120406 : vctx_test_012 ; %UserProfileCitrix%\vctx_test_012
20080526-120406 : vctx_test_013 ; %UserProfileCitrix%\vctx_test_013
20080526-120406 : vctx_test_014 ; %UserProfileCitrix%\vctx_test_014
20080526-120407 : vctx_test_015 ; %UserProfileCitrix%\vctx_test_015
20080526-120407 : vctx_test_016 ; %UserProfileCitrix%\vctx_test_016
20080526-120408 : vctx_test_017 ; %UserProfileCitrix%\vctx_test_017
20080526-120408 : vctx_test_018 ; %UserProfileCitrix%\vctx_test_018
20080526-120408 : vctx_test_019 ; %UserProfileCitrix%\vctx_test_019
20080526-120409 : vctx_test_020 ; %UserProfileCitrix%\vctx_test_020
20080526-120409 : vctx_test_021 ; %UserProfileCitrix%\vctx_test_021
20080526-120409 : vctx_test_022 ; %UserProfileCitrix%\vctx_test_022
20080526-120410 : vctx_test_023 ; %UserProfileCitrix%\vctx_test_023
20080526-120410 : vctx_test_024 ; %UserProfileCitrix%\vctx_test_024
20080526-120410 : vctx_test_025 ; %UserProfileCitrix%\vctx_test_025
20080526-120411 : vctx_test_026 ; %UserProfileCitrix%\vctx_test_026
20080526-120411 : vctx_test_027 ; %UserProfileCitrix%\vctx_test_027
20080526-120411 : vctx_test_028 ; %UserProfileCitrix%\vctx_test_028
20080526-120412 : vctx_test_029 ; %UserProfileCitrix%\vctx_test_029
20080526-120412 : vctx_test_030 ; %UserProfileCitrix%\vctx_test_030
20080526-120412 : Virus checking ; %UserProfileCitrix%\Virus checking
20080526-120413 : VL80470 ; %UserProfileCitrix%\VL80470
20080526-120413 : VM77073 ; %UserProfileCitrix%\VM77073
20080526-120413 : VN79900 ; %UserProfileCitrix%\VN79900
20080526-120414 : VS39265 ; %UserProfileCitrix%\VS39265
20080526-120414 : W95SUPP ; %UserProfileCitrix%\W95SUPP
20080526-120414 : WA37787 ; %UserProfileCitrix%\WA37787
20080526-120415 : WA77116 ; %UserProfileCitrix%\WA77116
20080526-120415 : WAE1793 ; %UserProfileCitrix%\WAE1793
20080526-120415 : WASService ; %UserProfileCitrix%\WASService
20080526-120416 : WB38605 ; %UserProfileCitrix%\WB38605
20080526-120416 : WB58136 ; %UserProfileCitrix%\WB58136
20080526-120417 : WB72466 ; %UserProfileCitrix%\WB72466
20080526-120417 : WB73525 ; %UserProfileCitrix%\WB73525
20080526-120417 : WB75586 ; %UserProfileCitrix%\WB75586
20080526-120418 : WB75808 ; %UserProfileCitrix%\WB75808
20080526-120418 : WB79056 ; %UserProfileCitrix%\WB79056
20080526-120418 : WB79504 ; %UserProfileCitrix%\WB79504
20080526-120419 : WC38323 ; %UserProfileCitrix%\WC38323
20080526-120419 : WD38606 ; %UserProfileCitrix%\WD38606
20080526-120419 : WD75910 ; %UserProfileCitrix%\WD75910
20080526-120420 : WD82533 ; %UserProfileCitrix%\WD82533
20080526-120420 : WDE5089 ; %UserProfileCitrix%\WDE5089
20080526-120420 : WE75679 ; %UserProfileCitrix%\WE75679
20080526-120421 : WF57523 ; %UserProfileCitrix%\WF57523
20080526-120421 : WG79175 ; %UserProfileCitrix%\WG79175
20080526-120422 : WH38981 ; %UserProfileCitrix%\WH38981
20080526-120422 : WH57171 ; %UserProfileCitrix%\WH57171
20080526-120422 : WH58328 ; %UserProfileCitrix%\WH58328
20080526-120423 : WH75386 ; %UserProfileCitrix%\WH75386
20080526-120423 : WH76113 ; %UserProfileCitrix%\WH76113
20080526-120423 : WHE5094 ; %UserProfileCitrix%\WHE5094
20080526-120424 : WJE1452 ; %UserProfileCitrix%\WJE1452
20080526-120424 : WK38310 ; %UserProfileCitrix%\WK38310
20080526-120424 : WK73265 ; %UserProfileCitrix%\WK73265
20080526-120425 : WK75743 ; %UserProfileCitrix%\WK75743
20080526-120425 : WK76462 ; %UserProfileCitrix%\WK76462
20080526-120425 : WK76856 ; %UserProfileCitrix%\WK76856
20080526-120426 : WK77369 ; %UserProfileCitrix%\WK77369
20080526-120426 : WK79245 ; %UserProfileCitrix%\WK79245
20080526-120426 : WK82735 ; %UserProfileCitrix%\WK82735
20080526-120427 : WL36095 ; %UserProfileCitrix%\WL36095
20080526-120427 : WL75582 ; %UserProfileCitrix%\WL75582
20080526-120427 : WLE5004 ; %UserProfileCitrix%\WLE5004
20080526-120428 : WM57027 ; %UserProfileCitrix%\WM57027
20080526-120428 : WM76942 ; %UserProfileCitrix%\WM76942
20080526-120429 : WME1741 ; %UserProfileCitrix%\WME1741
20080526-120429 : WME5071 ; %UserProfileCitrix%\WME5071
20080526-120429 : ERROR: WN79844 ; \\S060\CTXPROF$\WN79844
20080526-120430 : WOE1703 ; %UserProfileCitrix%\WOE1703
20080526-120430 : WP38214 ; %UserProfileCitrix%\WP38214
20080526-120430 : WP38636 ; %UserProfileCitrix%\WP38636
20080526-120431 : WP77442 ; %UserProfileCitrix%\WP77442
20080526-120431 : WP77813 ; %UserProfileCitrix%\WP77813
20080526-120431 : WS38791 ; %UserProfileCitrix%\WS38791
20080526-120432 : WS57909 ; %UserProfileCitrix%\WS57909
20080526-120432 : WS75275 ; %UserProfileCitrix%\WS75275
20080526-120432 : WS78635 ; %UserProfileCitrix%\WS78635
20080526-120433 : WS79241 ; %UserProfileCitrix%\WS79241
20080526-120433 : WSE5066 ; %UserProfileCitrix%\WSE5066
20080526-120433 : WSUS ; %UserProfileCitrix%\wsus
20080526-120434 : WT78221 ; %UserProfileCitrix%\WT78221
20080526-120434 : WV34437 ; %UserProfileCitrix%\WV34437
20080526-120434 : WV73643 ; %UserProfileCitrix%\WV73643
20080526-120435 : WVE5047 ; %UserProfileCitrix%\WVE5047
20080526-120435 : WW34124 ; %UserProfileCitrix%\WW34124
20080526-120435 : WW382190 ; %UserProfileCitrix%\WW382190
20080526-120436 : WW76807 ; %UserProfileCitrix%\WW76807
20080526-120436 : WW79046 ; %UserProfileCitrix%\WW79046
20080526-120437 : WZ38717 ; %UserProfileCitrix%\WZ38717
20080526-120437 : XP80885 ; %UserProfileCitrix%\XP80885
20080526-120437 : YF90309 ; %UserProfileCitrix%\YF90309
20080526-120438 : YFE1813 ; %UserProfileCitrix%\YFE1813
20080526-120438 : YHE5038 ; %UserProfileCitrix%\YHE5038
20080526-120438 : YI90192 ; %UserProfileCitrix%\YI90192
20080526-120439 : YI90303 ; %UserProfileCitrix%\YI90303
20080526-120439 : YK90193 ; %UserProfileCitrix%\YK90193
20080526-120439 : YK90279 ; %UserProfileCitrix%\YK90279
20080526-120440 : YK90304 ; %UserProfileCitrix%\YK90304
20080526-120440 : YKE1787 ; %UserProfileCitrix%\YKE1787
20080526-120440 : ERROR: YO89109 ; \\S060\CTXPROF$\YO89109
20080526-120441 : YO90030 ; %UserProfileCitrix%\YO90030
20080526-120441 : ERROR: YS90330 ; \\S060\CTXPROF$\YS90330
20080526-120441 : YSE1826 ; %UserProfileCitrix%\YSE1826
20080526-120442 : YT90322 ; %UserProfileCitrix%\YT90322
20080526-120442 : YWE5031 ; %UserProfileCitrix%\YWE5031
20080526-120443 : ZF58008 ; %UserProfileCitrix%\ZF58008
