Script start: 23-11-2006 10:04:12
--------------------------------------------------------------------------------
The following accounts cannot be found in the current domain.
#Scripts
Backup
Copy of CB57542
Copy of CP57899
Copy of GK57600
Copy of JS38256
Copy of NL83598
J38256
JB79933.old
JL77591.OLD
MG73669.old
MH80552.old
MM75373.old
t4eklaasje1
Test (niet verwijderen aub)
VL80470.OLD
--------------------------------------------------------------------------------
Script end: 23-11-2006 10:05:14
