20080526-120846 : ERROR: Could not find AKE1894  in the domain!
20080526-120847 : ERROR: Could not find BE39021  in the domain!
20080526-120847 : ERROR: Could not find BE89021  in the domain!
20080526-120847 : ERROR: Could not find BGC361  in the domain!
20080526-120848 : ERROR: Could not find BGR3A1  in the domain!
20080526-120848 : ERROR: Could not find BGR3X1  in the domain!
20080526-120848 : ERROR: Could not find BGR3X2  in the domain!
20080526-120849 : ERROR: Could not find FGM051  in the domain!
20080526-120849 : ERROR: Could not find FGM651  in the domain!
20080526-120944 : CN=AKE1894,CN=Users,DC=nedcar,DC=nl
20080526-120944 : Path successfully changed to %UserProfileCitrix%\AKE1894
20080526-120944 : CN=BE39021,CN=Users,DC=nedcar,DC=nl
20080526-120944 : Path successfully changed to %UserProfileCitrix%\BE39021
20080526-120945 : CN=BE89021,CN=Users,DC=nedcar,DC=nl
20080526-120945 : Path successfully changed to %UserProfileCitrix%\BE89021
20080526-120945 : CN=BGC361,CN=Users,DC=nedcar,DC=nl
20080526-120945 : Path successfully changed to %UserProfileCitrix%\BGC361
20080526-120946 : CN=BGR3A1,CN=Users,DC=nedcar,DC=nl
20080526-120946 : Path successfully changed to %UserProfileCitrix%\BGR3A1
20080526-120946 : CN=BGR3X1,CN=Users,DC=nedcar,DC=nl
20080526-120946 : Path successfully changed to %UserProfileCitrix%\BGR3X1
20080526-120946 : CN=BGR3X2,CN=Users,DC=nedcar,DC=nl
20080526-120947 : Path successfully changed to %UserProfileCitrix%\BGR3X2
20080526-120947 : CN=FGM051,CN=Users,DC=nedcar,DC=nl
20080526-120947 : Path successfully changed to %UserProfileCitrix%\FGM051
20080526-120947 : CN=FGM651,CN=Users,DC=nedcar,DC=nl
20080526-120947 : Path successfully changed to %UserProfileCitrix%\FGM651
20080526-120948 : CN=FGR3A1,CN=Users,DC=nedcar,DC=nl
20080526-120948 : Path successfully changed to %UserProfileCitrix%\FGR3A1
20080526-120948 : CN=FGR3A2,CN=Users,DC=nedcar,DC=nl
20080526-120948 : Path successfully changed to %UserProfileCitrix%\FGR3A2
20080526-120948 : CN=FGR3X1,CN=Users,DC=nedcar,DC=nl
20080526-120949 : Path successfully changed to %UserProfileCitrix%\FGR3X1
20080526-120949 : CN=FGR3X2,CN=Users,DC=nedcar,DC=nl
20080526-120949 : Path successfully changed to %UserProfileCitrix%\FGR3X2
20080526-120949 : CN=FGR3X3,CN=Users,DC=nedcar,DC=nl
20080526-120949 : Path successfully changed to %UserProfileCitrix%\FGR3X3
20080526-120950 : CN=FSE1890,CN=Users,DC=nedcar,DC=nl
20080526-120950 : Path successfully changed to %UserProfileCitrix%\FSE1890
20080526-120950 : CN=GRE1887,CN=Users,DC=nedcar,DC=nl
20080526-120950 : Path successfully changed to %UserProfileCitrix%\GRE1887
20080526-120951 : CN=HH37136,CN=Users,DC=nedcar,DC=nl
20080526-120951 : Path successfully changed to %UserProfileCitrix%\HH37136
20080526-120951 : CN=HO90328,CN=Users,DC=nedcar,DC=nl
20080526-120951 : Path successfully changed to %UserProfileCitrix%\HO90328
20080526-120951 : CN=JA90327,CN=Users,DC=nedcar,DC=nl
20080526-120951 : Path successfully changed to %UserProfileCitrix%\JA90327
20080526-120952 : CN=JB90308,CN=Users,DC=nedcar,DC=nl
20080526-120952 : Path successfully changed to %UserProfileCitrix%\JB90308
20080526-120952 : CN=JK90326,CN=Users,DC=nedcar,DC=nl
20080526-120952 : Path successfully changed to %UserProfileCitrix%\JK90326
20080526-120953 : CN=JP34445,CN=Users,DC=nedcar,DC=nl
20080526-120953 : Path successfully changed to %UserProfileCitrix%\JP34445
20080526-120953 : CN=JTE1891,CN=Users,DC=nedcar,DC=nl
20080526-120953 : Path successfully changed to %UserProfileCitrix%\JTE1891
20080526-120953 : CN=KLE1886,CN=Users,DC=nedcar,DC=nl
20080526-120954 : Path successfully changed to %UserProfileCitrix%\KLE1886
20080526-120954 : CN=MME1897,CN=Users,DC=nedcar,DC=nl
20080526-120954 : Path successfully changed to %UserProfileCitrix%\MME1897
20080526-120954 : CN=MSE1893,CN=Users,DC=nedcar,DC=nl
20080526-120954 : Path successfully changed to %UserProfileCitrix%\MSE1893
20080526-120955 : CN=PVE1892,CN=Users,DC=nedcar,DC=nl
20080526-120955 : Path successfully changed to %UserProfileCitrix%\PVE1892
20080526-120955 : CN=Q057036,CN=Users,DC=nedcar,DC=nl
20080526-120955 : Path successfully changed to %UserProfileCitrix%\Q057036
20080526-120956 : CN=RBE1889,CN=Users,DC=nedcar,DC=nl
20080526-120956 : Path successfully changed to %UserProfileCitrix%\RBE1889
20080526-120956 : CN=RS89113,CN=Users,DC=nedcar,DC=nl
20080526-120956 : Path successfully changed to %UserProfileCitrix%\RS89113
20080526-120956 : CN=TGE1895,CN=Users,DC=nedcar,DC=nl
20080526-120956 : Path successfully changed to %UserProfileCitrix%\TGE1895
20080526-120957 : CN=TM90329,CN=Users,DC=nedcar,DC=nl
20080526-120957 : Path successfully changed to %UserProfileCitrix%\TM90329
20080526-120957 : CN=TME1896,CN=Users,DC=nedcar,DC=nl
20080526-120957 : Path successfully changed to %UserProfileCitrix%\TME1896
20080526-120958 : CN=TR89111,CN=Users,DC=nedcar,DC=nl
20080526-120958 : Path successfully changed to %UserProfileCitrix%\TR89111
20080526-120958 : CN=USE1888,CN=Users,DC=nedcar,DC=nl
20080526-120958 : Path successfully changed to %UserProfileCitrix%\USE1888
20080526-120958 : CN=WN79844,CN=Users,DC=nedcar,DC=nl
20080526-120958 : Path successfully changed to %UserProfileCitrix%\WN79844
20080526-120959 : CN=YO89109,CN=Users,DC=nedcar,DC=nl
20080526-120959 : Path successfully changed to %UserProfileCitrix%\YO89109
20080526-120959 : CN=YS90330,CN=Users,DC=nedcar,DC=nl
20080526-120959 : Path successfully changed to %UserProfileCitrix%\YS90330
