01-11-2006 10:46 -------------------------------------------       
01-11-2006 10:46 Delete AB32219      
01-11-2006 10:46 Delete Citrix profiel AB32219    
\\S032\Ctxprof$\AB32219
\\S032\Ctxprof$\AB32219, Are you sure (Y/N)? y 
01-11-2006 10:46 -------------------------------------------       
01-11-2006 10:46 Delete ACCTEST      
01-11-2006 10:46 Delete Citrix profiel ACCTEST    
\\S032\Ctxprof$\ACCTEST
\\S032\Ctxprof$\ACCTEST, Are you sure (Y/N)? y 
01-11-2006 10:46 -------------------------------------------       
01-11-2006 10:46 Delete AH38471      
01-11-2006 10:46 Delete Citrix profiel AH38471    
\\S032\Ctxprof$\AH38471
\\S032\Ctxprof$\AH38471, Are you sure (Y/N)? y 
01-11-2006 10:46 -------------------------------------------       
01-11-2006 10:46 Delete AH82015      
01-11-2006 10:46 Delete Citrix profiel AH82015    
\\S032\Ctxprof$\AH82015
\\S032\Ctxprof$\AH82015, Are you sure (Y/N)? y 
01-11-2006 10:46 -------------------------------------------       
01-11-2006 10:46 Delete AJ90110      
01-11-2006 10:46 Delete Citrix profiel AJ90110    
\\S032\Ctxprof$\AJ90110
\\S032\Ctxprof$\AJ90110, Are you sure (Y/N)? y 
01-11-2006 10:46 -------------------------------------------       
01-11-2006 10:46 Delete AJE1672      
01-11-2006 10:46 Delete Citrix profiel AJE1672    
\\S032\Ctxprof$\AJE1672
\\S032\Ctxprof$\AJE1672, Are you sure (Y/N)? y 
01-11-2006 10:46 -------------------------------------------       
01-11-2006 10:46 Delete AKE1718      
01-11-2006 10:46 Delete Citrix profiel AKE1718    
\\S032\Ctxprof$\AKE1718
\\S032\Ctxprof$\AKE1718, Are you sure (Y/N)? y 
01-11-2006 10:46 -------------------------------------------       
01-11-2006 10:46 Delete AKE1727      
01-11-2006 10:46 Delete Citrix profiel AKE1727    
\\S032\Ctxprof$\AKE1727
\\S032\Ctxprof$\AKE1727, Are you sure (Y/N)? y 
01-11-2006 10:46 -------------------------------------------       
01-11-2006 10:46 Delete AL56763      
01-11-2006 10:46 Delete Citrix profiel AL56763    
\\S032\Ctxprof$\AL56763
\\S032\Ctxprof$\AL56763, Are you sure (Y/N)? y 
01-11-2006 10:46 -------------------------------------------       
01-11-2006 10:46 Delete ALG0001      
01-11-2006 10:46 Delete Citrix profiel ALG0001    
\\S032\Ctxprof$\ALG0001
\\S032\Ctxprof$\ALG0001, Are you sure (Y/N)? y 
01-11-2006 10:46 -------------------------------------------       
01-11-2006 10:46 Delete ALG0003      
01-11-2006 10:46 Delete Citrix profiel ALG0003    
\\S032\Ctxprof$\ALG0003
\\S032\Ctxprof$\ALG0003, Are you sure (Y/N)? y 
01-11-2006 10:46 -------------------------------------------       
01-11-2006 10:46 Delete AM32955      
01-11-2006 10:46 Delete Citrix profiel AM32955    
\\S032\Ctxprof$\AM32955
\\S032\Ctxprof$\AM32955, Are you sure (Y/N)? y 
01-11-2006 10:46 -------------------------------------------       
01-11-2006 10:46 Delete AO38760      
01-11-2006 10:46 Delete Citrix profiel AO38760    
\\S032\Ctxprof$\AO38760
\\S032\Ctxprof$\AO38760, Are you sure (Y/N)? y 
01-11-2006 10:46 -------------------------------------------       
01-11-2006 10:46 Delete AP90187      
01-11-2006 10:46 Delete Citrix profiel AP90187    
\\S032\Ctxprof$\AP90187
\\S032\Ctxprof$\AP90187, Are you sure (Y/N)? y 
01-11-2006 10:46 -------------------------------------------       
01-11-2006 10:46 Delete AU54939      
01-11-2006 10:46 Delete Citrix profiel AU54939    
\\S032\Ctxprof$\AU54939
\\S032\Ctxprof$\AU54939, Are you sure (Y/N)? y 
01-11-2006 10:46 -------------------------------------------       
01-11-2006 10:46 Delete BE80555      
01-11-2006 10:46 Delete Citrix profiel BE80555    
\\S032\Ctxprof$\BE80555
\\S032\Ctxprof$\BE80555, Are you sure (Y/N)? y 
01-11-2006 10:47 -------------------------------------------       
01-11-2006 10:47 Delete BR38882      
01-11-2006 10:47 Delete Citrix profiel BR38882    
\\S032\Ctxprof$\BR38882
\\S032\Ctxprof$\BR38882, Are you sure (Y/N)? y 
01-11-2006 10:47 -------------------------------------------       
01-11-2006 10:47 Delete BRE1125      
01-11-2006 10:47 Delete Citrix profiel BRE1125    
\\S032\Ctxprof$\BRE1125
\\S032\Ctxprof$\BRE1125, Are you sure (Y/N)? y 
01-11-2006 10:47 -------------------------------------------       
01-11-2006 10:47 Delete CM82652      
01-11-2006 10:47 Delete Citrix profiel CM82652    
\\S032\Ctxprof$\CM82652
\\S032\Ctxprof$\CM82652, Are you sure (Y/N)? y 
01-11-2006 10:47 -------------------------------------------       
01-11-2006 10:47 Delete CME1182      
01-11-2006 10:47 Delete Citrix profiel CME1182    
\\S032\Ctxprof$\CME1182
\\S032\Ctxprof$\CME1182, Are you sure (Y/N)? y 
01-11-2006 10:47 -------------------------------------------       
01-11-2006 10:47 Delete CWE1665      
01-11-2006 10:47 Delete Citrix profiel CWE1665    
\\S032\Ctxprof$\CWE1665
\\S032\Ctxprof$\CWE1665, Are you sure (Y/N)? y 
01-11-2006 10:47 -------------------------------------------       
01-11-2006 10:47 Delete DB79912      
01-11-2006 10:47 Delete Citrix profiel DB79912    
\\S032\Ctxprof$\DB79912
\\S032\Ctxprof$\DB79912, Are you sure (Y/N)? y 
01-11-2006 10:47 -------------------------------------------       
01-11-2006 10:47 Delete DDE1692      
01-11-2006 10:47 Delete Citrix profiel DDE1692    
\\S032\Ctxprof$\DDE1692
\\S032\Ctxprof$\DDE1692, Are you sure (Y/N)? y 
01-11-2006 10:47 -------------------------------------------       
01-11-2006 10:47 Delete DG76635      
01-11-2006 10:47 Delete Citrix profiel DG76635    
\\S032\Ctxprof$\DG76635
\\S032\Ctxprof$\DG76635, Are you sure (Y/N)? y 
01-11-2006 10:47 -------------------------------------------       
01-11-2006 10:47 Delete DSE1415      
01-11-2006 10:47 Delete Citrix profiel DSE1415    
\\S032\Ctxprof$\DSE1415
\\S032\Ctxprof$\DSE1415, Are you sure (Y/N)? y 
01-11-2006 10:47 -------------------------------------------       
01-11-2006 10:47 Delete EM78234      
01-11-2006 10:47 Delete Citrix profiel EM78234    
\\S032\Ctxprof$\EM78234
\\S032\Ctxprof$\EM78234, Are you sure (Y/N)? y 
01-11-2006 10:47 -------------------------------------------       
01-11-2006 10:47 Delete EME1445      
01-11-2006 10:47 Delete Citrix profiel EME1445    
\\S032\Ctxprof$\EME1445
\\S032\Ctxprof$\EME1445, Are you sure (Y/N)? y 
01-11-2006 10:47 -------------------------------------------       
01-11-2006 10:47 Delete ENE1445      
01-11-2006 10:47 Delete Citrix profiel ENE1445    
\\S032\Ctxprof$\ENE1445
\\S032\Ctxprof$\ENE1445, Are you sure (Y/N)? y 
01-11-2006 10:47 -------------------------------------------       
01-11-2006 10:47 Delete ES80487      
01-11-2006 10:47 Delete Citrix profiel ES80487    
\\S032\Ctxprof$\ES80487
\\S032\Ctxprof$\ES80487, Are you sure (Y/N)? y 
01-11-2006 10:47 -------------------------------------------       
01-11-2006 10:47 Delete ES90188      
01-11-2006 10:47 Delete Citrix profiel ES90188    
\\S032\Ctxprof$\ES90188
\\S032\Ctxprof$\ES90188, Are you sure (Y/N)? y 
01-11-2006 10:47 -------------------------------------------       
01-11-2006 10:47 Delete ETH1420      
01-11-2006 10:47 Delete Citrix profiel ETH1420    
\\S032\Ctxprof$\ETH1420
\\S032\Ctxprof$\ETH1420, Are you sure (Y/N)? y 
01-11-2006 10:47 -------------------------------------------       
01-11-2006 10:47 Delete EV90182      
01-11-2006 10:47 Delete Citrix profiel EV90182    
\\S032\Ctxprof$\EV90182
\\S032\Ctxprof$\EV90182, Are you sure (Y/N)? y 
01-11-2006 10:47 -------------------------------------------       
01-11-2006 10:47 Delete EVE0680      
01-11-2006 10:47 Delete Citrix profiel EVE0680    
\\S032\Ctxprof$\EVE0680
\\S032\Ctxprof$\EVE0680, Are you sure (Y/N)? y 
01-11-2006 10:47 -------------------------------------------       
01-11-2006 10:47 Delete EW56764      
01-11-2006 10:47 Delete Citrix profiel EW56764    
\\S032\Ctxprof$\EW56764
\\S032\Ctxprof$\EW56764, Are you sure (Y/N)? y 
01-11-2006 10:47 -------------------------------------------       
01-11-2006 10:47 Delete FA58621      
01-11-2006 10:47 Delete Citrix profiel FA58621    
\\S032\Ctxprof$\FA58621
\\S032\Ctxprof$\FA58621, Are you sure (Y/N)? y 
01-11-2006 10:48 -------------------------------------------       
01-11-2006 10:48 Delete FB31560      
01-11-2006 10:48 Delete Citrix profiel FB31560    
\\S032\Ctxprof$\FB31560
\\S032\Ctxprof$\FB31560, Are you sure (Y/N)? y 
01-11-2006 10:48 -------------------------------------------       
01-11-2006 10:48 Delete FD30226      
01-11-2006 10:48 Delete Citrix profiel FD30226    
\\S032\Ctxprof$\FD30226
\\S032\Ctxprof$\FD30226, Are you sure (Y/N)? y 
01-11-2006 10:48 -------------------------------------------       
01-11-2006 10:48 Delete FD75049      
01-11-2006 10:48 Delete Citrix profiel FD75049    
\\S032\Ctxprof$\FD75049
File not found - \\S032\Ctxprof$\FD75049\*.*
\\S032\Ctxprof$\FD75049, Are you sure (Y/N)? y 
01-11-2006 10:48 -------------------------------------------       
01-11-2006 10:48 Delete FE82562      
01-11-2006 10:48 Delete Citrix profiel FE82562    
\\S032\Ctxprof$\FE82562
\\S032\Ctxprof$\FE82562, Are you sure (Y/N)? y 
01-11-2006 10:48 -------------------------------------------       
01-11-2006 10:48 Delete FH79203      
01-11-2006 10:48 Delete Citrix profiel FH79203    
\\S032\Ctxprof$\FH79203
\\S032\Ctxprof$\FH79203, Are you sure (Y/N)? y 
01-11-2006 10:48 -------------------------------------------       
01-11-2006 10:48 Delete fhe1440      
01-11-2006 10:48 Delete Citrix profiel fhe1440    
\\S032\Ctxprof$\fhe1440
\\S032\Ctxprof$\fhe1440, Are you sure (Y/N)? y 
01-11-2006 10:48 -------------------------------------------       
01-11-2006 10:48 Delete FM77317      
01-11-2006 10:48 Delete Citrix profiel FM77317    
\\S032\Ctxprof$\FM77317
\\S032\Ctxprof$\FM77317, Are you sure (Y/N)? y 
01-11-2006 10:48 -------------------------------------------       
01-11-2006 10:48 Delete FN31589      
01-11-2006 10:48 Delete Citrix profiel FN31589    
\\S032\Ctxprof$\FN31589
\\S032\Ctxprof$\FN31589, Are you sure (Y/N)? y 
01-11-2006 10:48 -------------------------------------------       
01-11-2006 10:48 Delete FS38752      
01-11-2006 10:48 Delete Citrix profiel FS38752    
\\S032\Ctxprof$\FS38752
\\S032\Ctxprof$\FS38752, Are you sure (Y/N)? y 
01-11-2006 10:48 -------------------------------------------       
01-11-2006 10:48 Delete FSE0808      
01-11-2006 10:48 Delete Citrix profiel FSE0808    
\\S032\Ctxprof$\FSE0808
\\S032\Ctxprof$\FSE0808, Are you sure (Y/N)? y 
01-11-2006 10:48 -------------------------------------------       
01-11-2006 10:48 Delete GAE1685      
01-11-2006 10:48 Delete Citrix profiel GAE1685    
\\S032\Ctxprof$\GAE1685
\\S032\Ctxprof$\GAE1685, Are you sure (Y/N)? y 
01-11-2006 10:48 -------------------------------------------       
01-11-2006 10:48 Delete GB81127      
01-11-2006 10:48 Delete Citrix profiel GB81127    
\\S032\Ctxprof$\GB81127
\\S032\Ctxprof$\GB81127, Are you sure (Y/N)? y 
01-11-2006 10:48 -------------------------------------------       
01-11-2006 10:48 Delete GB90086      
01-11-2006 10:48 Delete Citrix profiel GB90086    
\\S032\Ctxprof$\GB90086
\\S032\Ctxprof$\GB90086, Are you sure (Y/N)? y 
01-11-2006 10:48 -------------------------------------------       
01-11-2006 10:48 Delete GBe1454      
01-11-2006 10:48 Delete Citrix profiel GBe1454    
\\S032\Ctxprof$\GBe1454
\\S032\Ctxprof$\GBe1454, Are you sure (Y/N)? y 
01-11-2006 10:48 -------------------------------------------       
01-11-2006 10:48 Delete GP59032      
01-11-2006 10:48 Delete Citrix profiel GP59032    
\\S032\Ctxprof$\GP59032
\\S032\Ctxprof$\GP59032, Are you sure (Y/N)? y 
01-11-2006 10:48 -------------------------------------------       
01-11-2006 10:48 Delete HB58101      
01-11-2006 10:48 Delete Citrix profiel HB58101    
\\S032\Ctxprof$\HB58101
\\S032\Ctxprof$\HB58101, Are you sure (Y/N)? y 
01-11-2006 10:48 -------------------------------------------       
01-11-2006 10:48 Delete HB58419      
01-11-2006 10:48 Delete Citrix profiel HB58419    
\\S032\Ctxprof$\HB58419
\\S032\Ctxprof$\HB58419, Are you sure (Y/N)? y 
01-11-2006 10:48 -------------------------------------------       
01-11-2006 10:48 Delete HDE1696      
01-11-2006 10:48 Delete Citrix profiel HDE1696    
\\S032\Ctxprof$\HDE1696
\\S032\Ctxprof$\HDE1696, Are you sure (Y/N)? y 
01-11-2006 10:48 -------------------------------------------       
01-11-2006 10:48 Delete HELMOND      
01-11-2006 10:48 Delete Citrix profiel HELMOND    
\\S032\Ctxprof$\HELMOND
\\S032\Ctxprof$\HELMOND, Are you sure (Y/N)? y 
01-11-2006 10:48 -------------------------------------------       
01-11-2006 10:48 Delete HG36979      
01-11-2006 10:48 Delete Citrix profiel HG36979    
\\S032\Ctxprof$\HG36979
\\S032\Ctxprof$\HG36979, Are you sure (Y/N)? y 
01-11-2006 10:48 -------------------------------------------       
01-11-2006 10:48 Delete HG39187      
01-11-2006 10:48 Delete Citrix profiel HG39187    
\\S032\Ctxprof$\HG39187
\\S032\Ctxprof$\HG39187, Are you sure (Y/N)? y 
01-11-2006 10:48 -------------------------------------------       
01-11-2006 10:48 Delete HGE1473      
01-11-2006 10:48 Delete Citrix profiel HGE1473    
\\S032\Ctxprof$\HGE1473
\\S032\Ctxprof$\HGE1473, Are you sure (Y/N)? y 
01-11-2006 10:48 -------------------------------------------       
01-11-2006 10:48 Delete HJ30930      
01-11-2006 10:48 Delete Citrix profiel HJ30930    
\\S032\Ctxprof$\HJ30930
\\S032\Ctxprof$\HJ30930, Are you sure (Y/N)? y 
01-11-2006 10:48 -------------------------------------------       
01-11-2006 10:48 Delete HJ78659      
01-11-2006 10:49 Delete Citrix profiel HJ78659    
\\S032\Ctxprof$\HJ78659
\\S032\Ctxprof$\HJ78659, Are you sure (Y/N)? y 
01-11-2006 10:49 -------------------------------------------       
01-11-2006 10:49 Delete HK21153      
01-11-2006 10:49 Delete Citrix profiel HK21153    
\\S032\Ctxprof$\HK21153
\\S032\Ctxprof$\HK21153, Are you sure (Y/N)? y 
01-11-2006 10:49 -------------------------------------------       
01-11-2006 10:49 Delete HK30896      
01-11-2006 10:49 Delete Citrix profiel HK30896    
\\S032\Ctxprof$\HK30896
\\S032\Ctxprof$\HK30896, Are you sure (Y/N)? y 
01-11-2006 10:49 -------------------------------------------       
01-11-2006 10:49 Delete HK78360      
01-11-2006 10:49 Delete Citrix profiel HK78360    
\\S032\Ctxprof$\HK78360
\\S032\Ctxprof$\HK78360, Are you sure (Y/N)? y 
01-11-2006 10:49 -------------------------------------------       
01-11-2006 10:49 Delete HR81185      
01-11-2006 10:49 Delete Citrix profiel HR81185    
\\S032\Ctxprof$\HR81185
\\S032\Ctxprof$\HR81185, Are you sure (Y/N)? y 
01-11-2006 10:49 -------------------------------------------       
01-11-2006 10:49 Delete HS31142      
01-11-2006 10:49 Delete Citrix profiel HS31142    
\\S032\Ctxprof$\HS31142
\\S032\Ctxprof$\HS31142, Are you sure (Y/N)? y 
01-11-2006 10:49 -------------------------------------------       
01-11-2006 10:49 Delete HS31403      
01-11-2006 10:49 Delete Citrix profiel HS31403    
\\S032\Ctxprof$\HS31403
\\S032\Ctxprof$\HS31403, Are you sure (Y/N)? y 
01-11-2006 10:49 -------------------------------------------       
01-11-2006 10:49 Delete HS76801      
01-11-2006 10:49 Delete Citrix profiel HS76801    
\\S032\Ctxprof$\HS76801
\\S032\Ctxprof$\HS76801, Are you sure (Y/N)? y 
01-11-2006 10:49 -------------------------------------------       
01-11-2006 10:49 Delete HT77742      
01-11-2006 10:49 Delete Citrix profiel HT77742    
\\S032\Ctxprof$\HT77742
\\S032\Ctxprof$\HT77742, Are you sure (Y/N)? y 
01-11-2006 10:49 -------------------------------------------       
01-11-2006 10:49 Delete HTE0950      
01-11-2006 10:49 Delete Citrix profiel HTE0950    
\\S032\Ctxprof$\HTE0950
\\S032\Ctxprof$\HTE0950, Are you sure (Y/N)? y 
01-11-2006 10:49 -------------------------------------------       
01-11-2006 10:49 Delete HTE0975      
01-11-2006 10:49 Delete Citrix profiel HTE0975    
\\S032\Ctxprof$\HTE0975
\\S032\Ctxprof$\HTE0975, Are you sure (Y/N)? y 
01-11-2006 10:49 -------------------------------------------       
01-11-2006 10:49 Delete HV20472      
01-11-2006 10:49 Delete Citrix profiel HV20472    
\\S032\Ctxprof$\HV20472
\\S032\Ctxprof$\HV20472, Are you sure (Y/N)? y 
01-11-2006 10:49 -------------------------------------------       
01-11-2006 10:49 Delete HW08853      
01-11-2006 10:49 Delete Citrix profiel HW08853    
\\S032\Ctxprof$\HW08853
\\S032\Ctxprof$\HW08853, Are you sure (Y/N)? y 
01-11-2006 10:49 -------------------------------------------       
01-11-2006 10:49 Delete IH90098      
01-11-2006 10:49 Delete Citrix profiel IH90098    
\\S032\Ctxprof$\IH90098
\\S032\Ctxprof$\IH90098, Are you sure (Y/N)? y 
01-11-2006 10:49 -------------------------------------------       
01-11-2006 10:49 Delete IHE1682      
01-11-2006 10:49 Delete Citrix profiel IHE1682    
\\S032\Ctxprof$\IHE1682
\\S032\Ctxprof$\IHE1682, Are you sure (Y/N)? y 
01-11-2006 10:49 -------------------------------------------       
01-11-2006 10:49 Delete IS82905      
01-11-2006 10:49 Delete Citrix profiel IS82905    
\\S032\Ctxprof$\IS82905
\\S032\Ctxprof$\IS82905, Are you sure (Y/N)? y 
01-11-2006 10:49 -------------------------------------------       
01-11-2006 10:49 Delete IS83905      
01-11-2006 10:49 Delete Citrix profiel IS83905    
\\S032\Ctxprof$\IS83905
\\S032\Ctxprof$\IS83905, Are you sure (Y/N)? y 
01-11-2006 10:49 -------------------------------------------       
01-11-2006 10:49 Delete JB20314      
01-11-2006 10:49 Delete Citrix profiel JB20314    
\\S032\Ctxprof$\JB20314
\\S032\Ctxprof$\JB20314, Are you sure (Y/N)? y 
01-11-2006 10:49 -------------------------------------------       
01-11-2006 10:49 Delete JB21846      
01-11-2006 10:49 Delete Citrix profiel JB21846    
\\S032\Ctxprof$\JB21846
\\S032\Ctxprof$\JB21846, Are you sure (Y/N)? y 
01-11-2006 10:49 -------------------------------------------       
01-11-2006 10:49 Delete JB33679      
01-11-2006 10:49 Delete Citrix profiel JB33679    
\\S032\Ctxprof$\JB33679
\\S032\Ctxprof$\JB33679, Are you sure (Y/N)? y 
01-11-2006 10:49 -------------------------------------------       
01-11-2006 10:49 Delete JB39948      
01-11-2006 10:49 Delete Citrix profiel JB39948    
\\S032\Ctxprof$\JB39948
\\S032\Ctxprof$\JB39948, Are you sure (Y/N)? y 
01-11-2006 10:49 -------------------------------------------       
01-11-2006 10:49 Delete JB77378      
01-11-2006 10:49 Delete Citrix profiel JB77378    
\\S032\Ctxprof$\JB77378
\\S032\Ctxprof$\JB77378, Are you sure (Y/N)? y 
01-11-2006 10:49 -------------------------------------------       
01-11-2006 10:49 Delete JBE-923      
01-11-2006 10:49 Delete Citrix profiel JBE-923    
\\S032\Ctxprof$\JBE-923
\\S032\Ctxprof$\JBE-923, Are you sure (Y/N)? y 
01-11-2006 10:49 -------------------------------------------       
01-11-2006 10:49 Delete JBE1572      
01-11-2006 10:49 Delete Citrix profiel JBE1572    
\\S032\Ctxprof$\JBE1572
\\S032\Ctxprof$\JBE1572, Are you sure (Y/N)? y 
01-11-2006 10:50 -------------------------------------------       
01-11-2006 10:50 Delete JC31155      
01-11-2006 10:50 Delete Citrix profiel JC31155    
\\S032\Ctxprof$\JC31155
\\S032\Ctxprof$\JC31155, Are you sure (Y/N)? y 
01-11-2006 10:50 -------------------------------------------       
01-11-2006 10:50 Delete JC80696      
01-11-2006 10:50 Delete Citrix profiel JC80696    
\\S032\Ctxprof$\JC80696
\\S032\Ctxprof$\JC80696, Are you sure (Y/N)? y 
01-11-2006 10:50 -------------------------------------------       
01-11-2006 10:50 Delete JD77331      
01-11-2006 10:50 Delete Citrix profiel JD77331    
\\S032\Ctxprof$\JD77331
\\S032\Ctxprof$\JD77331, Are you sure (Y/N)? y 
01-11-2006 10:50 -------------------------------------------       
01-11-2006 10:50 Delete JD90026      
01-11-2006 10:50 Delete Citrix profiel JD90026    
\\S032\Ctxprof$\JD90026
\\S032\Ctxprof$\JD90026, Are you sure (Y/N)? y 
01-11-2006 10:50 -------------------------------------------       
01-11-2006 10:50 Delete JEE1598      
01-11-2006 10:50 Delete Citrix profiel JEE1598    
\\S032\Ctxprof$\JEE1598
\\S032\Ctxprof$\JEE1598, Are you sure (Y/N)? y 
01-11-2006 10:50 -------------------------------------------       
01-11-2006 10:50 Delete JF31129      
01-11-2006 10:50 Delete Citrix profiel JF31129    
\\S032\Ctxprof$\JF31129
\\S032\Ctxprof$\JF31129, Are you sure (Y/N)? y 
01-11-2006 10:50 -------------------------------------------       
01-11-2006 10:50 Delete JG79131      
01-11-2006 10:50 Delete Citrix profiel JG79131    
\\S032\Ctxprof$\JG79131
\\S032\Ctxprof$\JG79131, Are you sure (Y/N)? y 
01-11-2006 10:50 -------------------------------------------       
01-11-2006 10:50 Delete JH22992      
01-11-2006 10:50 Delete Citrix profiel JH22992    
\\S032\Ctxprof$\JH22992
\\S032\Ctxprof$\JH22992, Are you sure (Y/N)? y 
01-11-2006 10:50 -------------------------------------------       
01-11-2006 10:50 Delete JH57620      
01-11-2006 10:50 Delete Citrix profiel JH57620    
\\S032\Ctxprof$\JH57620
\\S032\Ctxprof$\JH57620, Are you sure (Y/N)? y 
01-11-2006 10:50 -------------------------------------------       
01-11-2006 10:50 Delete JH79045      
01-11-2006 10:50 Delete Citrix profiel JH79045    
\\S032\Ctxprof$\JH79045
\\S032\Ctxprof$\JH79045, Are you sure (Y/N)? y 
01-11-2006 10:50 -------------------------------------------       
01-11-2006 10:50 Delete JH81110      
01-11-2006 10:50 Delete Citrix profiel JH81110    
\\S032\Ctxprof$\JH81110
\\S032\Ctxprof$\JH81110, Are you sure (Y/N)? y 
01-11-2006 10:50 -------------------------------------------       
01-11-2006 10:50 Delete JJ39396      
01-11-2006 10:50 Delete Citrix profiel JJ39396    
\\S032\Ctxprof$\JJ39396
\\S032\Ctxprof$\JJ39396, Are you sure (Y/N)? y 
01-11-2006 10:50 -------------------------------------------       
01-11-2006 10:50 Delete JJ73348      
01-11-2006 10:50 Delete Citrix profiel JJ73348    
\\S032\Ctxprof$\JJ73348
\\S032\Ctxprof$\JJ73348, Are you sure (Y/N)? y 
01-11-2006 10:50 -------------------------------------------       
01-11-2006 10:50 Delete JJ82539      
01-11-2006 10:50 Delete Citrix profiel JJ82539    
\\S032\Ctxprof$\JJ82539
\\S032\Ctxprof$\JJ82539, Are you sure (Y/N)? y 
01-11-2006 10:50 -------------------------------------------       
01-11-2006 10:50 Delete JJE1127      
01-11-2006 10:50 Delete Citrix profiel JJE1127    
\\S032\Ctxprof$\JJE1127
\\S032\Ctxprof$\JJE1127, Are you sure (Y/N)? y 
01-11-2006 10:50 -------------------------------------------       
01-11-2006 10:50 Delete JK38562      
01-11-2006 10:50 Delete Citrix profiel JK38562    
\\S032\Ctxprof$\JK38562
\\S032\Ctxprof$\JK38562, Are you sure (Y/N)? y 
01-11-2006 10:50 -------------------------------------------       
01-11-2006 10:50 Delete JL29435      
01-11-2006 10:50 Delete Citrix profiel JL29435    
\\S032\Ctxprof$\JL29435
\\S032\Ctxprof$\JL29435, Are you sure (Y/N)? y 
01-11-2006 10:50 -------------------------------------------       
01-11-2006 10:50 Delete JL35831      
01-11-2006 10:50 Delete Citrix profiel JL35831    
\\S032\Ctxprof$\JL35831
\\S032\Ctxprof$\JL35831, Are you sure (Y/N)? y 
01-11-2006 10:50 -------------------------------------------       
01-11-2006 10:50 Delete JM58260      
01-11-2006 10:50 Delete Citrix profiel JM58260    
\\S032\Ctxprof$\JM58260
\\S032\Ctxprof$\JM58260, Are you sure (Y/N)? y 
01-11-2006 10:50 -------------------------------------------       
01-11-2006 10:50 Delete JM76131      
01-11-2006 10:50 Delete Citrix profiel JM76131    
\\S032\Ctxprof$\JM76131
\\S032\Ctxprof$\JM76131, Are you sure (Y/N)? y 
01-11-2006 10:50 -------------------------------------------       
01-11-2006 10:50 Delete JP39413      
01-11-2006 10:50 Delete Citrix profiel JP39413    
\\S032\Ctxprof$\JP39413
\\S032\Ctxprof$\JP39413, Are you sure (Y/N)? y 
01-11-2006 10:50 -------------------------------------------       
01-11-2006 10:50 Delete JP54819      
01-11-2006 10:50 Delete Citrix profiel JP54819    
\\S032\Ctxprof$\JP54819
\\S032\Ctxprof$\JP54819, Are you sure (Y/N)? y 
01-11-2006 10:50 -------------------------------------------       
01-11-2006 10:50 Delete JP57277      
01-11-2006 10:50 Delete Citrix profiel JP57277    
\\S032\Ctxprof$\JP57277
\\S032\Ctxprof$\JP57277, Are you sure (Y/N)? y 
01-11-2006 10:50 -------------------------------------------       
01-11-2006 10:50 Delete JS20143      
01-11-2006 10:50 Delete Citrix profiel JS20143    
\\S032\Ctxprof$\JS20143
\\S032\Ctxprof$\JS20143, Are you sure (Y/N)? y 
01-11-2006 10:50 -------------------------------------------       
01-11-2006 10:50 Delete JS34929      
01-11-2006 10:50 Delete Citrix profiel JS34929    
\\S032\Ctxprof$\JS34929
\\S032\Ctxprof$\JS34929, Are you sure (Y/N)? y 
01-11-2006 10:51 -------------------------------------------       
01-11-2006 10:51 Delete JS57507      
01-11-2006 10:51 Delete Citrix profiel JS57507    
\\S032\Ctxprof$\JS57507
\\S032\Ctxprof$\JS57507, Are you sure (Y/N)? y 
01-11-2006 10:51 -------------------------------------------       
01-11-2006 10:51 Delete JS57953      
01-11-2006 10:51 Delete Citrix profiel JS57953    
\\S032\Ctxprof$\JS57953
\\S032\Ctxprof$\JS57953, Are you sure (Y/N)? y 
01-11-2006 10:51 -------------------------------------------       
01-11-2006 10:51 Delete JT32261      
01-11-2006 10:51 Delete Citrix profiel JT32261    
\\S032\Ctxprof$\JT32261
\\S032\Ctxprof$\JT32261, Are you sure (Y/N)? y 
01-11-2006 10:51 -------------------------------------------       
01-11-2006 10:51 Delete JU35264      
01-11-2006 10:51 Delete Citrix profiel JU35264    
\\S032\Ctxprof$\JU35264
\\S032\Ctxprof$\JU35264, Are you sure (Y/N)? y 
01-11-2006 10:51 -------------------------------------------       
01-11-2006 10:51 Delete JV32179      
01-11-2006 10:51 Delete Citrix profiel JV32179    
\\S032\Ctxprof$\JV32179
\\S032\Ctxprof$\JV32179, Are you sure (Y/N)? y 
01-11-2006 10:51 -------------------------------------------       
01-11-2006 10:51 Delete JV37016      
01-11-2006 10:51 Delete Citrix profiel JV37016    
\\S032\Ctxprof$\JV37016
\\S032\Ctxprof$\JV37016, Are you sure (Y/N)? y 
01-11-2006 10:51 -------------------------------------------       
01-11-2006 10:51 Delete JV90057      
01-11-2006 10:51 Delete Citrix profiel JV90057    
\\S032\Ctxprof$\JV90057
\\S032\Ctxprof$\JV90057, Are you sure (Y/N)? y 
01-11-2006 10:51 -------------------------------------------       
01-11-2006 10:51 Delete JVE0008      
01-11-2006 10:51 Delete Citrix profiel JVE0008    
\\S032\Ctxprof$\JVE0008
\\S032\Ctxprof$\JVE0008, Are you sure (Y/N)? y 
01-11-2006 10:51 -------------------------------------------       
01-11-2006 10:51 Delete JVE1390      
01-11-2006 10:51 Delete Citrix profiel JVE1390    
\\S032\Ctxprof$\JVE1390
\\S032\Ctxprof$\JVE1390, Are you sure (Y/N)? y 
01-11-2006 10:51 -------------------------------------------       
01-11-2006 10:51 Delete JVE1466      
01-11-2006 10:51 Delete Citrix profiel JVE1466    
\\S032\Ctxprof$\JVE1466
\\S032\Ctxprof$\JVE1466, Are you sure (Y/N)? y 
01-11-2006 10:51 -------------------------------------------       
01-11-2006 10:51 Delete JVE4580      
01-11-2006 10:51 Delete Citrix profiel JVE4580    
\\S032\Ctxprof$\JVE4580
\\S032\Ctxprof$\JVE4580, Are you sure (Y/N)? y 
01-11-2006 10:51 -------------------------------------------       
01-11-2006 10:51 Delete JW76239      
01-11-2006 10:51 Delete Citrix profiel JW76239    
\\S032\Ctxprof$\JW76239
\\S032\Ctxprof$\JW76239, Are you sure (Y/N)? y 
01-11-2006 10:51 -------------------------------------------       
01-11-2006 10:51 Delete KA58489      
01-11-2006 10:51 Delete Citrix profiel KA58489    
\\S032\Ctxprof$\KA58489
\\S032\Ctxprof$\KA58489, Are you sure (Y/N)? y 
01-11-2006 10:51 -------------------------------------------       
01-11-2006 10:51 Delete KKE1600      
01-11-2006 10:51 Delete Citrix profiel KKE1600    
\\S032\Ctxprof$\KKE1600
\\S032\Ctxprof$\KKE1600, Are you sure (Y/N)? y 
01-11-2006 10:51 -------------------------------------------       
01-11-2006 10:51 Delete LB75495      
01-11-2006 10:51 Delete Citrix profiel LB75495    
\\S032\Ctxprof$\LB75495
\\S032\Ctxprof$\LB75495, Are you sure (Y/N)? y 
01-11-2006 10:51 -------------------------------------------       
01-11-2006 10:51 Delete LG82756      
01-11-2006 10:51 Delete Citrix profiel LG82756    
\\S032\Ctxprof$\LG82756
\\S032\Ctxprof$\LG82756, Are you sure (Y/N)? y 
01-11-2006 10:51 -------------------------------------------       
01-11-2006 10:51 Delete LH76459      
01-11-2006 10:51 Delete Citrix profiel LH76459    
\\S032\Ctxprof$\LH76459
\\S032\Ctxprof$\LH76459, Are you sure (Y/N)? y 
01-11-2006 10:51 -------------------------------------------       
01-11-2006 10:51 Delete LM21123      
01-11-2006 10:51 Delete Citrix profiel LM21123    
\\S032\Ctxprof$\LM21123
\\S032\Ctxprof$\LM21123, Are you sure (Y/N)? y 
01-11-2006 10:51 -------------------------------------------       
01-11-2006 10:51 Delete LM31309      
01-11-2006 10:51 Delete Citrix profiel LM31309    
\\S032\Ctxprof$\LM31309
\\S032\Ctxprof$\LM31309, Are you sure (Y/N)? y 
01-11-2006 10:51 -------------------------------------------       
01-11-2006 10:51 Delete LN57071      
01-11-2006 10:51 Delete Citrix profiel LN57071    
\\S032\Ctxprof$\LN57071
\\S032\Ctxprof$\LN57071, Are you sure (Y/N)? y 
01-11-2006 10:51 -------------------------------------------       
01-11-2006 10:51 Delete LR81338      
01-11-2006 10:51 Delete Citrix profiel LR81338    
\\S032\Ctxprof$\LR81338
\\S032\Ctxprof$\LR81338, Are you sure (Y/N)? y 
01-11-2006 10:51 -------------------------------------------       
01-11-2006 10:51 Delete LS33670      
01-11-2006 10:51 Delete Citrix profiel LS33670    
\\S032\Ctxprof$\LS33670
\\S032\Ctxprof$\LS33670, Are you sure (Y/N)? y 
01-11-2006 10:51 -------------------------------------------       
01-11-2006 10:51 Delete LS75329      
01-11-2006 10:51 Delete Citrix profiel LS75329    
\\S032\Ctxprof$\LS75329
\\S032\Ctxprof$\LS75329, Are you sure (Y/N)? y 
01-11-2006 10:52 -------------------------------------------       
01-11-2006 10:52 Delete LV30960      
01-11-2006 10:52 Delete Citrix profiel LV30960    
\\S032\Ctxprof$\LV30960
\\S032\Ctxprof$\LV30960, Are you sure (Y/N)? y 
01-11-2006 10:52 -------------------------------------------       
01-11-2006 10:52 Delete LV59209      
01-11-2006 10:52 Delete Citrix profiel LV59209    
\\S032\Ctxprof$\LV59209
\\S032\Ctxprof$\LV59209, Are you sure (Y/N)? y 
01-11-2006 10:52 -------------------------------------------       
01-11-2006 10:52 Delete LW81034      
01-11-2006 10:52 Delete Citrix profiel LW81034    
\\S032\Ctxprof$\LW81034
\\S032\Ctxprof$\LW81034, Are you sure (Y/N)? y 
01-11-2006 10:52 -------------------------------------------       
01-11-2006 10:52 Delete MARCEL      
01-11-2006 10:52 Delete Citrix profiel MARCEL    
\\S032\Ctxprof$\MARCEL
\\S032\Ctxprof$\MARCEL, Are you sure (Y/N)? y 
01-11-2006 10:52 -------------------------------------------       
01-11-2006 10:52 Delete MCE1392      
01-11-2006 10:52 Delete Citrix profiel MCE1392    
\\S032\Ctxprof$\MCE1392
\\S032\Ctxprof$\MCE1392, Are you sure (Y/N)? y 
01-11-2006 10:52 -------------------------------------------       
01-11-2006 10:52 Delete MD56637      
01-11-2006 10:52 Delete Citrix profiel MD56637    
\\S032\Ctxprof$\MD56637
\\S032\Ctxprof$\MD56637, Are you sure (Y/N)? y 
01-11-2006 10:52 -------------------------------------------       
01-11-2006 10:52 Delete MD80898      
01-11-2006 10:52 Delete Citrix profiel MD80898    
\\S032\Ctxprof$\MD80898
\\S032\Ctxprof$\MD80898, Are you sure (Y/N)? y 
01-11-2006 10:52 -------------------------------------------       
01-11-2006 10:52 Delete MF81605      
01-11-2006 10:52 Delete Citrix profiel MF81605    
\\S032\Ctxprof$\MF81605
\\S032\Ctxprof$\MF81605, Are you sure (Y/N)? y 
01-11-2006 10:52 -------------------------------------------       
01-11-2006 10:52 Delete MG81250      
01-11-2006 10:52 Delete Citrix profiel MG81250    
\\S032\Ctxprof$\MG81250
\\S032\Ctxprof$\MG81250, Are you sure (Y/N)? y 
01-11-2006 10:52 -------------------------------------------       
01-11-2006 10:52 Delete MH90185      
01-11-2006 10:52 Delete Citrix profiel MH90185    
\\S032\Ctxprof$\MH90185
\\S032\Ctxprof$\MH90185, Are you sure (Y/N)? y 
01-11-2006 10:52 -------------------------------------------       
01-11-2006 10:52 Delete MJ32940      
01-11-2006 10:52 Delete Citrix profiel MJ32940    
\\S032\Ctxprof$\MJ32940
\\S032\Ctxprof$\MJ32940, Are you sure (Y/N)? y 
01-11-2006 10:52 -------------------------------------------       
01-11-2006 10:52 Delete MJ59824      
01-11-2006 10:52 Delete Citrix profiel MJ59824    
\\S032\Ctxprof$\MJ59824
\\S032\Ctxprof$\MJ59824, Are you sure (Y/N)? y 
01-11-2006 10:52 -------------------------------------------       
01-11-2006 10:52 Delete MJ80779      
01-11-2006 10:52 Delete Citrix profiel MJ80779    
\\S032\Ctxprof$\MJ80779
\\S032\Ctxprof$\MJ80779, Are you sure (Y/N)? y 
01-11-2006 10:52 -------------------------------------------       
01-11-2006 10:52 Delete MJ81578      
01-11-2006 10:52 Delete Citrix profiel MJ81578    
\\S032\Ctxprof$\MJ81578
\\S032\Ctxprof$\MJ81578, Are you sure (Y/N)? y 
01-11-2006 10:52 -------------------------------------------       
01-11-2006 10:52 Delete MK37275      
01-11-2006 10:52 Delete Citrix profiel MK37275    
\\S032\Ctxprof$\MK37275
\\S032\Ctxprof$\MK37275, Are you sure (Y/N)? y 
01-11-2006 10:52 -------------------------------------------       
01-11-2006 10:52 Delete ML20362      
01-11-2006 10:52 Delete Citrix profiel ML20362    
\\S032\Ctxprof$\ML20362
\\S032\Ctxprof$\ML20362, Are you sure (Y/N)? y 
01-11-2006 10:52 -------------------------------------------       
01-11-2006 10:52 Delete MME6064      
01-11-2006 10:52 Delete Citrix profiel MME6064    
\\S032\Ctxprof$\MME6064
\\S032\Ctxprof$\MME6064, Are you sure (Y/N)? y 
01-11-2006 10:52 -------------------------------------------       
01-11-2006 10:52 Delete MR90255      
01-11-2006 10:52 Delete Citrix profiel MR90255    
\\S032\Ctxprof$\MR90255
\\S032\Ctxprof$\MR90255, Are you sure (Y/N)? y 
01-11-2006 10:52 -------------------------------------------       
01-11-2006 10:52 Delete MT82017      
01-11-2006 10:52 Delete Citrix profiel MT82017    
\\S032\Ctxprof$\MT82017
\\S032\Ctxprof$\MT82017, Are you sure (Y/N)? y 
01-11-2006 10:52 -------------------------------------------       
01-11-2006 10:52 Delete MT90152      
01-11-2006 10:52 Delete Citrix profiel MT90152    
\\S032\Ctxprof$\MT90152
\\S032\Ctxprof$\MT90152, Are you sure (Y/N)? y 
01-11-2006 10:52 -------------------------------------------       
01-11-2006 10:52 Delete MV20317      
01-11-2006 10:52 Delete Citrix profiel MV20317    
\\S032\Ctxprof$\MV20317
\\S032\Ctxprof$\MV20317, Are you sure (Y/N)? y 
01-11-2006 10:52 -------------------------------------------       
01-11-2006 10:52 Delete MW55597      
01-11-2006 10:52 Delete Citrix profiel MW55597    
\\S032\Ctxprof$\MW55597
\\S032\Ctxprof$\MW55597, Are you sure (Y/N)? y 
01-11-2006 10:52 -------------------------------------------       
01-11-2006 10:52 Delete NK79609      
01-11-2006 10:52 Delete Citrix profiel NK79609    
\\S032\Ctxprof$\NK79609
\\S032\Ctxprof$\NK79609, Are you sure (Y/N)? y 
01-11-2006 10:52 -------------------------------------------       
01-11-2006 10:52 Delete NTE0758      
01-11-2006 10:52 Delete Citrix profiel NTE0758    
\\S032\Ctxprof$\NTE0758
\\S032\Ctxprof$\NTE0758, Are you sure (Y/N)? y 
01-11-2006 10:52 -------------------------------------------       
01-11-2006 10:52 Delete OH58675      
01-11-2006 10:53 Delete Citrix profiel OH58675    
\\S032\Ctxprof$\OH58675
\\S032\Ctxprof$\OH58675, Are you sure (Y/N)? y 
01-11-2006 10:53 -------------------------------------------       
01-11-2006 10:53 Delete olf      
01-11-2006 10:53 Delete Citrix profiel olf    
\\S060\Ctxprof$\olf
\\S060\Ctxprof$\olf, Are you sure (Y/N)? y 
\\S032\Ctxprof$\olf
\\S032\Ctxprof$\olf, Are you sure (Y/N)? y 
01-11-2006 10:53 -------------------------------------------       
01-11-2006 10:53 Delete OW39431      
01-11-2006 10:53 Delete Citrix profiel OW39431    
\\S032\Ctxprof$\OW39431
\\S032\Ctxprof$\OW39431, Are you sure (Y/N)? y 
01-11-2006 10:53 -------------------------------------------       
01-11-2006 10:53 Delete PA76268      
01-11-2006 10:53 Delete Citrix profiel PA76268    
\\S032\Ctxprof$\PA76268
File not found - \\S032\Ctxprof$\PA76268\*.*
\\S032\Ctxprof$\PA76268, Are you sure (Y/N)? y 
01-11-2006 10:53 -------------------------------------------       
01-11-2006 10:53 Delete PB27178      
01-11-2006 10:53 Delete Citrix profiel PB27178    
\\S032\Ctxprof$\PB27178
\\S032\Ctxprof$\PB27178, Are you sure (Y/N)? y 
01-11-2006 10:53 -------------------------------------------       
01-11-2006 10:53 Delete PB81274      
01-11-2006 10:53 Delete Citrix profiel PB81274    
\\S032\Ctxprof$\PB81274
\\S032\Ctxprof$\PB81274, Are you sure (Y/N)? y 
01-11-2006 10:53 -------------------------------------------       
01-11-2006 10:53 Delete PC57425      
01-11-2006 10:53 Delete Citrix profiel PC57425    
\\S032\Ctxprof$\PC57425
\\S032\Ctxprof$\PC57425, Are you sure (Y/N)? y 
01-11-2006 10:53 -------------------------------------------       
01-11-2006 10:53 Delete PEE0959      
01-11-2006 10:53 Delete Citrix profiel PEE0959    
\\S032\Ctxprof$\PEE0959
\\S032\Ctxprof$\PEE0959, Are you sure (Y/N)? y 
01-11-2006 10:53 -------------------------------------------       
01-11-2006 10:53 Delete PF21426      
01-11-2006 10:53 Delete Citrix profiel PF21426    
\\S032\Ctxprof$\PF21426
\\S032\Ctxprof$\PF21426, Are you sure (Y/N)? y 
01-11-2006 10:53 -------------------------------------------       
01-11-2006 10:53 Delete PFCUSER      
01-11-2006 10:53 Delete Citrix profiel PFCUSER    
\\S032\Ctxprof$\PFCUSER
\\S032\Ctxprof$\PFCUSER, Are you sure (Y/N)? y 
01-11-2006 10:53 -------------------------------------------       
01-11-2006 10:53 Delete PHE1547      
01-11-2006 10:53 Delete Citrix profiel PHE1547    
\\S032\Ctxprof$\PHE1547
\\S032\Ctxprof$\PHE1547, Are you sure (Y/N)? y 
01-11-2006 10:53 -------------------------------------------       
01-11-2006 10:53 Delete PM37758      
01-11-2006 10:53 Delete Citrix profiel PM37758    
\\S032\Ctxprof$\PM37758
\\S032\Ctxprof$\PM37758, Are you sure (Y/N)? y 
01-11-2006 10:53 -------------------------------------------       
01-11-2006 10:53 Delete PR30714      
01-11-2006 10:53 Delete Citrix profiel PR30714    
\\S032\Ctxprof$\PR30714
\\S032\Ctxprof$\PR30714, Are you sure (Y/N)? y 
01-11-2006 10:53 -------------------------------------------       
01-11-2006 10:53 Delete PS57736      
01-11-2006 10:53 Delete Citrix profiel PS57736    
\\S032\Ctxprof$\PS57736
\\S032\Ctxprof$\PS57736, Are you sure (Y/N)? y 
01-11-2006 10:53 -------------------------------------------       
01-11-2006 10:53 Delete PS72641      
01-11-2006 10:53 Delete Citrix profiel PS72641    
\\S032\Ctxprof$\PS72641
\\S032\Ctxprof$\PS72641, Are you sure (Y/N)? y 
01-11-2006 10:53 -------------------------------------------       
01-11-2006 10:53 Delete PS90054      
01-11-2006 10:53 Delete Citrix profiel PS90054    
\\S032\Ctxprof$\PS90054
\\S032\Ctxprof$\PS90054, Are you sure (Y/N)? y 
01-11-2006 10:53 -------------------------------------------       
01-11-2006 10:53 Delete PT38508      
01-11-2006 10:53 Delete Citrix profiel PT38508    
\\S032\Ctxprof$\PT38508
\\S032\Ctxprof$\PT38508, Are you sure (Y/N)? y 
01-11-2006 10:53 -------------------------------------------       
01-11-2006 10:53 Delete PT78596      
01-11-2006 10:53 Delete Citrix profiel PT78596    
\\S032\Ctxprof$\PT78596
\\S032\Ctxprof$\PT78596, Are you sure (Y/N)? y 
01-11-2006 10:54 -------------------------------------------       
01-11-2006 10:54 Delete PT80614      
01-11-2006 10:54 Delete Citrix profiel PT80614    
\\S032\Ctxprof$\PT80614
\\S032\Ctxprof$\PT80614, Are you sure (Y/N)? y 
01-11-2006 10:54 -------------------------------------------       
01-11-2006 10:54 Delete PT81104      
01-11-2006 10:54 Delete Citrix profiel PT81104    
\\S032\Ctxprof$\PT81104
\\S032\Ctxprof$\PT81104, Are you sure (Y/N)? y 
01-11-2006 10:54 -------------------------------------------       
01-11-2006 10:54 Delete PV76917      
01-11-2006 10:54 Delete Citrix profiel PV76917    
\\S032\Ctxprof$\PV76917
\\S032\Ctxprof$\PV76917, Are you sure (Y/N)? y 
01-11-2006 10:54 -------------------------------------------       
01-11-2006 10:54 Delete PZ21155      
01-11-2006 10:54 Delete Citrix profiel PZ21155    
\\S032\Ctxprof$\PZ21155
\\S032\Ctxprof$\PZ21155, Are you sure (Y/N)? y 
01-11-2006 10:54 -------------------------------------------       
01-11-2006 10:54 Delete PZ57671      
01-11-2006 10:54 Delete Citrix profiel PZ57671    
\\S032\Ctxprof$\PZ57671
\\S032\Ctxprof$\PZ57671, Are you sure (Y/N)? y 
01-11-2006 10:54 -------------------------------------------       
01-11-2006 10:54 Delete Q030474      
01-11-2006 10:54 Delete Citrix profiel Q030474    
\\S032\Ctxprof$\Q030474
\\S032\Ctxprof$\Q030474, Are you sure (Y/N)? y 
01-11-2006 10:54 -------------------------------------------       
01-11-2006 10:54 Delete Q030495      
01-11-2006 10:54 Delete Citrix profiel Q030495    
\\S032\Ctxprof$\Q030495
\\S032\Ctxprof$\Q030495, Are you sure (Y/N)? y 
01-11-2006 10:54 -------------------------------------------       
01-11-2006 10:54 Delete Q053920      
01-11-2006 10:54 Delete Citrix profiel Q053920    
\\S032\Ctxprof$\Q053920
\\S032\Ctxprof$\Q053920, Are you sure (Y/N)? y 
01-11-2006 10:54 -------------------------------------------       
01-11-2006 10:54 Delete Q054505      
01-11-2006 10:54 Delete Citrix profiel Q054505    
\\S032\Ctxprof$\Q054505
\\S032\Ctxprof$\Q054505, Are you sure (Y/N)? y 
01-11-2006 10:54 -------------------------------------------       
01-11-2006 10:54 Delete Q055608      
01-11-2006 10:54 Delete Citrix profiel Q055608    
\\S032\Ctxprof$\Q055608
\\S032\Ctxprof$\Q055608, Are you sure (Y/N)? y 
01-11-2006 10:54 -------------------------------------------       
01-11-2006 10:54 Delete Q055656      
01-11-2006 10:54 Delete Citrix profiel Q055656    
\\S032\Ctxprof$\Q055656
\\S032\Ctxprof$\Q055656, Are you sure (Y/N)? y 
01-11-2006 10:54 -------------------------------------------       
01-11-2006 10:54 Delete Q055904      
01-11-2006 10:54 Delete Citrix profiel Q055904    
\\S032\Ctxprof$\Q055904
\\S032\Ctxprof$\Q055904, Are you sure (Y/N)? y 
01-11-2006 10:54 -------------------------------------------       
01-11-2006 10:54 Delete Q055907      
01-11-2006 10:54 Delete Citrix profiel Q055907    
\\S032\Ctxprof$\Q055907
\\S032\Ctxprof$\Q055907, Are you sure (Y/N)? y 
01-11-2006 10:54 -------------------------------------------       
01-11-2006 10:54 Delete Q055912      
01-11-2006 10:54 Delete Citrix profiel Q055912    
\\S032\Ctxprof$\Q055912
\\S032\Ctxprof$\Q055912, Are you sure (Y/N)? y 
01-11-2006 10:54 -------------------------------------------       
01-11-2006 10:54 Delete Q055928      
01-11-2006 10:54 Delete Citrix profiel Q055928    
\\S032\Ctxprof$\Q055928
\\S032\Ctxprof$\Q055928, Are you sure (Y/N)? y 
01-11-2006 10:54 -------------------------------------------       
01-11-2006 10:54 Delete q055936      
01-11-2006 10:54 Delete Citrix profiel q055936    
\\S032\Ctxprof$\q055936
\\S032\Ctxprof$\q055936, Are you sure (Y/N)? y 
01-11-2006 10:54 -------------------------------------------       
01-11-2006 10:54 Delete q055941      
01-11-2006 10:54 Delete Citrix profiel q055941    
\\S032\Ctxprof$\q055941
\\S032\Ctxprof$\q055941, Are you sure (Y/N)? y 
01-11-2006 10:54 -------------------------------------------       
01-11-2006 10:54 Delete Q055942      
01-11-2006 10:54 Delete Citrix profiel Q055942    
\\S032\Ctxprof$\Q055942
\\S032\Ctxprof$\Q055942, Are you sure (Y/N)? y 
01-11-2006 10:55 -------------------------------------------       
01-11-2006 10:55 Delete Q055943      
01-11-2006 10:55 Delete Citrix profiel Q055943    
\\S032\Ctxprof$\Q055943
\\S032\Ctxprof$\Q055943, Are you sure (Y/N)? y 
01-11-2006 10:55 -------------------------------------------       
01-11-2006 10:55 Delete q055959      
01-11-2006 10:55 Delete Citrix profiel q055959    
\\S032\Ctxprof$\q055959
\\S032\Ctxprof$\q055959, Are you sure (Y/N)? y 
01-11-2006 10:55 -------------------------------------------       
01-11-2006 10:55 Delete Q055960      
01-11-2006 10:55 Delete Citrix profiel Q055960    
\\S032\Ctxprof$\Q055960
\\S032\Ctxprof$\Q055960, Are you sure (Y/N)? y 
01-11-2006 10:55 -------------------------------------------       
01-11-2006 10:55 Delete Q055974      
01-11-2006 10:55 Delete Citrix profiel Q055974    
\\S032\Ctxprof$\Q055974
\\S032\Ctxprof$\Q055974, Are you sure (Y/N)? y 
01-11-2006 10:55 -------------------------------------------       
01-11-2006 10:55 Delete Q055979      
01-11-2006 10:55 Delete Citrix profiel Q055979    
\\S032\Ctxprof$\Q055979
\\S032\Ctxprof$\Q055979, Are you sure (Y/N)? y 
01-11-2006 10:55 -------------------------------------------       
01-11-2006 10:55 Delete Q055988      
01-11-2006 10:55 Delete Citrix profiel Q055988    
\\S032\Ctxprof$\Q055988
\\S032\Ctxprof$\Q055988, Are you sure (Y/N)? y 
01-11-2006 10:55 -------------------------------------------       
01-11-2006 10:55 Delete Q055997      
01-11-2006 10:55 Delete Citrix profiel Q055997    
\\S032\Ctxprof$\Q055997
\\S032\Ctxprof$\Q055997, Are you sure (Y/N)? y 
01-11-2006 10:55 -------------------------------------------       
01-11-2006 10:55 Delete Q055999      
01-11-2006 10:55 Delete Citrix profiel Q055999    
\\S032\Ctxprof$\Q055999
\\S032\Ctxprof$\Q055999, Are you sure (Y/N)? y 
01-11-2006 10:55 -------------------------------------------       
01-11-2006 10:55 Delete Q056029      
01-11-2006 10:55 Delete Citrix profiel Q056029    
\\S032\Ctxprof$\Q056029
\\S032\Ctxprof$\Q056029, Are you sure (Y/N)? y 
01-11-2006 10:55 -------------------------------------------       
01-11-2006 10:55 Delete Q056033      
01-11-2006 10:55 Delete Citrix profiel Q056033    
\\S032\Ctxprof$\Q056033
\\S032\Ctxprof$\Q056033, Are you sure (Y/N)? y 
01-11-2006 10:55 -------------------------------------------       
01-11-2006 10:55 Delete Q056041      
01-11-2006 10:55 Delete Citrix profiel Q056041    
\\S032\Ctxprof$\Q056041
\\S032\Ctxprof$\Q056041, Are you sure (Y/N)? y 
01-11-2006 10:55 -------------------------------------------       
01-11-2006 10:55 Delete Q056061      
01-11-2006 10:55 Delete Citrix profiel Q056061    
\\S032\Ctxprof$\Q056061
\\S032\Ctxprof$\Q056061, Are you sure (Y/N)? y 
01-11-2006 10:55 -------------------------------------------       
01-11-2006 10:55 Delete Q056091      
01-11-2006 10:55 Delete Citrix profiel Q056091    
\\S032\Ctxprof$\Q056091
\\S032\Ctxprof$\Q056091, Are you sure (Y/N)? y 
01-11-2006 10:55 -------------------------------------------       
01-11-2006 10:55 Delete Q056092      
01-11-2006 10:55 Delete Citrix profiel Q056092    
\\S032\Ctxprof$\Q056092
\\S032\Ctxprof$\Q056092, Are you sure (Y/N)? y 
01-11-2006 10:55 -------------------------------------------       
01-11-2006 10:55 Delete Q062295      
01-11-2006 10:55 Delete Citrix profiel Q062295    
\\S032\Ctxprof$\Q062295
\\S032\Ctxprof$\Q062295, Are you sure (Y/N)? y 
01-11-2006 10:55 -------------------------------------------       
01-11-2006 10:55 Delete Q071279      
01-11-2006 10:55 Delete Citrix profiel Q071279    
\\S032\Ctxprof$\Q071279
\\S032\Ctxprof$\Q071279, Are you sure (Y/N)? y 
01-11-2006 10:55 -------------------------------------------       
01-11-2006 10:55 Delete Q088446      
01-11-2006 10:55 Delete Citrix profiel Q088446    
\\S032\Ctxprof$\Q088446
\\S032\Ctxprof$\Q088446, Are you sure (Y/N)? y 
01-11-2006 10:55 -------------------------------------------       
01-11-2006 10:55 Delete Q089189      
01-11-2006 10:55 Delete Citrix profiel Q089189    
\\S032\Ctxprof$\Q089189
\\S032\Ctxprof$\Q089189, Are you sure (Y/N)? y 
01-11-2006 10:55 -------------------------------------------       
01-11-2006 10:55 Delete QUE1590      
01-11-2006 10:55 Delete Citrix profiel QUE1590    
\\S032\Ctxprof$\QUE1590
\\S032\Ctxprof$\QUE1590, Are you sure (Y/N)? y 
01-11-2006 10:55 -------------------------------------------       
01-11-2006 10:55 Delete RB32303      
01-11-2006 10:55 Delete Citrix profiel RB32303    
\\S032\Ctxprof$\RB32303
\\S032\Ctxprof$\RB32303, Are you sure (Y/N)? y 
01-11-2006 10:55 -------------------------------------------       
01-11-2006 10:55 Delete RC31353      
01-11-2006 10:55 Delete Citrix profiel RC31353    
\\S032\Ctxprof$\RC31353
\\S032\Ctxprof$\RC31353, Are you sure (Y/N)? y 
01-11-2006 10:55 -------------------------------------------       
01-11-2006 10:55 Delete RC78600      
01-11-2006 10:55 Delete Citrix profiel RC78600    
\\S032\Ctxprof$\RC78600
\\S032\Ctxprof$\RC78600, Are you sure (Y/N)? y 
01-11-2006 10:55 -------------------------------------------       
01-11-2006 10:55 Delete RC82040      
01-11-2006 10:55 Delete Citrix profiel RC82040    
\\S032\Ctxprof$\RC82040
\\S032\Ctxprof$\RC82040, Are you sure (Y/N)? y 
01-11-2006 10:55 -------------------------------------------       
01-11-2006 10:55 Delete RD56702      
01-11-2006 10:55 Delete Citrix profiel RD56702    
\\S032\Ctxprof$\RD56702
\\S032\Ctxprof$\RD56702, Are you sure (Y/N)? y 
01-11-2006 10:55 -------------------------------------------       
01-11-2006 10:55 Delete RDE0795      
01-11-2006 10:55 Delete Citrix profiel RDE0795    
\\S032\Ctxprof$\RDE0795
\\S032\Ctxprof$\RDE0795, Are you sure (Y/N)? y 
01-11-2006 10:55 -------------------------------------------       
01-11-2006 10:55 Delete RDE5081      
01-11-2006 10:55 Delete Citrix profiel RDE5081    
\\S032\Ctxprof$\RDE5081
\\S032\Ctxprof$\RDE5081, Are you sure (Y/N)? y 
01-11-2006 10:55 -------------------------------------------       
01-11-2006 10:55 Delete RE56868      
01-11-2006 10:55 Delete Citrix profiel RE56868    
\\S032\Ctxprof$\RE56868
\\S032\Ctxprof$\RE56868, Are you sure (Y/N)? y 
01-11-2006 10:56 -------------------------------------------       
01-11-2006 10:56 Delete RH31438      
01-11-2006 10:56 Delete Citrix profiel RH31438    
\\S032\Ctxprof$\RH31438
\\S032\Ctxprof$\RH31438, Are you sure (Y/N)? y 
01-11-2006 10:56 -------------------------------------------       
01-11-2006 10:56 Delete RI82770      
01-11-2006 10:56 Delete Citrix profiel RI82770    
\\S032\Ctxprof$\RI82770
\\S032\Ctxprof$\RI82770, Are you sure (Y/N)? y 
01-11-2006 10:56 -------------------------------------------       
01-11-2006 10:56 Delete RK80767      
01-11-2006 10:56 Delete Citrix profiel RK80767    
\\S032\Ctxprof$\RK80767
\\S032\Ctxprof$\RK80767, Are you sure (Y/N)? y 
01-11-2006 10:56 -------------------------------------------       
01-11-2006 10:56 Delete RK90169      
01-11-2006 10:56 Delete Citrix profiel RK90169    
\\S032\Ctxprof$\RK90169
\\S032\Ctxprof$\RK90169, Are you sure (Y/N)? y 
01-11-2006 10:56 -------------------------------------------       
01-11-2006 10:56 Delete RKE0721      
01-11-2006 10:56 Delete Citrix profiel RKE0721    
\\S032\Ctxprof$\RKE0721
\\S032\Ctxprof$\RKE0721, Are you sure (Y/N)? y 
01-11-2006 10:56 -------------------------------------------       
01-11-2006 10:56 Delete RKE1648      
01-11-2006 10:56 Delete Citrix profiel RKE1648    
\\S032\Ctxprof$\RKE1648
\\S032\Ctxprof$\RKE1648, Are you sure (Y/N)? y 
01-11-2006 10:56 -------------------------------------------       
01-11-2006 10:56 Delete RLE1454      
01-11-2006 10:56 Delete Citrix profiel RLE1454    
\\S032\Ctxprof$\RLE1454
\\S032\Ctxprof$\RLE1454, Are you sure (Y/N)? y 
01-11-2006 10:56 -------------------------------------------       
01-11-2006 10:56 Delete RM21346      
01-11-2006 10:56 Delete Citrix profiel RM21346    
\\S032\Ctxprof$\RM21346
\\S032\Ctxprof$\RM21346, Are you sure (Y/N)? y 
01-11-2006 10:56 -------------------------------------------       
01-11-2006 10:56 Delete RM39993      
01-11-2006 10:56 Delete Citrix profiel RM39993    
\\S032\Ctxprof$\RM39993
\\S032\Ctxprof$\RM39993, Are you sure (Y/N)? y 
01-11-2006 10:56 -------------------------------------------       
01-11-2006 10:56 Delete RME0004      
01-11-2006 10:56 Delete Citrix profiel RME0004    
\\S032\Ctxprof$\RME0004
\\S032\Ctxprof$\RME0004, Are you sure (Y/N)? y 
01-11-2006 10:56 -------------------------------------------       
01-11-2006 10:56 Delete RME1404      
01-11-2006 10:56 Delete Citrix profiel RME1404    
\\S032\Ctxprof$\RME1404
\\S032\Ctxprof$\RME1404, Are you sure (Y/N)? y 
01-11-2006 10:56 -------------------------------------------       
01-11-2006 10:56 Delete RN81001      
01-11-2006 10:56 Delete Citrix profiel RN81001    
\\S032\Ctxprof$\RN81001
\\S032\Ctxprof$\RN81001, Are you sure (Y/N)? y 
01-11-2006 10:56 -------------------------------------------       
01-11-2006 10:56 Delete RN90101      
01-11-2006 10:56 Delete Citrix profiel RN90101    
\\S032\Ctxprof$\RN90101
\\S032\Ctxprof$\RN90101, Are you sure (Y/N)? y 
01-11-2006 10:56 -------------------------------------------       
01-11-2006 10:56 Delete RP83330      
01-11-2006 10:56 Delete Citrix profiel RP83330    
\\S032\Ctxprof$\RP83330
\\S032\Ctxprof$\RP83330, Are you sure (Y/N)? y 
01-11-2006 10:56 -------------------------------------------       
01-11-2006 10:56 Delete RR33925      
01-11-2006 10:56 Delete Citrix profiel RR33925    
\\S032\Ctxprof$\RR33925
\\S032\Ctxprof$\RR33925, Are you sure (Y/N)? y 
01-11-2006 10:56 -------------------------------------------       
01-11-2006 10:56 Delete RR73117      
01-11-2006 10:56 Delete Citrix profiel RR73117    
\\S032\Ctxprof$\RR73117
\\S032\Ctxprof$\RR73117, Are you sure (Y/N)? y 
01-11-2006 10:56 -------------------------------------------       
01-11-2006 10:56 Delete RR76640      
01-11-2006 10:56 Delete Citrix profiel RR76640    
\\S032\Ctxprof$\RR76640
\\S032\Ctxprof$\RR76640, Are you sure (Y/N)? y 
01-11-2006 10:56 -------------------------------------------       
01-11-2006 10:56 Delete RR79001      
01-11-2006 10:56 Delete Citrix profiel RR79001    
\\S032\Ctxprof$\RR79001
\\S032\Ctxprof$\RR79001, Are you sure (Y/N)? y 
01-11-2006 10:56 -------------------------------------------       
01-11-2006 10:56 Delete RR81551      
01-11-2006 10:56 Delete Citrix profiel RR81551    
\\S032\Ctxprof$\RR81551
\\S032\Ctxprof$\RR81551, Are you sure (Y/N)? y 
01-11-2006 10:56 -------------------------------------------       
01-11-2006 10:56 Delete RS90075      
01-11-2006 10:56 Delete Citrix profiel RS90075    
\\S032\Ctxprof$\RS90075
\\S032\Ctxprof$\RS90075, Are you sure (Y/N)? y 
01-11-2006 10:57 -------------------------------------------       
01-11-2006 10:57 Delete RS90141      
01-11-2006 10:57 Delete Citrix profiel RS90141    
\\S032\Ctxprof$\RS90141
\\S032\Ctxprof$\RS90141, Are you sure (Y/N)? y 
01-11-2006 10:57 -------------------------------------------       
01-11-2006 10:57 Delete RSE1415      
01-11-2006 10:57 Delete Citrix profiel RSE1415    
\\S032\Ctxprof$\RSE1415
\\S032\Ctxprof$\RSE1415, Are you sure (Y/N)? y 
01-11-2006 10:57 -------------------------------------------       
01-11-2006 10:57 Delete RT81132      
01-11-2006 10:57 Delete Citrix profiel RT81132    
\\S032\Ctxprof$\RT81132
\\S032\Ctxprof$\RT81132, Are you sure (Y/N)? y 
01-11-2006 10:57 -------------------------------------------       
01-11-2006 10:57 Delete RV80720      
01-11-2006 10:57 Delete Citrix profiel RV80720    
\\S032\Ctxprof$\RV80720
\\S032\Ctxprof$\RV80720, Are you sure (Y/N)? y 
01-11-2006 10:57 -------------------------------------------       
01-11-2006 10:57 Delete RV81080      
01-11-2006 10:57 Delete Citrix profiel RV81080    
\\S032\Ctxprof$\RV81080
\\S032\Ctxprof$\RV81080, Are you sure (Y/N)? y 
01-11-2006 10:57 -------------------------------------------       
01-11-2006 10:57 Delete SK90163      
01-11-2006 10:57 Delete Citrix profiel SK90163    
\\S032\Ctxprof$\SK90163
\\S032\Ctxprof$\SK90163, Are you sure (Y/N)? y 
01-11-2006 10:57 -------------------------------------------       
01-11-2006 10:57 Delete skitzen      
01-11-2006 10:57 Delete Citrix profiel skitzen    
\\S032\Ctxprof$\skitzen
\\S032\Ctxprof$\skitzen, Are you sure (Y/N)? y 
01-11-2006 10:57 -------------------------------------------       
01-11-2006 10:57 Delete SL35169      
01-11-2006 10:57 Delete Citrix profiel SL35169    
\\S032\Ctxprof$\SL35169
\\S032\Ctxprof$\SL35169, Are you sure (Y/N)? y 
01-11-2006 10:57 -------------------------------------------       
01-11-2006 10:57 Delete SLE1660      
01-11-2006 10:57 Delete Citrix profiel SLE1660    
\\S032\Ctxprof$\SLE1660
\\S032\Ctxprof$\SLE1660, Are you sure (Y/N)? y 
01-11-2006 10:57 -------------------------------------------       
01-11-2006 10:57 Delete TB32023      
01-11-2006 10:57 Delete Citrix profiel TB32023    
\\S032\Ctxprof$\TB32023
\\S032\Ctxprof$\TB32023, Are you sure (Y/N)? y 
01-11-2006 10:57 -------------------------------------------       
01-11-2006 10:57 Delete TKE1336      
01-11-2006 10:57 Delete Citrix profiel TKE1336    
\\S032\Ctxprof$\TKE1336
\\S032\Ctxprof$\TKE1336, Are you sure (Y/N)? y 
01-11-2006 10:57 -------------------------------------------       
01-11-2006 10:57 Delete TLE0651      
01-11-2006 10:57 Delete Citrix profiel TLE0651    
\\S032\Ctxprof$\TLE0651
\\S032\Ctxprof$\TLE0651, Are you sure (Y/N)? y 
01-11-2006 10:57 -------------------------------------------       
01-11-2006 10:57 Delete TM90184      
01-11-2006 10:57 Delete Citrix profiel TM90184    
\\S032\Ctxprof$\TM90184
\\S032\Ctxprof$\TM90184, Are you sure (Y/N)? y 
01-11-2006 10:57 -------------------------------------------       
01-11-2006 10:57 Delete TN28145      
01-11-2006 10:57 Delete Citrix profiel TN28145    
\\S032\Ctxprof$\TN28145
\\S032\Ctxprof$\TN28145, Are you sure (Y/N)? y 
01-11-2006 10:57 -------------------------------------------       
01-11-2006 10:57 Delete TP83255      
01-11-2006 10:57 Delete Citrix profiel TP83255    
\\S032\Ctxprof$\TP83255
\\S032\Ctxprof$\TP83255, Are you sure (Y/N)? y 
01-11-2006 10:57 -------------------------------------------       
01-11-2006 10:57 Delete TR58326      
01-11-2006 10:57 Delete Citrix profiel TR58326    
\\S032\Ctxprof$\TR58326
\\S032\Ctxprof$\TR58326, Are you sure (Y/N)? y 
01-11-2006 10:57 -------------------------------------------       
01-11-2006 10:57 Delete TS80532      
01-11-2006 10:57 Delete Citrix profiel TS80532    
\\S032\Ctxprof$\TS80532
\\S032\Ctxprof$\TS80532, Are you sure (Y/N)? y 
01-11-2006 10:57 -------------------------------------------       
01-11-2006 10:57 Delete TSTMSX1      
01-11-2006 10:57 Delete Citrix profiel TSTMSX1    
\\S032\Ctxprof$\TSTMSX1
\\S032\Ctxprof$\TSTMSX1, Are you sure (Y/N)? y 
01-11-2006 10:57 -------------------------------------------       
01-11-2006 10:57 Delete TSTMSX2      
01-11-2006 10:57 Delete Citrix profiel TSTMSX2    
\\S032\Ctxprof$\TSTMSX2
\\S032\Ctxprof$\TSTMSX2, Are you sure (Y/N)? y 
01-11-2006 10:57 -------------------------------------------       
01-11-2006 10:57 Delete WB21187      
01-11-2006 10:57 Delete Citrix profiel WB21187    
\\S032\Ctxprof$\WB21187
\\S032\Ctxprof$\WB21187, Are you sure (Y/N)? y 
01-11-2006 10:57 -------------------------------------------       
01-11-2006 10:57 Delete WE75284      
01-11-2006 10:57 Delete Citrix profiel WE75284    
\\S032\Ctxprof$\WE75284
\\S032\Ctxprof$\WE75284, Are you sure (Y/N)? y 
01-11-2006 10:57 -------------------------------------------       
01-11-2006 10:57 Delete WEE1128      
01-11-2006 10:57 Delete Citrix profiel WEE1128    
\\S032\Ctxprof$\WEE1128
\\S032\Ctxprof$\WEE1128, Are you sure (Y/N)? y 
01-11-2006 10:57 -------------------------------------------       
01-11-2006 10:57 Delete WEE1718      
01-11-2006 10:57 Delete Citrix profiel WEE1718    
\\S032\Ctxprof$\WEE1718
File not found - \\S032\Ctxprof$\WEE1718\*.*
\\S032\Ctxprof$\WEE1718, Are you sure (Y/N)? y 
01-11-2006 10:57 -------------------------------------------       
01-11-2006 10:57 Delete WH77883      
01-11-2006 10:57 Delete Citrix profiel WH77883    
\\S032\Ctxprof$\WH77883
\\S032\Ctxprof$\WH77883, Are you sure (Y/N)? y 
01-11-2006 10:57 -------------------------------------------       
01-11-2006 10:57 Delete WH79862      
01-11-2006 10:57 Delete Citrix profiel WH79862    
\\S032\Ctxprof$\WH79862
\\S032\Ctxprof$\WH79862, Are you sure (Y/N)? y 
01-11-2006 10:57 -------------------------------------------       
01-11-2006 10:57 Delete Windows      
01-11-2006 10:57 Delete Citrix profiel Windows    
\\S032\Ctxprof$\Windows
\\S032\Ctxprof$\Windows, Are you sure (Y/N)? y 
01-11-2006 10:57 -------------------------------------------       
01-11-2006 10:57 Delete WL76221      
01-11-2006 10:57 Delete Citrix profiel WL76221    
\\S032\Ctxprof$\WL76221
\\S032\Ctxprof$\WL76221, Are you sure (Y/N)? y 
01-11-2006 10:58 -------------------------------------------       
01-11-2006 10:58 Delete WM32779      
01-11-2006 10:58 Delete Citrix profiel WM32779    
\\S032\Ctxprof$\WM32779
\\S032\Ctxprof$\WM32779, Are you sure (Y/N)? y 
01-11-2006 10:58 -------------------------------------------       
01-11-2006 10:58 Delete WM36675      
01-11-2006 10:58 Delete Citrix profiel WM36675    
\\S032\Ctxprof$\WM36675
\\S032\Ctxprof$\WM36675, Are you sure (Y/N)? y 
01-11-2006 10:58 -------------------------------------------       
01-11-2006 10:58 Delete WTE1724      
01-11-2006 10:58 Delete Citrix profiel WTE1724    
\\S032\Ctxprof$\WTE1724
\\S032\Ctxprof$\WTE1724, Are you sure (Y/N)? y 
01-11-2006 10:58 -------------------------------------------       
01-11-2006 10:58 Delete WZ20784      
01-11-2006 10:58 Delete Citrix profiel WZ20784    
\\S032\Ctxprof$\WZ20784
\\S032\Ctxprof$\WZ20784, Are you sure (Y/N)? y 
