20080219-080831 : Mandatory attributes:
20080219-080831 : 	1	cn	(Syntax: DirectoryString) Single-valued
20080219-080831 : 	2	instanceType	(Syntax: INTEGER) Single-valued
20080219-080831 : 	3	nTSecurityDescriptor	(Syntax: ObjectSecurityDescriptor) Single-valued
20080219-080831 : 	4	objectCategory	(Syntax: DN) Single-valued
20080219-080831 : 	5	objectClass	(Syntax: OID) Multivalued
20080219-080831 : 	6	objectSid	(Syntax: OctetString) Single-valued
20080219-080831 : 	7	sAMAccountName	(Syntax: DirectoryString) Single-valued
20080219-080831 : Optional attributes:
20080219-080831 : 	8	accountExpires	 [Syntax: INTEGER8]	 Single-valued
20080219-080831 : 	9	accountNameHistory	 [Syntax: DirectoryString]	 Multivalued
20080219-080831 : 	10	aCSPolicyName	 [Syntax: DirectoryString]	 Single-valued
20080219-080831 : 	11	adminCount	 [Syntax: INTEGER]	 Single-valued
20080219-080831 : 	12	adminDescription	 [Syntax: DirectoryString]	 Single-valued
20080219-080831 : 	13	adminDisplayName	 [Syntax: DirectoryString]	 Single-valued
20080219-080831 : 	14	allowedAttributes	 [Syntax: OID]	 Multivalued
20080219-080831 : 	15	allowedAttributesEffective	 [Syntax: OID]	 Multivalued
20080219-080831 : 	16	allowedChildClasses	 [Syntax: OID]	 Multivalued
20080219-080831 : 	17	allowedChildClassesEffective	 [Syntax: OID]	 Multivalued
20080219-080831 : 	18	altSecurityIdentities	 [Syntax: DirectoryString]	 Multivalued
20080219-080831 : 	19	assistant	 [Syntax: DN]	 Single-valued
20080219-080831 : 	20	attributeCertificateAttribute	 [Syntax: OctetString]	 Multivalued
20080219-080832 : 	21	audio	 [Syntax: OctetString]	 Multivalued
20080219-080832 : 	22	badPasswordTime	 [Syntax: INTEGER8]	 Single-valued
20080219-080832 : 	23	badPwdCount	 [Syntax: INTEGER]	 Single-valued
20080219-080832 : 	24	bridgeheadServerListBL	 [Syntax: DN]	 Multivalued
20080219-080832 : 	25	businessCategory	 [Syntax: DirectoryString]	 Multivalued
20080219-080832 : 	26	c	 [Syntax: DirectoryString]	 Single-valued
20080219-080832 : 	27	canonicalName	 [Syntax: DirectoryString]	 Multivalued
20080219-080832 : 	28	carLicense	 [Syntax: DirectoryString]	 Multivalued
20080219-080832 : 	29	catalogs	 [Syntax: DirectoryString]	 Multivalued
20080219-080832 : 	30	co	 [Syntax: DirectoryString]	 Single-valued
20080219-080832 : 	31	codePage	 [Syntax: INTEGER]	 Single-valued
20080219-080832 : 	32	comment	 [Syntax: DirectoryString]	 Single-valued
20080219-080832 : 	33	company	 [Syntax: DirectoryString]	 Single-valued
20080219-080832 : 	34	controlAccessRights	 [Syntax: OctetString]	 Multivalued
20080219-080832 : 	35	countryCode	 [Syntax: INTEGER]	 Single-valued
20080219-080832 : 	36	createTimeStamp	 [Syntax: GeneralizedTime]	 Single-valued
20080219-080832 : 	37	dBCSPwd	 [Syntax: OctetString]	 Single-valued
20080219-080832 : 	38	defaultClassStore	 [Syntax: DN]	 Multivalued
20080219-080832 : 	39	defaultLocalPolicyObject	 [Syntax: DN]	 Single-valued
20080219-080832 : 	40	department	 [Syntax: DirectoryString]	 Single-valued
20080219-080832 : 	41	departmentNumber	 [Syntax: DirectoryString]	 Multivalued
20080219-080832 : 	42	description	 [Syntax: DirectoryString]	 Multivalued
20080219-080832 : 	43	desktopProfile	 [Syntax: DirectoryString]	 Single-valued
20080219-080832 : 	44	destinationIndicator	 [Syntax: PrintableString]	 Multivalued
20080219-080832 : 	45	directReports	 [Syntax: DN]	 Multivalued
20080219-080832 : 	46	displayName	 [Syntax: DirectoryString]	 Single-valued
20080219-080832 : 	47	displayNamePrintable	 [Syntax: PrintableString]	 Single-valued
20080219-080832 : 	48	distinguishedName	 [Syntax: DN]	 Single-valued
20080219-080832 : 	49	division	 [Syntax: DirectoryString]	 Single-valued
20080219-080832 : 	50	dNSHostName	 [Syntax: DirectoryString]	 Single-valued
20080219-080832 : 	51	dSASignature	 [Syntax: OctetString]	 Single-valued
20080219-080832 : 	52	dSCorePropagationData	 [Syntax: GeneralizedTime]	 Multivalued
20080219-080832 : 	53	dynamicLDAPServer	 [Syntax: DN]	 Single-valued
20080219-080832 : 	54	employeeID	 [Syntax: DirectoryString]	 Single-valued
20080219-080832 : 	55	employeeNumber	 [Syntax: DirectoryString]	 Single-valued
20080219-080832 : 	56	employeeType	 [Syntax: DirectoryString]	 Single-valued
20080219-080832 : 	57	extensionName	 [Syntax: DirectoryString]	 Multivalued
20080219-080832 : 	58	facsimileTelephoneNumber	 [Syntax: DirectoryString]	 Single-valued
20080219-080832 : 	59	flags	 [Syntax: INTEGER]	 Single-valued
20080219-080832 : 	60	fromEntry	 [Syntax: Boolean]	 Multivalued
20080219-080832 : 	61	frsComputerReferenceBL	 [Syntax: DN]	 Multivalued
20080219-080832 : 	62	fRSMemberReferenceBL	 [Syntax: DN]	 Multivalued
20080219-080832 : 	63	fSMORoleOwner	 [Syntax: DN]	 Single-valued
20080219-080832 : 	64	garbageCollPeriod	 [Syntax: INTEGER]	 Single-valued
20080219-080832 : 	65	generationQualifier	 [Syntax: DirectoryString]	 Single-valued
20080219-080832 : 	66	givenName	 [Syntax: DirectoryString]	 Single-valued
20080219-080832 : 	67	groupMembershipSAM	 [Syntax: OctetString]	 Single-valued
20080219-080832 : 	68	groupPriority	 [Syntax: DirectoryString]	 Multivalued
20080219-080832 : 	69	groupsToIgnore	 [Syntax: DirectoryString]	 Multivalued
20080219-080832 : 	70	homeDirectory	 [Syntax: DirectoryString]	 Single-valued
20080219-080832 : 	71	homeDrive	 [Syntax: DirectoryString]	 Single-valued
20080219-080832 : 	72	homePhone	 [Syntax: DirectoryString]	 Single-valued
20080219-080832 : 	73	homePostalAddress	 [Syntax: DirectoryString]	 Single-valued
20080219-080832 : 	74	houseIdentifier	 [Syntax: DirectoryString]	 Multivalued
20080219-080832 : 	75	info	 [Syntax: DirectoryString]	 Single-valued
20080219-080832 : 	76	initials	 [Syntax: DirectoryString]	 Single-valued
20080219-080832 : 	77	internationalISDNNumber	 [Syntax: NumericString]	 Multivalued
20080219-080832 : 	78	ipPhone	 [Syntax: DirectoryString]	 Single-valued
20080219-080832 : 	79	isCriticalSystemObject	 [Syntax: Boolean]	 Single-valued
20080219-080832 : 	80	isDeleted	 [Syntax: Boolean]	 Single-valued
20080219-080832 : 	81	isPrivilegeHolder	 [Syntax: DN]	 Multivalued
20080219-080832 : 	82	jpegPhoto	 [Syntax: OctetString]	 Multivalued
20080219-080832 : 	83	l	 [Syntax: DirectoryString]	 Single-valued
20080219-080832 : 	84	labeledURI	 [Syntax: DirectoryString]	 Multivalued
20080219-080832 : 	85	lastKnownParent	 [Syntax: DN]	 Single-valued
20080219-080832 : 	86	lastLogoff	 [Syntax: INTEGER8]	 Single-valued
20080219-080832 : 	87	lastLogon	 [Syntax: INTEGER8]	 Single-valued
20080219-080832 : 	88	lastLogonTimestamp	 [Syntax: INTEGER8]	 Single-valued
20080219-080832 : 	89	legacyExchangeDN	 [Syntax: CaseIgnoreString]	 Single-valued
20080219-080832 : 	90	lmPwdHistory	 [Syntax: OctetString]	 Multivalued
20080219-080832 : 	91	localeID	 [Syntax: INTEGER]	 Multivalued
20080219-080832 : 	92	localPolicyFlags	 [Syntax: INTEGER]	 Single-valued
20080219-080832 : 	93	location	 [Syntax: DirectoryString]	 Single-valued
20080219-080832 : 	94	lockoutTime	 [Syntax: INTEGER8]	 Single-valued
20080219-080832 : 	95	logonCount	 [Syntax: INTEGER]	 Single-valued
20080219-080832 : 	96	logonHours	 [Syntax: OctetString]	 Single-valued
20080219-080832 : 	97	logonWorkstation	 [Syntax: OctetString]	 Single-valued
20080219-080832 : 	98	machineRole	 [Syntax: INTEGER]	 Single-valued
20080219-080832 : 	99	mail	 [Syntax: DirectoryString]	 Single-valued
20080219-080832 : 	100	managedBy	 [Syntax: DN]	 Single-valued
20080219-080832 : 	101	managedObjects	 [Syntax: DN]	 Multivalued
20080219-080832 : 	102	manager	 [Syntax: DN]	 Single-valued
20080219-080832 : 	103	masteredBy	 [Syntax: DN]	 Multivalued
20080219-080832 : 	104	maxStorage	 [Syntax: INTEGER8]	 Single-valued
20080219-080832 : 	105	memberOf	 [Syntax: DN]	 Multivalued
20080219-080832 : 	106	mhsORAddress	 [Syntax: DirectoryString]	 Multivalued
20080219-080832 : 	107	middleName	 [Syntax: DirectoryString]	 Single-valued
20080219-080832 : 	108	mobile	 [Syntax: DirectoryString]	 Single-valued
20080219-080832 : 	109	modifyTimeStamp	 [Syntax: GeneralizedTime]	 Single-valued
20080219-080832 : 	110	mS-DS-ConsistencyChildCount	 [Syntax: INTEGER]	 Single-valued
20080219-080832 : 	111	mS-DS-ConsistencyGuid	 [Syntax: OctetString]	 Single-valued
20080219-080832 : 	112	mS-DS-CreatorSID	 [Syntax: OctetString]	 Single-valued
20080219-080832 : 	113	msCOM-PartitionSetLink	 [Syntax: DN]	 Multivalued
20080219-080832 : 	114	msCOM-UserLink	 [Syntax: DN]	 Multivalued
20080219-080832 : 	115	msCOM-UserPartitionSetLink	 [Syntax: DN]	 Single-valued
20080219-080832 : 	116	msDRM-IdentityCertificate	 [Syntax: OctetString]	 Multivalued
20080219-080832 : 	117	msDS-AdditionalDnsHostName	 [Syntax: DirectoryString]	 Multivalued
20080219-080832 : 	118	msDS-AdditionalSamAccountName	 [Syntax: DirectoryString]	 Multivalued
20080219-080832 : 	119	msDS-AllowedToDelegateTo	 [Syntax: DirectoryString]	 Multivalued
20080219-080832 : 	120	msDS-Approx-Immed-Subordinates	 [Syntax: INTEGER]	 Single-valued
20080219-080832 : 	121	msDS-Cached-Membership	 [Syntax: OctetString]	 Single-valued
20080219-080832 : 	122	msDS-Cached-Membership-Time-Stamp	 [Syntax: INTEGER8]	 Single-valued
20080219-080832 : 	123	msDS-KeyVersionNumber	 [Syntax: INTEGER]	 Single-valued
20080219-080832 : 	124	msDs-masteredBy	 [Syntax: DN]	 Multivalued
20080219-080832 : 	125	msDS-MembersForAzRoleBL	 [Syntax: DN]	 Multivalued
20080219-080832 : 	126	msDS-NCReplCursors	 [Syntax: DirectoryString]	 Multivalued
20080219-080832 : 	127	msDS-NCReplInboundNeighbors	 [Syntax: DirectoryString]	 Multivalued
20080219-080832 : 	128	msDS-NCReplOutboundNeighbors	 [Syntax: DirectoryString]	 Multivalued
20080219-080832 : 	129	msDS-NonMembersBL	 [Syntax: DN]	 Multivalued
20080219-080832 : 	130	msDS-ObjectReferenceBL	 [Syntax: DN]	 Multivalued
20080219-080832 : 	131	msDS-OperationsForAzRoleBL	 [Syntax: DN]	 Multivalued
20080219-080832 : 	132	msDS-OperationsForAzTaskBL	 [Syntax: DN]	 Multivalued
20080219-080832 : 	133	msDS-ReplAttributeMetaData	 [Syntax: DirectoryString]	 Multivalued
20080219-080832 : 	134	msDS-ReplValueMetaData	 [Syntax: DirectoryString]	 Multivalued
20080219-080832 : 	135	msDS-Site-Affinity	 [Syntax: OctetString]	 Multivalued
20080219-080832 : 	136	msDS-TasksForAzRoleBL	 [Syntax: DN]	 Multivalued
20080219-080832 : 	137	msDS-TasksForAzTaskBL	 [Syntax: DN]	 Multivalued
20080219-080832 : 	138	msDS-User-Account-Control-Computed	 [Syntax: INTEGER]	 Single-valued
20080219-080832 : 	139	msExchAssistantName	 [Syntax: DirectoryString]	 Single-valued
20080219-080832 : 	140	msExchHouseIdentifier	 [Syntax: DirectoryString]	 Single-valued
20080219-080832 : 	141	msExchLabeledURI	 [Syntax: DirectoryString]	 Multivalued
20080219-080832 : 	142	msIIS-FTPDir	 [Syntax: DirectoryString]	 Single-valued
20080219-080832 : 	143	msIIS-FTPRoot	 [Syntax: DirectoryString]	 Single-valued
20080219-080832 : 	144	mSMQDigests	 [Syntax: OctetString]	 Multivalued
20080219-080832 : 	145	mSMQDigestsMig	 [Syntax: OctetString]	 Multivalued
20080219-080832 : 	146	mSMQSignCertificates	 [Syntax: OctetString]	 Single-valued
20080219-080832 : 	147	mSMQSignCertificatesMig	 [Syntax: OctetString]	 Single-valued
20080219-080832 : 	148	msNPAllowDialin	 [Syntax: Boolean]	 Single-valued
20080219-080832 : 	149	msNPCallingStationID	 [Syntax: IA5String]	 Multivalued
20080219-080832 : 	150	msNPSavedCallingStationID	 [Syntax: IA5String]	 Multivalued
20080219-080832 : 	151	msRADIUSCallbackNumber	 [Syntax: IA5String]	 Single-valued
20080219-080832 : 	152	msRADIUSFramedIPAddress	 [Syntax: INTEGER]	 Single-valued
20080219-080832 : 	153	msRADIUSFramedRoute	 [Syntax: IA5String]	 Multivalued
20080219-080832 : 	154	msRADIUSServiceType	 [Syntax: INTEGER]	 Single-valued
20080219-080832 : 	155	msRASSavedCallbackNumber	 [Syntax: IA5String]	 Single-valued
20080219-080832 : 	156	msRASSavedFramedIPAddress	 [Syntax: INTEGER]	 Single-valued
20080219-080832 : 	157	msRASSavedFramedRoute	 [Syntax: IA5String]	 Multivalued
20080219-080832 : 	158	name	 [Syntax: DirectoryString]	 Single-valued
20080219-080832 : 	159	netbootGUID	 [Syntax: OctetString]	 Single-valued
20080219-080832 : 	160	netbootInitialization	 [Syntax: DirectoryString]	 Single-valued
20080219-080832 : 	161	netbootMachineFilePath	 [Syntax: DirectoryString]	 Single-valued
20080219-080832 : 	162	netbootMirrorDataFile	 [Syntax: DirectoryString]	 Multivalued
20080219-080832 : 	163	netbootSCPBL	 [Syntax: DN]	 Multivalued
20080219-080832 : 	164	netbootSIFFile	 [Syntax: DirectoryString]	 Multivalued
20080219-080832 : 	165	networkAddress	 [Syntax: CaseIgnoreString]	 Multivalued
20080219-080832 : 	166	nonSecurityMemberBL	 [Syntax: DN]	 Multivalued
20080219-080832 : 	167	ntPwdHistory	 [Syntax: OctetString]	 Multivalued
20080219-080832 : 	168	o	 [Syntax: DirectoryString]	 Multivalued
20080219-080832 : 	169	objectGUID	 [Syntax: OctetString]	 Single-valued
20080219-080832 : 	170	objectVersion	 [Syntax: INTEGER]	 Single-valued
20080219-080832 : 	171	operatingSystem	 [Syntax: DirectoryString]	 Single-valued
20080219-080832 : 	172	operatingSystemHotfix	 [Syntax: DirectoryString]	 Single-valued
20080219-080832 : 	173	operatingSystemServicePack	 [Syntax: DirectoryString]	 Single-valued
20080219-080832 : 	174	operatingSystemVersion	 [Syntax: DirectoryString]	 Single-valued
20080219-080832 : 	175	operatorCount	 [Syntax: INTEGER]	 Single-valued
20080219-080832 : 	176	otherFacsimileTelephoneNumber	 [Syntax: DirectoryString]	 Multivalued
20080219-080832 : 	177	otherHomePhone	 [Syntax: DirectoryString]	 Multivalued
20080219-080832 : 	178	otherIpPhone	 [Syntax: DirectoryString]	 Multivalued
20080219-080832 : 	179	otherLoginWorkstations	 [Syntax: DirectoryString]	 Multivalued
20080219-080832 : 	180	otherMailbox	 [Syntax: DirectoryString]	 Multivalued
20080219-080832 : 	181	otherMobile	 [Syntax: DirectoryString]	 Multivalued
20080219-080832 : 	182	otherPager	 [Syntax: DirectoryString]	 Multivalued
20080219-080832 : 	183	otherTelephone	 [Syntax: DirectoryString]	 Multivalued
20080219-080832 : 	184	otherWellKnownObjects	 [Syntax: DNWithBinary]	 Multivalued
20080219-080832 : 	185	ou	 [Syntax: DirectoryString]	 Multivalued
20080219-080833 : 	186	ownerBL	 [Syntax: DN]	 Multivalued
20080219-080833 : 	187	pager	 [Syntax: DirectoryString]	 Single-valued
20080219-080833 : 	188	partialAttributeDeletionList	 [Syntax: OctetString]	 Single-valued
20080219-080833 : 	189	partialAttributeSet	 [Syntax: OctetString]	 Single-valued
20080219-080833 : 	190	personalTitle	 [Syntax: DirectoryString]	 Single-valued
20080219-080833 : 	191	photo	 [Syntax: OctetString]	 Multivalued
20080219-080833 : 	192	physicalDeliveryOfficeName	 [Syntax: DirectoryString]	 Single-valued
20080219-080833 : 	193	physicalLocationObject	 [Syntax: DN]	 Single-valued
20080219-080833 : 	194	policyReplicationFlags	 [Syntax: INTEGER]	 Single-valued
20080219-080833 : 	195	possibleInferiors	 [Syntax: OID]	 Multivalued
20080219-080833 : 	196	postalAddress	 [Syntax: DirectoryString]	 Multivalued
20080219-080833 : 	197	postalCode	 [Syntax: DirectoryString]	 Single-valued
20080219-080833 : 	198	postOfficeBox	 [Syntax: DirectoryString]	 Multivalued
20080219-080833 : 	199	preferredDeliveryMethod	 [Syntax: INTEGER]	 Multivalued
20080219-080833 : 	200	preferredLanguage	 [Syntax: DirectoryString]	 Single-valued
20080219-080833 : 	201	preferredOU	 [Syntax: DN]	 Single-valued
20080219-080833 : 	202	primaryGroupID	 [Syntax: INTEGER]	 Single-valued
20080219-080833 : 	203	primaryInternationalISDNNumber	 [Syntax: DirectoryString]	 Single-valued
20080219-080833 : 	204	primaryTelexNumber	 [Syntax: DirectoryString]	 Single-valued
20080219-080833 : 	205	profilePath	 [Syntax: DirectoryString]	 Single-valued
20080219-080833 : 	206	proxiedObjectName	 [Syntax: DNWithBinary]	 Single-valued
20080219-080833 : 	207	proxyAddresses	 [Syntax: DirectoryString]	 Multivalued
20080219-080833 : 	208	pwdLastSet	 [Syntax: INTEGER8]	 Single-valued
20080219-080833 : 	209	queryPolicyBL	 [Syntax: DN]	 Multivalued
20080219-080833 : 	210	registeredAddress	 [Syntax: OctetString]	 Multivalued
20080219-080833 : 	211	replPropertyMetaData	 [Syntax: OctetString]	 Single-valued
20080219-080833 : 	212	replUpToDateVector	 [Syntax: OctetString]	 Single-valued
20080219-080833 : 	213	repsFrom	 [Syntax: OctetString]	 Multivalued
20080219-080833 : 	214	repsTo	 [Syntax: OctetString]	 Multivalued
20080219-080833 : 	215	revision	 [Syntax: INTEGER]	 Single-valued
20080219-080833 : 	216	rid	 [Syntax: INTEGER]	 Single-valued
20080219-080833 : 	217	rIDSetReferences	 [Syntax: DN]	 Multivalued
20080219-080833 : 	218	roomNumber	 [Syntax: DirectoryString]	 Multivalued
20080219-080833 : 	219	sAMAccountType	 [Syntax: INTEGER]	 Single-valued
20080219-080833 : 	220	scriptPath	 [Syntax: DirectoryString]	 Single-valued
20080219-080833 : 	221	sDRightsEffective	 [Syntax: INTEGER]	 Single-valued
20080219-080833 : 	222	secretary	 [Syntax: DN]	 Multivalued
20080219-080833 : 	223	securityIdentifier	 [Syntax: OctetString]	 Single-valued
20080219-080833 : 	224	seeAlso	 [Syntax: DN]	 Multivalued
20080219-080833 : 	225	serialNumber	 [Syntax: PrintableString]	 Multivalued
20080219-080833 : 	226	serverReferenceBL	 [Syntax: DN]	 Multivalued
20080219-080833 : 	227	servicePrincipalName	 [Syntax: DirectoryString]	 Multivalued
20080219-080833 : 	228	showInAddressBook	 [Syntax: DN]	 Multivalued
20080219-080833 : 	229	showInAdvancedViewOnly	 [Syntax: Boolean]	 Single-valued
20080219-080833 : 	230	sIDHistory	 [Syntax: OctetString]	 Multivalued
20080219-080833 : 	231	siteGUID	 [Syntax: OctetString]	 Single-valued
20080219-080833 : 	232	siteObjectBL	 [Syntax: DN]	 Multivalued
20080219-080833 : 	233	sn	 [Syntax: DirectoryString]	 Single-valued
20080219-080833 : 	234	st	 [Syntax: DirectoryString]	 Single-valued
20080219-080833 : 	235	street	 [Syntax: DirectoryString]	 Single-valued
20080219-080833 : 	236	streetAddress	 [Syntax: DirectoryString]	 Single-valued
20080219-080833 : 	237	structuralObjectClass	 [Syntax: OID]	 Multivalued
20080219-080833 : 	238	subRefs	 [Syntax: DN]	 Multivalued
20080219-080833 : 	239	subSchemaSubEntry	 [Syntax: DN]	 Multivalued
20080219-080833 : 	240	supplementalCredentials	 [Syntax: OctetString]	 Multivalued
20080219-080833 : 	241	systemFlags	 [Syntax: INTEGER]	 Single-valued
20080219-080833 : 	242	telephoneNumber	 [Syntax: DirectoryString]	 Single-valued
20080219-080833 : 	243	teletexTerminalIdentifier	 [Syntax: OctetString]	 Multivalued
20080219-080833 : 	244	telexNumber	 [Syntax: OctetString]	 Multivalued
20080219-080833 : 	245	terminalServer	 [Syntax: OctetString]	 Single-valued
20080219-080833 : 	246	textEncodedORAddress	 [Syntax: DirectoryString]	 Single-valued
20080219-080833 : 	247	thumbnailLogo	 [Syntax: OctetString]	 Single-valued
20080219-080833 : 	248	thumbnailPhoto	 [Syntax: OctetString]	 Single-valued
20080219-080833 : 	249	title	 [Syntax: DirectoryString]	 Single-valued
20080219-080833 : 	250	tokenGroups	 [Syntax: OctetString]	 Multivalued
20080219-080833 : 	251	tokenGroupsGlobalAndUniversal	 [Syntax: OctetString]	 Multivalued
20080219-080833 : 	252	tokenGroupsNoGCAcceptable	 [Syntax: OctetString]	 Multivalued
20080219-080833 : 	253	uid	 [Syntax: DirectoryString]	 Multivalued
20080219-080833 : 	254	unicodePwd	 [Syntax: OctetString]	 Single-valued
20080219-080833 : 	255	url	 [Syntax: DirectoryString]	 Multivalued
20080219-080833 : 	256	userAccountControl	 [Syntax: INTEGER]	 Single-valued
20080219-080833 : 	257	userCert	 [Syntax: OctetString]	 Single-valued
20080219-080833 : 	258	userCertificate	 [Syntax: OctetString]	 Multivalued
20080219-080833 : 	259	userParameters	 [Syntax: DirectoryString]	 Single-valued
20080219-080833 : 	260	userPassword	 [Syntax: OctetString]	 Multivalued
20080219-080833 : 	261	userPKCS12	 [Syntax: OctetString]	 Multivalued
20080219-080833 : 	262	userPrincipalName	 [Syntax: DirectoryString]	 Single-valued
20080219-080833 : 	263	userSharedFolder	 [Syntax: DirectoryString]	 Single-valued
20080219-080833 : 	264	userSharedFolderOther	 [Syntax: DirectoryString]	 Multivalued
20080219-080833 : 	265	userSMIMECertificate	 [Syntax: OctetString]	 Multivalued
20080219-080833 : 	266	userWorkstations	 [Syntax: DirectoryString]	 Single-valued
20080219-080833 : 	267	uSNChanged	 [Syntax: INTEGER8]	 Single-valued
20080219-080833 : 	268	uSNCreated	 [Syntax: INTEGER8]	 Single-valued
20080219-080833 : 	269	uSNDSALastObjRemoved	 [Syntax: INTEGER8]	 Single-valued
20080219-080833 : 	270	USNIntersite	 [Syntax: INTEGER]	 Single-valued
20080219-080833 : 	271	uSNLastObjRem	 [Syntax: INTEGER8]	 Single-valued
20080219-080833 : 	272	uSNSource	 [Syntax: INTEGER8]	 Single-valued
20080219-080833 : 	273	volumeCount	 [Syntax: INTEGER]	 Single-valued
20080219-080833 : 	274	wbemPath	 [Syntax: DirectoryString]	 Multivalued
20080219-080833 : 	275	wellKnownObjects	 [Syntax: DNWithBinary]	 Multivalued
20080219-080833 : 	276	whenChanged	 [Syntax: GeneralizedTime]	 Single-valued
20080219-080833 : 	277	whenCreated	 [Syntax: GeneralizedTime]	 Single-valued
20080219-080833 : 	278	wWWHomePage	 [Syntax: DirectoryString]	 Single-valued
20080219-080833 : 	279	x121Address	 [Syntax: NumericString]	 Multivalued
20080219-080833 : 	280	x500uniqueIdentifier	 [Syntax: OctetString]	 Multivalued
