20090327-080859 : Mandatory attributes:
20090327-080859 : 	1	cn	(Syntax: DirectoryString) Single-valued
20090327-080859 : 	2	instanceType	(Syntax: INTEGER) Single-valued
20090327-080859 : 	3	nTSecurityDescriptor	(Syntax: ObjectSecurityDescriptor) Single-valued
20090327-080859 : 	4	objectCategory	(Syntax: DN) Single-valued
20090327-080859 : 	5	objectClass	(Syntax: OID) Multivalued
20090327-080859 : 	6	objectSid	(Syntax: OctetString) Single-valued
20090327-080859 : 	7	sAMAccountName	(Syntax: DirectoryString) Single-valued
20090327-080859 : Optional attributes:
20090327-080859 : 	8	accountExpires	 [Syntax: INTEGER8]	 Single-valued
20090327-080859 : 	9	accountNameHistory	 [Syntax: DirectoryString]	 Multivalued
20090327-080859 : 	10	aCSPolicyName	 [Syntax: DirectoryString]	 Single-valued
20090327-080859 : 	11	adminCount	 [Syntax: INTEGER]	 Single-valued
20090327-080859 : 	12	adminDescription	 [Syntax: DirectoryString]	 Single-valued
20090327-080859 : 	13	adminDisplayName	 [Syntax: DirectoryString]	 Single-valued
20090327-080859 : 	14	allowedAttributes	 [Syntax: OID]	 Multivalued
20090327-080859 : 	15	allowedAttributesEffective	 [Syntax: OID]	 Multivalued
20090327-080859 : 	16	allowedChildClasses	 [Syntax: OID]	 Multivalued
20090327-080859 : 	17	allowedChildClassesEffective	 [Syntax: OID]	 Multivalued
20090327-080859 : 	18	altSecurityIdentities	 [Syntax: DirectoryString]	 Multivalued
20090327-080859 : 	19	assistant	 [Syntax: DN]	 Single-valued
20090327-080859 : 	20	attributeCertificateAttribute	 [Syntax: OctetString]	 Multivalued
20090327-080900 : 	21	audio	 [Syntax: OctetString]	 Multivalued
20090327-080900 : 	22	badPasswordTime	 [Syntax: INTEGER8]	 Single-valued
20090327-080900 : 	23	badPwdCount	 [Syntax: INTEGER]	 Single-valued
20090327-080900 : 	24	bridgeheadServerListBL	 [Syntax: DN]	 Multivalued
20090327-080900 : 	25	businessCategory	 [Syntax: DirectoryString]	 Multivalued
20090327-080900 : 	26	c	 [Syntax: DirectoryString]	 Single-valued
20090327-080900 : 	27	canonicalName	 [Syntax: DirectoryString]	 Multivalued
20090327-080900 : 	28	carLicense	 [Syntax: DirectoryString]	 Multivalued
20090327-080900 : 	29	co	 [Syntax: DirectoryString]	 Single-valued
20090327-080900 : 	30	codePage	 [Syntax: INTEGER]	 Single-valued
20090327-080900 : 	31	comment	 [Syntax: DirectoryString]	 Single-valued
20090327-080900 : 	32	company	 [Syntax: DirectoryString]	 Single-valued
20090327-080900 : 	33	controlAccessRights	 [Syntax: OctetString]	 Multivalued
20090327-080900 : 	34	countryCode	 [Syntax: INTEGER]	 Single-valued
20090327-080900 : 	35	createTimeStamp	 [Syntax: GeneralizedTime]	 Single-valued
20090327-080900 : 	36	dBCSPwd	 [Syntax: OctetString]	 Single-valued
20090327-080900 : 	37	defaultClassStore	 [Syntax: DN]	 Multivalued
20090327-080900 : 	38	department	 [Syntax: DirectoryString]	 Single-valued
20090327-080900 : 	39	departmentNumber	 [Syntax: DirectoryString]	 Multivalued
20090327-080900 : 	40	description	 [Syntax: DirectoryString]	 Multivalued
20090327-080900 : 	41	desktopProfile	 [Syntax: DirectoryString]	 Single-valued
20090327-080900 : 	42	destinationIndicator	 [Syntax: PrintableString]	 Multivalued
20090327-080900 : 	43	directReports	 [Syntax: DN]	 Multivalued
20090327-080900 : 	44	displayName	 [Syntax: DirectoryString]	 Single-valued
20090327-080900 : 	45	displayNamePrintable	 [Syntax: PrintableString]	 Single-valued
20090327-080900 : 	46	distinguishedName	 [Syntax: DN]	 Single-valued
20090327-080900 : 	47	division	 [Syntax: DirectoryString]	 Single-valued
20090327-080900 : 	48	dSASignature	 [Syntax: OctetString]	 Single-valued
20090327-080900 : 	49	dSCorePropagationData	 [Syntax: GeneralizedTime]	 Multivalued
20090327-080900 : 	50	dynamicLDAPServer	 [Syntax: DN]	 Single-valued
20090327-080900 : 	51	employeeID	 [Syntax: DirectoryString]	 Single-valued
20090327-080900 : 	52	employeeNumber	 [Syntax: DirectoryString]	 Single-valued
20090327-080900 : 	53	employeeType	 [Syntax: DirectoryString]	 Single-valued
20090327-080900 : 	54	extensionName	 [Syntax: DirectoryString]	 Multivalued
20090327-080900 : 	55	facsimileTelephoneNumber	 [Syntax: DirectoryString]	 Single-valued
20090327-080900 : 	56	flags	 [Syntax: INTEGER]	 Single-valued
20090327-080900 : 	57	fromEntry	 [Syntax: Boolean]	 Multivalued
20090327-080900 : 	58	frsComputerReferenceBL	 [Syntax: DN]	 Multivalued
20090327-080900 : 	59	fRSMemberReferenceBL	 [Syntax: DN]	 Multivalued
20090327-080901 : 	60	fSMORoleOwner	 [Syntax: DN]	 Single-valued
20090327-080901 : 	61	garbageCollPeriod	 [Syntax: INTEGER]	 Single-valued
20090327-080901 : 	62	generationQualifier	 [Syntax: DirectoryString]	 Single-valued
20090327-080901 : 	63	givenName	 [Syntax: DirectoryString]	 Single-valued
20090327-080901 : 	64	groupMembershipSAM	 [Syntax: OctetString]	 Single-valued
20090327-080901 : 	65	groupPriority	 [Syntax: DirectoryString]	 Multivalued
20090327-080901 : 	66	groupsToIgnore	 [Syntax: DirectoryString]	 Multivalued
20090327-080901 : 	67	homeDirectory	 [Syntax: DirectoryString]	 Single-valued
20090327-080901 : 	68	homeDrive	 [Syntax: DirectoryString]	 Single-valued
20090327-080901 : 	69	homePhone	 [Syntax: DirectoryString]	 Single-valued
20090327-080901 : 	70	homePostalAddress	 [Syntax: DirectoryString]	 Single-valued
20090327-080901 : 	71	houseIdentifier	 [Syntax: DirectoryString]	 Multivalued
20090327-080901 : 	72	info	 [Syntax: DirectoryString]	 Single-valued
20090327-080901 : 	73	initials	 [Syntax: DirectoryString]	 Single-valued
20090327-080901 : 	74	internationalISDNNumber	 [Syntax: NumericString]	 Multivalued
20090327-080901 : 	75	ipPhone	 [Syntax: DirectoryString]	 Single-valued
20090327-080901 : 	76	isCriticalSystemObject	 [Syntax: Boolean]	 Single-valued
20090327-080901 : 	77	isDeleted	 [Syntax: Boolean]	 Single-valued
20090327-080901 : 	78	isPrivilegeHolder	 [Syntax: DN]	 Multivalued
20090327-080901 : 	79	jpegPhoto	 [Syntax: OctetString]	 Multivalued
20090327-080901 : 	80	l	 [Syntax: DirectoryString]	 Single-valued
20090327-080901 : 	81	labeledURI	 [Syntax: DirectoryString]	 Multivalued
20090327-080901 : 	82	lastKnownParent	 [Syntax: DN]	 Single-valued
20090327-080901 : 	83	lastLogoff	 [Syntax: INTEGER8]	 Single-valued
20090327-080901 : 	84	lastLogon	 [Syntax: INTEGER8]	 Single-valued
20090327-080901 : 	85	lastLogonTimestamp	 [Syntax: INTEGER8]	 Single-valued
20090327-080901 : 	86	legacyExchangeDN	 [Syntax: CaseIgnoreString]	 Single-valued
20090327-080901 : 	87	lmPwdHistory	 [Syntax: OctetString]	 Multivalued
20090327-080901 : 	88	localeID	 [Syntax: INTEGER]	 Multivalued
20090327-080901 : 	89	lockoutTime	 [Syntax: INTEGER8]	 Single-valued
20090327-080901 : 	90	logonCount	 [Syntax: INTEGER]	 Single-valued
20090327-080901 : 	91	logonHours	 [Syntax: OctetString]	 Single-valued
20090327-080901 : 	92	logonWorkstation	 [Syntax: OctetString]	 Single-valued
20090327-080901 : 	93	mail	 [Syntax: DirectoryString]	 Single-valued
20090327-080901 : 	94	managedObjects	 [Syntax: DN]	 Multivalued
20090327-080901 : 	95	manager	 [Syntax: DN]	 Single-valued
20090327-080901 : 	96	masteredBy	 [Syntax: DN]	 Multivalued
20090327-080901 : 	97	maxStorage	 [Syntax: INTEGER8]	 Single-valued
20090327-080901 : 	98	memberOf	 [Syntax: DN]	 Multivalued
20090327-080901 : 	99	mhsORAddress	 [Syntax: DirectoryString]	 Multivalued
20090327-080901 : 	100	middleName	 [Syntax: DirectoryString]	 Single-valued
20090327-080902 : 	101	mobile	 [Syntax: DirectoryString]	 Single-valued
20090327-080902 : 	102	modifyTimeStamp	 [Syntax: GeneralizedTime]	 Single-valued
20090327-080902 : 	103	mS-DS-ConsistencyChildCount	 [Syntax: INTEGER]	 Single-valued
20090327-080902 : 	104	mS-DS-ConsistencyGuid	 [Syntax: OctetString]	 Single-valued
20090327-080902 : 	105	mS-DS-CreatorSID	 [Syntax: OctetString]	 Single-valued
20090327-080902 : 	106	msCOM-PartitionSetLink	 [Syntax: DN]	 Multivalued
20090327-080902 : 	107	msCOM-UserLink	 [Syntax: DN]	 Multivalued
20090327-080902 : 	108	msCOM-UserPartitionSetLink	 [Syntax: DN]	 Single-valued
20090327-080902 : 	109	msDRM-IdentityCertificate	 [Syntax: OctetString]	 Multivalued
20090327-080902 : 	110	msDS-AllowedToDelegateTo	 [Syntax: DirectoryString]	 Multivalued
20090327-080902 : 	111	msDS-Approx-Immed-Subordinates	 [Syntax: INTEGER]	 Single-valued
20090327-080902 : 	112	msDS-Cached-Membership	 [Syntax: OctetString]	 Single-valued
20090327-080902 : 	113	msDS-Cached-Membership-Time-Stamp	 [Syntax: INTEGER8]	 Single-valued
20090327-080902 : 	114	msDS-KeyVersionNumber	 [Syntax: INTEGER]	 Single-valued
20090327-080902 : 	115	msDs-masteredBy	 [Syntax: DN]	 Multivalued
20090327-080902 : 	116	msDS-MembersForAzRoleBL	 [Syntax: DN]	 Multivalued
20090327-080902 : 	117	msDS-NCReplCursors	 [Syntax: DirectoryString]	 Multivalued
20090327-080902 : 	118	msDS-NCReplInboundNeighbors	 [Syntax: DirectoryString]	 Multivalued
20090327-080902 : 	119	msDS-NCReplOutboundNeighbors	 [Syntax: DirectoryString]	 Multivalued
20090327-080902 : 	120	msDS-NonMembersBL	 [Syntax: DN]	 Multivalued
20090327-080902 : 	121	msDS-ObjectReferenceBL	 [Syntax: DN]	 Multivalued
20090327-080902 : 	122	msDS-OperationsForAzRoleBL	 [Syntax: DN]	 Multivalued
20090327-080902 : 	123	msDS-OperationsForAzTaskBL	 [Syntax: DN]	 Multivalued
20090327-080902 : 	124	msDS-ReplAttributeMetaData	 [Syntax: DirectoryString]	 Multivalued
20090327-080902 : 	125	msDS-ReplValueMetaData	 [Syntax: DirectoryString]	 Multivalued
20090327-080902 : 	126	msDS-Site-Affinity	 [Syntax: OctetString]	 Multivalued
20090327-080902 : 	127	msDS-TasksForAzRoleBL	 [Syntax: DN]	 Multivalued
20090327-080902 : 	128	msDS-TasksForAzTaskBL	 [Syntax: DN]	 Multivalued
20090327-080902 : 	129	msDS-User-Account-Control-Computed	 [Syntax: INTEGER]	 Single-valued
20090327-080902 : 	130	msExchAssistantName	 [Syntax: DirectoryString]	 Single-valued
20090327-080902 : 	131	msExchHouseIdentifier	 [Syntax: DirectoryString]	 Single-valued
20090327-080902 : 	132	msExchLabeledURI	 [Syntax: DirectoryString]	 Multivalued
20090327-080902 : 	133	msIIS-FTPDir	 [Syntax: DirectoryString]	 Single-valued
20090327-080902 : 	134	msIIS-FTPRoot	 [Syntax: DirectoryString]	 Single-valued
20090327-080902 : 	135	mSMQDigests	 [Syntax: OctetString]	 Multivalued
20090327-080902 : 	136	mSMQDigestsMig	 [Syntax: OctetString]	 Multivalued
20090327-080902 : 	137	mSMQSignCertificates	 [Syntax: OctetString]	 Single-valued
20090327-080902 : 	138	mSMQSignCertificatesMig	 [Syntax: OctetString]	 Single-valued
20090327-080902 : 	139	msNPAllowDialin	 [Syntax: Boolean]	 Single-valued
20090327-080902 : 	140	msNPCallingStationID	 [Syntax: IA5String]	 Multivalued
20090327-080902 : 	141	msNPSavedCallingStationID	 [Syntax: IA5String]	 Multivalued
20090327-080903 : 	142	msRADIUSCallbackNumber	 [Syntax: IA5String]	 Single-valued
20090327-080903 : 	143	msRADIUSFramedIPAddress	 [Syntax: INTEGER]	 Single-valued
20090327-080903 : 	144	msRADIUSFramedRoute	 [Syntax: IA5String]	 Multivalued
20090327-080903 : 	145	msRADIUSServiceType	 [Syntax: INTEGER]	 Single-valued
20090327-080903 : 	146	msRASSavedCallbackNumber	 [Syntax: IA5String]	 Single-valued
20090327-080903 : 	147	msRASSavedFramedIPAddress	 [Syntax: INTEGER]	 Single-valued
20090327-080903 : 	148	msRASSavedFramedRoute	 [Syntax: IA5String]	 Multivalued
20090327-080903 : 	149	name	 [Syntax: DirectoryString]	 Single-valued
20090327-080903 : 	150	netbootSCPBL	 [Syntax: DN]	 Multivalued
20090327-080903 : 	151	networkAddress	 [Syntax: CaseIgnoreString]	 Multivalued
20090327-080903 : 	152	nonSecurityMemberBL	 [Syntax: DN]	 Multivalued
20090327-080903 : 	153	ntPwdHistory	 [Syntax: OctetString]	 Multivalued
20090327-080903 : 	154	o	 [Syntax: DirectoryString]	 Multivalued
20090327-080903 : 	155	objectGUID	 [Syntax: OctetString]	 Single-valued
20090327-080903 : 	156	objectVersion	 [Syntax: INTEGER]	 Single-valued
20090327-080903 : 	157	operatorCount	 [Syntax: INTEGER]	 Single-valued
20090327-080903 : 	158	otherFacsimileTelephoneNumber	 [Syntax: DirectoryString]	 Multivalued
20090327-080903 : 	159	otherHomePhone	 [Syntax: DirectoryString]	 Multivalued
20090327-080903 : 	160	otherIpPhone	 [Syntax: DirectoryString]	 Multivalued
20090327-080903 : 	161	otherLoginWorkstations	 [Syntax: DirectoryString]	 Multivalued
20090327-080903 : 	162	otherMailbox	 [Syntax: DirectoryString]	 Multivalued
20090327-080903 : 	163	otherMobile	 [Syntax: DirectoryString]	 Multivalued
20090327-080903 : 	164	otherPager	 [Syntax: DirectoryString]	 Multivalued
20090327-080903 : 	165	otherTelephone	 [Syntax: DirectoryString]	 Multivalued
20090327-080903 : 	166	otherWellKnownObjects	 [Syntax: DNWithBinary]	 Multivalued
20090327-080903 : 	167	ou	 [Syntax: DirectoryString]	 Multivalued
20090327-080903 : 	168	ownerBL	 [Syntax: DN]	 Multivalued
20090327-080903 : 	169	pager	 [Syntax: DirectoryString]	 Single-valued
20090327-080903 : 	170	partialAttributeDeletionList	 [Syntax: OctetString]	 Single-valued
20090327-080903 : 	171	partialAttributeSet	 [Syntax: OctetString]	 Single-valued
20090327-080903 : 	172	personalTitle	 [Syntax: DirectoryString]	 Single-valued
20090327-080903 : 	173	photo	 [Syntax: OctetString]	 Multivalued
20090327-080903 : 	174	physicalDeliveryOfficeName	 [Syntax: DirectoryString]	 Single-valued
20090327-080903 : 	175	possibleInferiors	 [Syntax: OID]	 Multivalued
20090327-080903 : 	176	postalAddress	 [Syntax: DirectoryString]	 Multivalued
20090327-080903 : 	177	postalCode	 [Syntax: DirectoryString]	 Single-valued
20090327-080903 : 	178	postOfficeBox	 [Syntax: DirectoryString]	 Multivalued
20090327-080903 : 	179	preferredDeliveryMethod	 [Syntax: INTEGER]	 Multivalued
20090327-080903 : 	180	preferredLanguage	 [Syntax: DirectoryString]	 Single-valued
20090327-080903 : 	181	preferredOU	 [Syntax: DN]	 Single-valued
20090327-080903 : 	182	primaryGroupID	 [Syntax: INTEGER]	 Single-valued
20090327-080904 : 	183	primaryInternationalISDNNumber	 [Syntax: DirectoryString]	 Single-valued
20090327-080904 : 	184	primaryTelexNumber	 [Syntax: DirectoryString]	 Single-valued
20090327-080904 : 	185	profilePath	 [Syntax: DirectoryString]	 Single-valued
20090327-080904 : 	186	proxiedObjectName	 [Syntax: DNWithBinary]	 Single-valued
20090327-080904 : 	187	proxyAddresses	 [Syntax: DirectoryString]	 Multivalued
20090327-080904 : 	188	pwdLastSet	 [Syntax: INTEGER8]	 Single-valued
20090327-080904 : 	189	queryPolicyBL	 [Syntax: DN]	 Multivalued
20090327-080904 : 	190	registeredAddress	 [Syntax: OctetString]	 Multivalued
20090327-080904 : 	191	replPropertyMetaData	 [Syntax: OctetString]	 Single-valued
20090327-080904 : 	192	replUpToDateVector	 [Syntax: OctetString]	 Single-valued
20090327-080904 : 	193	repsFrom	 [Syntax: OctetString]	 Multivalued
20090327-080904 : 	194	repsTo	 [Syntax: OctetString]	 Multivalued
20090327-080904 : 	195	revision	 [Syntax: INTEGER]	 Single-valued
20090327-080904 : 	196	rid	 [Syntax: INTEGER]	 Single-valued
20090327-080904 : 	197	roomNumber	 [Syntax: DirectoryString]	 Multivalued
20090327-080904 : 	198	sAMAccountType	 [Syntax: INTEGER]	 Single-valued
20090327-080904 : 	199	scriptPath	 [Syntax: DirectoryString]	 Single-valued
20090327-080904 : 	200	sDRightsEffective	 [Syntax: INTEGER]	 Single-valued
20090327-080904 : 	201	secretary	 [Syntax: DN]	 Multivalued
20090327-080904 : 	202	securityIdentifier	 [Syntax: OctetString]	 Single-valued
20090327-080904 : 	203	seeAlso	 [Syntax: DN]	 Multivalued
20090327-080904 : 	204	serialNumber	 [Syntax: PrintableString]	 Multivalued
20090327-080904 : 	205	serverReferenceBL	 [Syntax: DN]	 Multivalued
20090327-080904 : 	206	servicePrincipalName	 [Syntax: DirectoryString]	 Multivalued
20090327-080904 : 	207	showInAddressBook	 [Syntax: DN]	 Multivalued
20090327-080904 : 	208	showInAdvancedViewOnly	 [Syntax: Boolean]	 Single-valued
20090327-080904 : 	209	sIDHistory	 [Syntax: OctetString]	 Multivalued
20090327-080904 : 	210	siteObjectBL	 [Syntax: DN]	 Multivalued
20090327-080904 : 	211	sn	 [Syntax: DirectoryString]	 Single-valued
20090327-080904 : 	212	st	 [Syntax: DirectoryString]	 Single-valued
20090327-080904 : 	213	street	 [Syntax: DirectoryString]	 Single-valued
20090327-080904 : 	214	streetAddress	 [Syntax: DirectoryString]	 Single-valued
20090327-080904 : 	215	structuralObjectClass	 [Syntax: OID]	 Multivalued
20090327-080904 : 	216	subRefs	 [Syntax: DN]	 Multivalued
20090327-080904 : 	217	subSchemaSubEntry	 [Syntax: DN]	 Multivalued
20090327-080904 : 	218	supplementalCredentials	 [Syntax: OctetString]	 Multivalued
20090327-080904 : 	219	systemFlags	 [Syntax: INTEGER]	 Single-valued
20090327-080904 : 	220	telephoneNumber	 [Syntax: DirectoryString]	 Single-valued
20090327-080904 : 	221	teletexTerminalIdentifier	 [Syntax: OctetString]	 Multivalued
20090327-080904 : 	222	telexNumber	 [Syntax: OctetString]	 Multivalued
20090327-080905 : 	223	terminalServer	 [Syntax: OctetString]	 Single-valued
20090327-080905 : 	224	textEncodedORAddress	 [Syntax: DirectoryString]	 Single-valued
20090327-080905 : 	225	thumbnailLogo	 [Syntax: OctetString]	 Single-valued
20090327-080905 : 	226	thumbnailPhoto	 [Syntax: OctetString]	 Single-valued
20090327-080905 : 	227	title	 [Syntax: DirectoryString]	 Single-valued
20090327-080905 : 	228	tokenGroups	 [Syntax: OctetString]	 Multivalued
20090327-080905 : 	229	tokenGroupsGlobalAndUniversal	 [Syntax: OctetString]	 Multivalued
20090327-080905 : 	230	tokenGroupsNoGCAcceptable	 [Syntax: OctetString]	 Multivalued
20090327-080905 : 	231	uid	 [Syntax: DirectoryString]	 Multivalued
20090327-080905 : 	232	unicodePwd	 [Syntax: OctetString]	 Single-valued
20090327-080905 : 	233	url	 [Syntax: DirectoryString]	 Multivalued
20090327-080905 : 	234	userAccountControl	 [Syntax: INTEGER]	 Single-valued
20090327-080905 : 	235	userCert	 [Syntax: OctetString]	 Single-valued
20090327-080905 : 	236	userCertificate	 [Syntax: OctetString]	 Multivalued
20090327-080905 : 	237	userParameters	 [Syntax: DirectoryString]	 Single-valued
20090327-080905 : 	238	userPassword	 [Syntax: OctetString]	 Multivalued
20090327-080905 : 	239	userPKCS12	 [Syntax: OctetString]	 Multivalued
20090327-080905 : 	240	userPrincipalName	 [Syntax: DirectoryString]	 Single-valued
20090327-080905 : 	241	userSharedFolder	 [Syntax: DirectoryString]	 Single-valued
20090327-080905 : 	242	userSharedFolderOther	 [Syntax: DirectoryString]	 Multivalued
20090327-080905 : 	243	userSMIMECertificate	 [Syntax: OctetString]	 Multivalued
20090327-080905 : 	244	userWorkstations	 [Syntax: DirectoryString]	 Single-valued
20090327-080905 : 	245	uSNChanged	 [Syntax: INTEGER8]	 Single-valued
20090327-080905 : 	246	uSNCreated	 [Syntax: INTEGER8]	 Single-valued
20090327-080905 : 	247	uSNDSALastObjRemoved	 [Syntax: INTEGER8]	 Single-valued
20090327-080905 : 	248	USNIntersite	 [Syntax: INTEGER]	 Single-valued
20090327-080905 : 	249	uSNLastObjRem	 [Syntax: INTEGER8]	 Single-valued
20090327-080905 : 	250	uSNSource	 [Syntax: INTEGER8]	 Single-valued
20090327-080905 : 	251	wbemPath	 [Syntax: DirectoryString]	 Multivalued
20090327-080905 : 	252	wellKnownObjects	 [Syntax: DNWithBinary]	 Multivalued
20090327-080905 : 	253	whenChanged	 [Syntax: GeneralizedTime]	 Single-valued
20090327-080905 : 	254	whenCreated	 [Syntax: GeneralizedTime]	 Single-valued
20090327-080905 : 	255	wWWHomePage	 [Syntax: DirectoryString]	 Single-valued
20090327-080905 : 	256	x121Address	 [Syntax: NumericString]	 Multivalued
20090327-080905 : 	257	x500uniqueIdentifier	 [Syntax: OctetString]	 Multivalued
