Script start: 16-2-2005 14:53:51
--------------------------------------------------------------------------------
NEDCAR/AD28315	Dekkers A.I.C.M.	Account enabled.	Password=BPR-OE-001
NEDCAR/JV38973	Vankan J.A.G.	Account enabled.	Password=BPR-OE-002
NEDCAR/WM39317	Mulleners W.A.M.	Account enabled.	Password=BPR-OE-003
NEDCAR/PW54822	Wachelder P.C.M.	Account enabled.	Password=BPR-OE-004
NEDCAR/HT56618	Thewissen H.A.M.	Account enabled.	Password=BPR-OE-005
NEDCAR/LM56772	Mertens L.L.M.	Account enabled.	Password=BPR-OE-006
NEDCAR/EH56812	Hul E.J.G.	Account enabled.	Password=BPR-OE-007
NEDCAR/CH56832	Hermans C.J.E.M.	Account enabled.	Password=BPR-OE-008
NEDCAR/PW56846	Werdt v.d. P.M.M.E.	Account enabled.	Password=BPR-OE-009
NEDCAR/RW57198	Wouters R.A.A.	Account enabled.	Password=BPR-OE-010
NEDCAR/EH57551	Hamers-Silkens E.M.A.J.	Account enabled.	Password=BPR-OE-011
NEDCAR/PM58282	Maubach P.W.C.	Account enabled.	Password=BPR-OE-012
NEDCAR/GK58593	Koning G.B.	Account enabled.	Password=BPR-OE-013
NEDCAR/MO58848	Offermans M.A.	Account enabled.	Password=BPR-OE-014
NEDCAR/PK59154	Kock de P.L.A.	Account enabled.	Password=BPR-OE-015
NEDCAR/GJ59201	Jansen G.M.M.G.	Account enabled.	Password=BPR-OE-016
NEDCAR/RJ59317	Jongen R.H.J.	Account enabled.	Password=BPR-OE-017
NEDCAR/RV59359	Vermeule R.L.A.	Account enabled.	Password=BPR-OE-018
NEDCAR/YA59651	Aarts Y.M.M.	Account enabled.	Password=BPR-OE-019
NEDCAR/MR59826	Raats M.A.L.	Account enabled.	Password=BPR-OE-020
NEDCAR/AH72924	Hendriks A.B.J.	Account enabled.	Password=BPR-OE-021
NEDCAR/MS73072	Simonis-Groenewegen M.J.B.	Account enabled.	Password=BPR-OE-022
NEDCAR/TR73108	Reek v.d. M.P.M.	Account enabled.	Password=BPR-OE-023
NEDCAR/HS73380	Sieuwerts J.	Account enabled.	Password=BPR-OE-024
NEDCAR/JJ75663	Jacobs J.C.W.	Account enabled.	Password=BPR-OE-025
NEDCAR/LH76459	Honings L.G.J.	Account enabled.	Password=BPR-OE-026
NEDCAR/AV76636	Vandewall A.H.G.	Account enabled.	Password=BPR-OE-027
NEDCAR/JV76950	Vossen J.J.H.	Account enabled.	Password=BPR-OE-028
NEDCAR/MM77152	Moerel M.L.G.	Account enabled.	Password=BPR-OE-029
NEDCAR/HW77179	Wouters J.A.M.	Account enabled.	Password=BPR-OE-030
NEDCAR/JP77393	Houben-Pulles J.M.T.	Account enabled.	Password=BPR-OE-031
NEDCAR/RC77975	Crompvoets R.E.	Account enabled.	Password=BPR-OE-032
NEDCAR/TP78110	Pol T.M.	Account enabled.	Password=BPR-OE-033
NEDCAR/TB78582	Ummels-Berg van de G.T.M.	Account enabled.	Password=BPR-OE-034
NEDCAR/LD78786	Damen L.M.	Account enabled.	Password=BPR-OE-035
NEDCAR/HJ78963	Jansen H.A.J.	Account enabled.	Password=BPR-OE-036
NEDCAR/RS79281	Schroijen R.J.H.M.	Account enabled.	Password=BPR-OE-037
NEDCAR/AP79310	Pinckaers A.N.M.	Account enabled.	Password=BPR-OE-038
NEDCAR/PS79317	Swinnen P.E.	Account enabled.	Password=BPR-OE-039
NEDCAR/RS79454	Seubers R.H.H.	Account enabled.	Password=BPR-OE-040
NEDCAR/AH79632	Huntjens J.T.M.	Account enabled.	Password=BPR-OE-041
NEDCAR/HD79861	Dongen van H.W.M.	Account enabled.	Password=BPR-OE-042
NEDCAR/PM80191	Meijs P.M.P.	Account enabled.	Password=BPR-OE-043
NEDCAR/RR80408	Rennenberg R.J.G.	Account enabled.	Password=BPR-OE-044
NEDCAR/GT80477	Tummers G.W.J.M.	Account enabled.	Password=BPR-OE-045
NEDCAR/PA80503	Aalst van P.	Account enabled.	Password=BPR-OE-046
NEDCAR/LE80509	Eymael L.M.H.	Account enabled.	Password=BPR-OE-047
NEDCAR/CC80762	Cuppens C.	Account enabled.	Password=BPR-OE-048
NEDCAR/RT80764	Temme R.J.F.	Account enabled.	Password=BPR-OE-049
NEDCAR/LM80782	Mulders L.J.J.	Account enabled.	Password=BPR-OE-050
NEDCAR/BK80793	Kaasschieter B.A.	Account enabled.	Password=BPR-OE-051
NEDCAR/EW80852	Winters S.H.A.	Account enabled.	Password=BPR-OE-052
NEDCAR/AR80892	Reuneker A.	Account enabled.	Password=BPR-OE-053
NEDCAR/MM80895	Muris M.J.H.G.	Account enabled.	Password=BPR-OE-054
NEDCAR/RS80986	Schols R.J.M.	Account enabled.	Password=BPR-OE-055
NEDCAR/JH81110	Holsgens J.C.C.S.	Account enabled.	Password=BPR-OE-056
NEDCAR/OH81249	Hanssen O.A.S.	Account enabled.	Password=BPR-OE-057
NEDCAR/ER81459	Rogge E.A.B.	Account enabled.	Password=BPR-OE-058
NEDCAR/PB81707	Blattler P.J.	Account enabled.	Password=BPR-OE-059
NEDCAR/CM82032	Mevis C.J.H.	Account enabled.	Password=BPR-OE-060
NEDCAR/PK82159	Kleuters P.H.E.J.	Account enabled.	Password=BPR-OE-061
NEDCAR/JS82554	Schepers J.C.A.	Account enabled.	Password=BPR-OE-062
NEDCAR/WH83023	Hamers W.M.E.	Account enabled.	Password=BPR-OE-063
NEDCAR/WW83501	Wiersma W.	Account enabled.	Password=BPR-OE-064
NEDCAR/JB90124	Buma J.G.C.	Account enabled.	Password=BPR-OE-065
NEDCAR/ED90148	Dooren E.P.H.M.	Account enabled.	Password=BPR-OE-066
NEDCAR/TZ56786	Zee v.d. T.	Account enabled.	Password=BPR-OE-067
NEDCAR/RH83022	Haenen R.L.C.	Account enabled.	Password=BPR-OE-068
--------------------------------------------------------------------------------
Script end: 16-2-2005 14:54:10
